mode: set
sandboxd-o/cmd/orchestrator/main.go:26.13,28.16 2 0
sandboxd-o/cmd/orchestrator/main.go:28.16,32.3 3 0
sandboxd-o/cmd/orchestrator/main.go:34.2,38.16 2 0
sandboxd-o/cmd/orchestrator/main.go:38.16,42.3 3 0
sandboxd-o/cmd/orchestrator/main.go:43.2,50.16 6 0
sandboxd-o/cmd/orchestrator/main.go:50.16,53.3 2 0
sandboxd-o/cmd/orchestrator/main.go:54.2,59.48 4 0
sandboxd-o/cmd/orchestrator/main.go:59.48,62.3 2 0
sandboxd-o/cmd/orchestrator/main.go:63.2,78.12 7 0
sandboxd-o/cmd/orchestrator/main.go:78.12,79.80 1 0
sandboxd-o/cmd/orchestrator/main.go:79.80,82.4 2 0
sandboxd-o/cmd/orchestrator/main.go:85.2,88.31 4 0
sandboxd-o/cmd/orchestrator/main.go:91.43,92.32 1 0
sandboxd-o/cmd/orchestrator/main.go:92.32,94.3 1 0
sandboxd-o/cmd/orchestrator/main.go:96.2,96.10 1 0
sandboxd-o/cmd/sandboxd/main.go:28.13,35.16 3 0
sandboxd-o/cmd/sandboxd/main.go:35.16,39.3 3 0
sandboxd-o/cmd/sandboxd/main.go:40.2,50.55 8 0
sandboxd-o/cmd/sandboxd/main.go:50.55,52.3 1 0
sandboxd-o/cmd/sandboxd/main.go:54.2,54.49 1 0
sandboxd-o/cmd/sandboxd/main.go:54.49,56.3 1 0
sandboxd-o/cmd/sandboxd/main.go:58.2,58.57 1 0
sandboxd-o/cmd/sandboxd/main.go:58.57,60.3 1 0
sandboxd-o/cmd/sandboxd/main.go:62.2,62.52 1 0
sandboxd-o/cmd/sandboxd/main.go:62.52,64.3 1 0
sandboxd-o/cmd/sandboxd/main.go:66.2,67.16 2 0
sandboxd-o/cmd/sandboxd/main.go:67.16,70.3 2 0
sandboxd-o/cmd/sandboxd/main.go:72.2,77.42 5 0
sandboxd-o/cmd/sandboxd/main.go:77.42,79.3 1 0
sandboxd-o/cmd/sandboxd/main.go:81.2,82.12 2 0
sandboxd-o/cmd/sandboxd/main.go:82.12,88.3 4 0
sandboxd-o/cmd/sandboxd/main.go:90.2,90.76 1 0
sandboxd-o/cmd/sandboxd/main.go:90.76,93.3 2 0
sandboxd-o/cmd/sandboxd/main.go:96.43,97.32 1 0
sandboxd-o/cmd/sandboxd/main.go:97.32,99.3 1 0
sandboxd-o/cmd/sandboxd/main.go:101.2,101.10 1 0
sandboxd-o/orchestrator/cache/resource_cache.go:21.40,23.2 1 1
sandboxd-o/orchestrator/cache/resource_cache.go:25.74,32.2 5 1
sandboxd-o/orchestrator/cache/resource_cache.go:34.91,43.2 7 1
sandboxd-o/orchestrator/cache/resource_cache.go:45.45,49.2 3 1
sandboxd-o/orchestrator/cache/resource_cache.go:51.102,55.39 4 1
sandboxd-o/orchestrator/cache/resource_cache.go:55.39,57.3 1 1
sandboxd-o/orchestrator/cache/resource_cache.go:59.2,60.42 2 1
sandboxd-o/orchestrator/cache/resource_cache.go:60.42,62.3 1 0
sandboxd-o/orchestrator/cache/resource_cache.go:64.2,64.14 1 1
sandboxd-o/orchestrator/cache/resource_cache.go:64.14,66.3 1 1
sandboxd-o/orchestrator/cache/resource_cache.go:68.2,68.41 1 1
sandboxd-o/orchestrator/cache/resource_cache.go:68.41,70.3 1 1
sandboxd-o/orchestrator/cache/resource_cache.go:72.2,72.13 1 1
sandboxd-o/orchestrator/cache/resource_cache.go:75.51,85.2 1 1
sandboxd-o/orchestrator/client/client.go:14.57,19.2 1 1
sandboxd-o/orchestrator/client/do.go:13.97,15.17 2 1
sandboxd-o/orchestrator/client/do.go:15.17,17.17 2 1
sandboxd-o/orchestrator/client/do.go:17.17,19.4 1 0
sandboxd-o/orchestrator/client/do.go:20.3,20.32 1 1
sandboxd-o/orchestrator/client/do.go:23.2,24.16 2 1
sandboxd-o/orchestrator/client/do.go:24.16,26.3 1 0
sandboxd-o/orchestrator/client/do.go:28.2,28.17 1 1
sandboxd-o/orchestrator/client/do.go:28.17,30.3 1 1
sandboxd-o/orchestrator/client/do.go:32.2,33.16 2 1
sandboxd-o/orchestrator/client/do.go:33.16,35.3 1 0
sandboxd-o/orchestrator/client/do.go:36.2,39.28 3 1
sandboxd-o/orchestrator/client/do.go:39.28,41.16 2 1
sandboxd-o/orchestrator/client/do.go:41.16,43.4 1 1
sandboxd-o/orchestrator/client/do.go:45.3,45.73 1 1
sandboxd-o/orchestrator/client/do.go:48.2,48.19 1 1
sandboxd-o/orchestrator/client/do.go:48.19,50.3 1 0
sandboxd-o/orchestrator/client/do.go:52.2,53.50 2 1
sandboxd-o/orchestrator/client/do.go:53.50,55.3 1 1
sandboxd-o/orchestrator/client/do.go:57.2,57.17 1 1
sandboxd-o/orchestrator/client/nodes.go:17.53,19.16 2 1
sandboxd-o/orchestrator/client/nodes.go:19.16,21.3 1 0
sandboxd-o/orchestrator/client/nodes.go:23.2,23.37 1 1
sandboxd-o/orchestrator/client/nodes.go:23.37,24.38 1 1
sandboxd-o/orchestrator/client/nodes.go:24.38,26.4 1 1
sandboxd-o/orchestrator/client/nodes.go:29.2,29.37 1 0
sandboxd-o/orchestrator/client/nodes.go:32.70,34.16 2 1
sandboxd-o/orchestrator/client/nodes.go:34.16,36.3 1 0
sandboxd-o/orchestrator/client/nodes.go:38.2,39.16 2 1
sandboxd-o/orchestrator/client/nodes.go:39.16,41.3 1 0
sandboxd-o/orchestrator/client/nodes.go:43.2,44.47 2 1
sandboxd-o/orchestrator/client/nodes.go:44.47,46.3 1 0
sandboxd-o/orchestrator/client/nodes.go:48.2,48.12 1 1
sandboxd-o/orchestrator/client/nodes.go:48.12,50.3 1 0
sandboxd-o/orchestrator/client/nodes.go:52.2,52.16 1 1
sandboxd-o/orchestrator/client/sandboxes.go:12.73,14.2 1 1
sandboxd-o/orchestrator/client/sandboxes.go:16.103,18.18 2 1
sandboxd-o/orchestrator/client/sandboxes.go:18.18,20.3 1 1
sandboxd-o/orchestrator/client/sandboxes.go:22.2,22.15 1 1
sandboxd-o/orchestrator/client/sandboxes.go:22.15,24.3 1 1
sandboxd-o/orchestrator/client/sandboxes.go:26.2,27.32 2 1
sandboxd-o/orchestrator/client/sandboxes.go:27.32,29.3 1 1
sandboxd-o/orchestrator/client/sandboxes.go:31.2,31.45 1 1
sandboxd-o/orchestrator/client/sandboxes.go:34.85,36.2 1 1
sandboxd-o/orchestrator/client/sandboxes.go:38.109,40.2 1 1
sandboxd-o/orchestrator/client/sandboxes.go:42.88,44.2 1 1
sandboxd-o/orchestrator/client/sandboxes.go:46.132,48.18 2 1
sandboxd-o/orchestrator/client/sandboxes.go:48.18,50.3 1 1
sandboxd-o/orchestrator/client/sandboxes.go:52.2,52.15 1 1
sandboxd-o/orchestrator/client/sandboxes.go:52.15,54.3 1 1
sandboxd-o/orchestrator/client/sandboxes.go:56.2,57.32 2 1
sandboxd-o/orchestrator/client/sandboxes.go:57.32,59.3 1 1
sandboxd-o/orchestrator/client/sandboxes.go:61.2,61.45 1 1
sandboxd-o/orchestrator/config/config.go:64.29,69.16 4 1
sandboxd-o/orchestrator/config/config.go:69.16,71.3 1 0
sandboxd-o/orchestrator/config/config.go:73.2,74.16 2 1
sandboxd-o/orchestrator/config/config.go:74.16,76.3 1 1
sandboxd-o/orchestrator/config/config.go:78.2,78.16 1 1
sandboxd-o/orchestrator/config/config.go:78.16,80.3 1 0
sandboxd-o/orchestrator/config/config.go:82.2,106.35 2 1
sandboxd-o/orchestrator/config/config.go:106.35,108.3 1 0
sandboxd-o/orchestrator/config/config.go:110.2,110.38 1 1
sandboxd-o/orchestrator/config/config.go:110.38,112.3 1 0
sandboxd-o/orchestrator/config/config.go:114.2,114.34 1 1
sandboxd-o/orchestrator/config/config.go:114.34,116.3 1 0
sandboxd-o/orchestrator/config/config.go:118.2,118.35 1 1
sandboxd-o/orchestrator/config/config.go:118.35,120.3 1 0
sandboxd-o/orchestrator/config/config.go:122.2,122.36 1 1
sandboxd-o/orchestrator/config/config.go:122.36,124.3 1 0
sandboxd-o/orchestrator/config/config.go:126.2,126.36 1 1
sandboxd-o/orchestrator/config/config.go:126.36,128.3 1 0
sandboxd-o/orchestrator/config/config.go:130.2,130.32 1 1
sandboxd-o/orchestrator/config/config.go:130.32,132.3 1 0
sandboxd-o/orchestrator/config/config.go:134.2,134.32 1 1
sandboxd-o/orchestrator/config/config.go:134.32,136.3 1 0
sandboxd-o/orchestrator/config/config.go:138.2,138.31 1 1
sandboxd-o/orchestrator/config/config.go:138.31,140.3 1 0
sandboxd-o/orchestrator/config/config.go:142.2,142.25 1 1
sandboxd-o/orchestrator/config/config.go:142.25,144.3 1 0
sandboxd-o/orchestrator/config/config.go:146.2,146.39 1 1
sandboxd-o/orchestrator/config/config.go:146.39,148.3 1 0
sandboxd-o/orchestrator/config/config.go:150.2,150.24 1 1
sandboxd-o/orchestrator/config/config.go:150.24,152.3 1 0
sandboxd-o/orchestrator/config/config.go:154.2,154.25 1 1
sandboxd-o/orchestrator/config/config.go:154.25,156.3 1 0
sandboxd-o/orchestrator/config/config.go:158.2,158.34 1 1
sandboxd-o/orchestrator/config/config.go:158.34,160.30 2 1
sandboxd-o/orchestrator/config/config.go:160.30,161.50 1 1
sandboxd-o/orchestrator/config/config.go:161.50,163.5 1 0
sandboxd-o/orchestrator/config/config.go:167.2,167.17 1 1
sandboxd-o/orchestrator/config/config.go:170.64,173.16 3 1
sandboxd-o/orchestrator/config/config.go:173.16,174.25 1 1
sandboxd-o/orchestrator/config/config.go:174.25,176.4 1 1
sandboxd-o/orchestrator/config/config.go:178.3,178.61 1 0
sandboxd-o/orchestrator/config/config.go:181.2,181.48 1 1
sandboxd-o/orchestrator/config/config.go:181.48,183.3 1 1
sandboxd-o/orchestrator/config/config.go:185.2,185.15 1 1
sandboxd-o/orchestrator/docs/orchestrator_docs.go:1167.13,1169.2 1 0
sandboxd-o/orchestrator/http/router.go:16.93,29.2 9 1
sandboxd-o/orchestrator/http/router.go:29.2,47.3 15 1
sandboxd-o/orchestrator/http/router.go:49.2,49.10 1 1
sandboxd-o/orchestrator/http/handlers/handler.go:24.60,26.14 2 1
sandboxd-o/orchestrator/http/handlers/handler.go:26.14,28.3 1 1
sandboxd-o/orchestrator/http/handlers/handler.go:30.2,31.15 2 1
sandboxd-o/orchestrator/http/handlers/handler.go:31.15,33.3 1 1
sandboxd-o/orchestrator/http/handlers/handler.go:35.2,38.3 1 1
sandboxd-o/orchestrator/http/handlers/handler.go:48.43,50.2 1 1
sandboxd-o/orchestrator/http/handlers/handler.go:63.48,65.47 2 1
sandboxd-o/orchestrator/http/handlers/handler.go:65.47,68.3 2 0
sandboxd-o/orchestrator/http/handlers/handler.go:70.2,71.16 2 1
sandboxd-o/orchestrator/http/handlers/handler.go:71.16,72.46 1 1
sandboxd-o/orchestrator/http/handlers/handler.go:72.46,75.4 2 1
sandboxd-o/orchestrator/http/handlers/handler.go:77.3,78.9 2 0
sandboxd-o/orchestrator/http/handlers/handler.go:81.2,81.46 1 1
sandboxd-o/orchestrator/http/handlers/handler.go:92.45,94.16 2 1
sandboxd-o/orchestrator/http/handlers/handler.go:94.16,97.3 2 0
sandboxd-o/orchestrator/http/handlers/handler.go:99.2,99.52 1 1
sandboxd-o/orchestrator/http/handlers/handler.go:112.43,114.16 2 1
sandboxd-o/orchestrator/http/handlers/handler.go:114.16,115.36 1 1
sandboxd-o/orchestrator/http/handlers/handler.go:115.36,118.4 2 1
sandboxd-o/orchestrator/http/handlers/handler.go:120.3,121.9 2 0
sandboxd-o/orchestrator/http/handlers/handler.go:124.2,124.46 1 1
sandboxd-o/orchestrator/http/handlers/handler.go:137.46,138.79 1 1
sandboxd-o/orchestrator/http/handlers/handler.go:138.79,139.46 1 1
sandboxd-o/orchestrator/http/handlers/handler.go:139.46,142.4 2 1
sandboxd-o/orchestrator/http/handlers/handler.go:144.3,145.9 2 0
sandboxd-o/orchestrator/http/handlers/handler.go:148.2,148.69 1 1
sandboxd-o/orchestrator/http/handlers/handler.go:161.49,163.16 2 1
sandboxd-o/orchestrator/http/handlers/handler.go:163.16,164.36 1 0
sandboxd-o/orchestrator/http/handlers/handler.go:164.36,167.4 2 0
sandboxd-o/orchestrator/http/handlers/handler.go:169.3,170.9 2 0
sandboxd-o/orchestrator/http/handlers/handler.go:173.2,176.18 4 1
sandboxd-o/orchestrator/http/handlers/handler.go:176.18,178.3 1 0
sandboxd-o/orchestrator/http/handlers/handler.go:180.2,181.18 2 1
sandboxd-o/orchestrator/http/handlers/handler.go:181.18,183.3 1 1
sandboxd-o/orchestrator/http/handlers/handler.go:185.2,191.4 1 1
sandboxd-o/orchestrator/http/handlers/handler.go:206.53,208.16 2 1
sandboxd-o/orchestrator/http/handlers/handler.go:208.16,211.3 2 0
sandboxd-o/orchestrator/http/handlers/handler.go:213.2,215.27 3 1
sandboxd-o/orchestrator/http/handlers/handler.go:229.50,231.16 2 1
sandboxd-o/orchestrator/http/handlers/handler.go:231.16,234.3 2 0
sandboxd-o/orchestrator/http/handlers/handler.go:236.2,237.27 2 1
sandboxd-o/orchestrator/http/handlers/handler.go:253.53,255.16 2 1
sandboxd-o/orchestrator/http/handlers/handler.go:255.16,258.3 2 0
sandboxd-o/orchestrator/http/handlers/handler.go:260.2,261.47 2 1
sandboxd-o/orchestrator/http/handlers/handler.go:261.47,264.3 2 1
sandboxd-o/orchestrator/http/handlers/handler.go:266.2,267.27 2 1
sandboxd-o/orchestrator/http/handlers/handler.go:281.53,283.16 2 1
sandboxd-o/orchestrator/http/handlers/handler.go:283.16,286.3 2 0
sandboxd-o/orchestrator/http/handlers/handler.go:288.2,289.27 2 1
sandboxd-o/orchestrator/http/handlers/handler.go:306.53,308.16 2 1
sandboxd-o/orchestrator/http/handlers/handler.go:308.16,311.3 2 0
sandboxd-o/orchestrator/http/handlers/handler.go:313.2,315.27 3 1
sandboxd-o/orchestrator/http/handlers/handler.go:328.49,330.16 2 1
sandboxd-o/orchestrator/http/handlers/handler.go:330.16,333.3 2 0
sandboxd-o/orchestrator/http/handlers/handler.go:335.2,336.27 2 1
sandboxd-o/orchestrator/http/handlers/handler.go:351.49,352.56 1 1
sandboxd-o/orchestrator/http/handlers/handler.go:352.56,355.3 2 1
sandboxd-o/orchestrator/http/handlers/handler.go:357.2,358.47 2 1
sandboxd-o/orchestrator/http/handlers/handler.go:358.47,361.3 2 0
sandboxd-o/orchestrator/http/handlers/handler.go:363.2,364.16 2 1
sandboxd-o/orchestrator/http/handlers/handler.go:364.16,365.46 1 1
sandboxd-o/orchestrator/http/handlers/handler.go:365.46,368.4 2 1
sandboxd-o/orchestrator/http/handlers/handler.go:370.3,371.9 2 0
sandboxd-o/orchestrator/http/handlers/handler.go:374.2,374.65 1 1
sandboxd-o/orchestrator/http/handlers/handler.go:385.49,387.16 2 1
sandboxd-o/orchestrator/http/handlers/handler.go:387.16,390.3 2 0
sandboxd-o/orchestrator/http/handlers/handler.go:392.2,392.59 1 1
sandboxd-o/orchestrator/http/handlers/handler.go:405.46,407.16 2 1
sandboxd-o/orchestrator/http/handlers/handler.go:407.16,408.36 1 0
sandboxd-o/orchestrator/http/handlers/handler.go:408.36,411.4 2 0
sandboxd-o/orchestrator/http/handlers/handler.go:413.3,414.9 2 0
sandboxd-o/orchestrator/http/handlers/handler.go:417.2,417.60 1 1
sandboxd-o/orchestrator/http/handlers/handler.go:431.49,432.80 1 1
sandboxd-o/orchestrator/http/handlers/handler.go:432.80,433.46 1 0
sandboxd-o/orchestrator/http/handlers/handler.go:433.46,436.4 2 0
sandboxd-o/orchestrator/http/handlers/handler.go:438.3,438.36 1 0
sandboxd-o/orchestrator/http/handlers/handler.go:438.36,441.4 2 0
sandboxd-o/orchestrator/http/handlers/handler.go:443.3,444.9 2 0
sandboxd-o/orchestrator/http/handlers/handler.go:447.2,447.89 1 1
sandboxd-o/orchestrator/http/handlers/handler.go:450.48,451.35 1 1
sandboxd-o/orchestrator/http/handlers/handler.go:451.35,454.3 2 1
sandboxd-o/orchestrator/http/handlers/handler.go:456.2,456.75 1 1
sandboxd-o/orchestrator/http/handlers/handler.go:459.66,460.16 1 1
sandboxd-o/orchestrator/http/handlers/handler.go:460.16,463.3 2 1
sandboxd-o/orchestrator/http/handlers/handler.go:465.2,465.28 1 1
sandboxd-o/orchestrator/http/handlers/handler.go:468.34,469.16 1 1
sandboxd-o/orchestrator/http/handlers/handler.go:469.16,471.3 1 1
sandboxd-o/orchestrator/http/handlers/handler.go:473.2,473.20 1 1
sandboxd-o/orchestrator/repo/node_repo.go:31.54,32.38 1 1
sandboxd-o/orchestrator/repo/node_repo.go:32.38,33.42 1 1
sandboxd-o/orchestrator/repo/node_repo.go:33.42,34.26 1 1
sandboxd-o/orchestrator/repo/node_repo.go:34.26,35.59 1 1
sandboxd-o/orchestrator/repo/node_repo.go:35.59,36.56 1 1
sandboxd-o/orchestrator/repo/node_repo.go:36.56,38.7 1 0
sandboxd-o/orchestrator/repo/node_repo.go:41.5,42.25 2 1
sandboxd-o/orchestrator/repo/node_repo.go:42.25,44.6 1 0
sandboxd-o/orchestrator/repo/node_repo.go:45.5,46.87 2 1
sandboxd-o/orchestrator/repo/node_repo.go:47.10,49.5 1 0
sandboxd-o/orchestrator/repo/node_repo.go:53.2,54.16 2 1
sandboxd-o/orchestrator/repo/node_repo.go:54.16,56.3 1 0
sandboxd-o/orchestrator/repo/node_repo.go:58.2,60.64 3 1
sandboxd-o/orchestrator/repo/node_repo.go:60.64,63.3 2 0
sandboxd-o/orchestrator/repo/node_repo.go:64.2,64.36 1 1
sandboxd-o/orchestrator/repo/node_repo.go:64.36,67.3 2 0
sandboxd-o/orchestrator/repo/node_repo.go:69.2,69.37 1 1
sandboxd-o/orchestrator/repo/node_repo.go:72.40,73.29 1 1
sandboxd-o/orchestrator/repo/node_repo.go:73.29,75.3 1 0
sandboxd-o/orchestrator/repo/node_repo.go:77.2,77.21 1 1
sandboxd-o/orchestrator/repo/node_repo.go:80.32,139.43 6 1
sandboxd-o/orchestrator/repo/node_repo.go:139.43,141.3 1 0
sandboxd-o/orchestrator/repo/node_repo.go:142.2,142.44 1 1
sandboxd-o/orchestrator/repo/node_repo.go:142.44,144.3 1 0
sandboxd-o/orchestrator/repo/node_repo.go:145.2,145.47 1 1
sandboxd-o/orchestrator/repo/node_repo.go:145.47,147.3 1 0
sandboxd-o/orchestrator/repo/node_repo.go:148.2,148.47 1 1
sandboxd-o/orchestrator/repo/node_repo.go:148.47,150.3 1 0
sandboxd-o/orchestrator/repo/node_repo.go:151.2,151.50 1 1
sandboxd-o/orchestrator/repo/node_repo.go:151.50,153.3 1 0
sandboxd-o/orchestrator/repo/node_repo.go:155.2,155.12 1 1
sandboxd-o/orchestrator/repo/node_repo.go:158.106,179.16 6 1
sandboxd-o/orchestrator/repo/node_repo.go:179.16,181.3 1 0
sandboxd-o/orchestrator/repo/node_repo.go:182.2,182.101 1 1
sandboxd-o/orchestrator/repo/node_repo.go:182.101,184.3 1 0
sandboxd-o/orchestrator/repo/node_repo.go:185.2,186.12 2 1
sandboxd-o/orchestrator/repo/node_repo.go:189.77,190.102 1 1
sandboxd-o/orchestrator/repo/node_repo.go:190.102,192.3 1 0
sandboxd-o/orchestrator/repo/node_repo.go:193.2,193.98 1 1
sandboxd-o/orchestrator/repo/node_repo.go:193.98,195.3 1 0
sandboxd-o/orchestrator/repo/node_repo.go:196.2,196.95 1 1
sandboxd-o/orchestrator/repo/node_repo.go:196.95,198.3 1 0
sandboxd-o/orchestrator/repo/node_repo.go:199.2,200.12 2 1
sandboxd-o/orchestrator/repo/node_repo.go:203.89,214.2 2 1
sandboxd-o/orchestrator/repo/node_repo.go:216.79,227.16 3 1
sandboxd-o/orchestrator/repo/node_repo.go:227.16,229.3 1 0
sandboxd-o/orchestrator/repo/node_repo.go:230.2,233.18 3 1
sandboxd-o/orchestrator/repo/node_repo.go:233.18,235.17 2 1
sandboxd-o/orchestrator/repo/node_repo.go:235.17,237.4 1 0
sandboxd-o/orchestrator/repo/node_repo.go:239.3,240.23 2 1
sandboxd-o/orchestrator/repo/node_repo.go:243.2,243.35 1 1
sandboxd-o/orchestrator/repo/node_repo.go:243.35,245.3 1 0
sandboxd-o/orchestrator/repo/node_repo.go:247.2,247.17 1 1
sandboxd-o/orchestrator/repo/node_repo.go:250.176,253.19 3 1
sandboxd-o/orchestrator/repo/node_repo.go:253.19,255.3 1 1
sandboxd-o/orchestrator/repo/node_repo.go:257.2,267.12 3 1
sandboxd-o/orchestrator/repo/node_repo.go:270.111,273.26 3 1
sandboxd-o/orchestrator/repo/node_repo.go:273.26,275.3 1 0
sandboxd-o/orchestrator/repo/node_repo.go:277.2,317.12 3 1
sandboxd-o/orchestrator/repo/node_repo.go:322.46,324.16 2 1
sandboxd-o/orchestrator/repo/node_repo.go:324.16,326.3 1 0
sandboxd-o/orchestrator/repo/node_repo.go:328.2,329.16 2 1
sandboxd-o/orchestrator/repo/node_repo.go:332.50,332.81 1 1
sandboxd-o/orchestrator/repo/node_repo.go:334.52,349.16 6 1
sandboxd-o/orchestrator/repo/node_repo.go:349.16,351.3 1 0
sandboxd-o/orchestrator/repo/node_repo.go:352.2,355.16 3 1
sandboxd-o/orchestrator/repo/node_repo.go:355.16,357.3 1 0
sandboxd-o/orchestrator/repo/node_repo.go:359.2,360.16 2 1
sandboxd-o/orchestrator/repo/node_repo.go:360.16,362.3 1 0
sandboxd-o/orchestrator/repo/node_repo.go:364.2,367.37 3 1
sandboxd-o/orchestrator/repo/node_repo.go:367.37,369.17 2 1
sandboxd-o/orchestrator/repo/node_repo.go:369.17,371.4 1 0
sandboxd-o/orchestrator/repo/node_repo.go:373.3,373.24 1 1
sandboxd-o/orchestrator/repo/node_repo.go:376.2,376.49 1 1
sandboxd-o/orchestrator/repo/node_repo.go:376.49,378.17 2 0
sandboxd-o/orchestrator/repo/node_repo.go:378.17,380.4 1 0
sandboxd-o/orchestrator/repo/node_repo.go:381.3,381.30 1 0
sandboxd-o/orchestrator/repo/node_repo.go:384.2,384.15 1 1
sandboxd-o/orchestrator/repo/sandbox_repo.go:24.86,26.28 2 1
sandboxd-o/orchestrator/repo/sandbox_repo.go:26.28,28.3 1 1
sandboxd-o/orchestrator/repo/sandbox_repo.go:29.2,32.16 3 1
sandboxd-o/orchestrator/repo/sandbox_repo.go:32.16,34.3 1 0
sandboxd-o/orchestrator/repo/sandbox_repo.go:35.2,36.16 2 1
sandboxd-o/orchestrator/repo/sandbox_repo.go:36.16,38.3 1 0
sandboxd-o/orchestrator/repo/sandbox_repo.go:40.2,43.12 3 1
sandboxd-o/orchestrator/repo/sandbox_repo.go:46.93,50.2 3 1
sandboxd-o/orchestrator/repo/sandbox_repo.go:52.86,54.16 2 1
sandboxd-o/orchestrator/repo/sandbox_repo.go:54.16,56.3 1 0
sandboxd-o/orchestrator/repo/sandbox_repo.go:57.2,60.18 3 1
sandboxd-o/orchestrator/repo/sandbox_repo.go:60.18,62.17 2 1
sandboxd-o/orchestrator/repo/sandbox_repo.go:62.17,64.4 1 0
sandboxd-o/orchestrator/repo/sandbox_repo.go:65.3,65.25 1 1
sandboxd-o/orchestrator/repo/sandbox_repo.go:68.2,68.35 1 1
sandboxd-o/orchestrator/repo/sandbox_repo.go:68.35,70.3 1 0
sandboxd-o/orchestrator/repo/sandbox_repo.go:72.2,72.17 1 1
sandboxd-o/orchestrator/repo/sandbox_repo.go:75.108,77.16 2 1
sandboxd-o/orchestrator/repo/sandbox_repo.go:77.16,79.3 1 0
sandboxd-o/orchestrator/repo/sandbox_repo.go:81.2,82.12 2 1
sandboxd-o/orchestrator/repo/sandbox_repo.go:85.78,86.101 1 1
sandboxd-o/orchestrator/repo/sandbox_repo.go:86.101,88.3 1 0
sandboxd-o/orchestrator/repo/sandbox_repo.go:90.2,91.12 2 1
sandboxd-o/orchestrator/repo/sandbox_repo.go:94.145,96.16 2 1
sandboxd-o/orchestrator/repo/sandbox_repo.go:96.16,98.3 1 0
sandboxd-o/orchestrator/repo/sandbox_repo.go:99.2,99.15 1 1
sandboxd-o/orchestrator/repo/sandbox_repo.go:99.15,99.36 1 1
sandboxd-o/orchestrator/repo/sandbox_repo.go:101.2,101.26 1 1
sandboxd-o/orchestrator/repo/sandbox_repo.go:101.26,103.154 2 1
sandboxd-o/orchestrator/repo/sandbox_repo.go:103.154,105.4 1 0
sandboxd-o/orchestrator/repo/sandbox_repo.go:107.3,107.14 1 1
sandboxd-o/orchestrator/repo/sandbox_repo.go:107.14,109.4 1 1
sandboxd-o/orchestrator/repo/sandbox_repo.go:112.2,112.26 1 1
sandboxd-o/orchestrator/repo/sandbox_repo.go:112.26,116.17 1 1
sandboxd-o/orchestrator/repo/sandbox_repo.go:116.17,118.4 1 0
sandboxd-o/orchestrator/repo/sandbox_repo.go:121.2,122.16 2 1
sandboxd-o/orchestrator/repo/sandbox_repo.go:122.16,124.3 1 0
sandboxd-o/orchestrator/repo/sandbox_repo.go:125.2,130.16 5 1
sandboxd-o/orchestrator/repo/sandbox_repo.go:130.16,132.3 1 0
sandboxd-o/orchestrator/repo/sandbox_repo.go:134.2,134.179 1 1
sandboxd-o/orchestrator/repo/sandbox_repo.go:134.179,136.3 1 0
sandboxd-o/orchestrator/repo/sandbox_repo.go:138.2,138.20 1 1
sandboxd-o/orchestrator/repo/sandbox_repo.go:141.91,144.2 2 1
sandboxd-o/orchestrator/repo/sandbox_repo.go:146.108,148.16 2 1
sandboxd-o/orchestrator/repo/sandbox_repo.go:148.16,150.3 1 0
sandboxd-o/orchestrator/repo/sandbox_repo.go:151.2,155.18 3 1
sandboxd-o/orchestrator/repo/sandbox_repo.go:155.18,157.39 2 1
sandboxd-o/orchestrator/repo/sandbox_repo.go:157.39,159.4 1 0
sandboxd-o/orchestrator/repo/sandbox_repo.go:161.3,161.22 1 1
sandboxd-o/orchestrator/repo/sandbox_repo.go:164.2,164.24 1 1
sandboxd-o/orchestrator/repo/sandbox_repo.go:167.107,170.2 2 1
sandboxd-o/orchestrator/repo/sandbox_repo.go:174.63,176.16 2 1
sandboxd-o/orchestrator/repo/sandbox_repo.go:176.16,178.3 1 1
sandboxd-o/orchestrator/repo/sandbox_repo.go:180.2,180.18 1 1
sandboxd-o/orchestrator/repo/sandbox_repo.go:183.61,183.100 1 1
sandboxd-o/orchestrator/repo/sandbox_repo.go:185.70,192.88 2 1
sandboxd-o/orchestrator/repo/sandbox_repo.go:192.88,194.3 1 1
sandboxd-o/orchestrator/repo/sandbox_repo.go:196.2,196.67 1 1
sandboxd-o/orchestrator/repo/sandbox_repo.go:196.67,198.3 1 0
sandboxd-o/orchestrator/repo/sandbox_repo.go:200.2,200.71 1 1
sandboxd-o/orchestrator/repo/sandbox_repo.go:200.71,202.3 1 0
sandboxd-o/orchestrator/repo/sandbox_repo.go:204.2,205.16 2 1
sandboxd-o/orchestrator/repo/sandbox_repo.go:205.16,207.3 1 0
sandboxd-o/orchestrator/repo/sandbox_repo.go:209.2,210.16 2 1
sandboxd-o/orchestrator/repo/sandbox_repo.go:210.16,212.3 1 0
sandboxd-o/orchestrator/repo/sandbox_repo.go:214.2,217.17 3 1
sandboxd-o/orchestrator/service/bootstrap.go:8.61,10.42 2 1
sandboxd-o/orchestrator/service/bootstrap.go:10.42,11.65 1 1
sandboxd-o/orchestrator/service/bootstrap.go:11.65,18.12 2 1
sandboxd-o/orchestrator/service/bootstrap.go:21.3,22.23 2 1
sandboxd-o/orchestrator/service/bootstrap.go:22.23,28.4 1 0
sandboxd-o/orchestrator/service/bootstrap.go:30.3,30.80 1 1
sandboxd-o/orchestrator/service/bootstrap.go:30.80,32.4 1 0
sandboxd-o/orchestrator/service/bootstrap.go:35.2,35.12 1 1
sandboxd-o/orchestrator/service/node_ops.go:15.120,16.70 1 1
sandboxd-o/orchestrator/service/node_ops.go:16.70,18.3 1 0
sandboxd-o/orchestrator/service/node_ops.go:20.2,20.18 1 1
sandboxd-o/orchestrator/service/node_ops.go:20.18,22.3 1 0
sandboxd-o/orchestrator/service/node_ops.go:24.2,24.83 1 1
sandboxd-o/orchestrator/service/node_ops.go:24.83,26.3 1 0
sandboxd-o/orchestrator/service/node_ops.go:28.2,29.16 2 1
sandboxd-o/orchestrator/service/node_ops.go:29.16,31.3 1 0
sandboxd-o/orchestrator/service/node_ops.go:33.2,35.38 3 1
sandboxd-o/orchestrator/service/node_ops.go:38.70,40.16 2 1
sandboxd-o/orchestrator/service/node_ops.go:40.16,42.3 1 1
sandboxd-o/orchestrator/service/node_ops.go:44.2,44.57 1 1
sandboxd-o/orchestrator/service/node_ops.go:44.57,46.3 1 0
sandboxd-o/orchestrator/service/node_ops.go:48.2,48.53 1 1
sandboxd-o/orchestrator/service/node_ops.go:48.53,50.3 1 0
sandboxd-o/orchestrator/service/node_ops.go:52.2,53.12 2 1
sandboxd-o/orchestrator/service/node_ops.go:56.83,57.22 1 1
sandboxd-o/orchestrator/service/node_ops.go:57.22,59.3 1 1
sandboxd-o/orchestrator/service/node_ops.go:61.2,64.16 3 1
sandboxd-o/orchestrator/service/node_ops.go:64.16,66.3 1 0
sandboxd-o/orchestrator/service/node_ops.go:68.2,68.28 1 1
sandboxd-o/orchestrator/service/node_ops.go:68.28,69.38 1 1
sandboxd-o/orchestrator/service/node_ops.go:69.38,70.12 1 0
sandboxd-o/orchestrator/service/node_ops.go:73.3,73.68 1 1
sandboxd-o/orchestrator/service/node_ops.go:73.68,75.4 1 0
sandboxd-o/orchestrator/service/node_ops.go:77.3,77.27 1 1
sandboxd-o/orchestrator/service/node_ops.go:78.35,79.44 1 0
sandboxd-o/orchestrator/service/node_ops.go:80.63,81.21 1 1
sandboxd-o/orchestrator/service/node_ops.go:81.21,83.5 1 1
sandboxd-o/orchestrator/service/node_ops.go:84.4,89.54 6 1
sandboxd-o/orchestrator/service/node_ops.go:93.2,93.19 1 1
sandboxd-o/orchestrator/service/node_ops.go:93.19,95.3 1 1
sandboxd-o/orchestrator/service/node_ops.go:97.2,97.12 1 1
sandboxd-o/orchestrator/service/node_ops.go:100.72,102.2 1 1
sandboxd-o/orchestrator/service/node_ops.go:104.82,106.2 1 1
sandboxd-o/orchestrator/service/node_ops.go:108.111,110.2 1 1
sandboxd-o/orchestrator/service/node_ops.go:112.113,114.2 1 1
sandboxd-o/orchestrator/service/node_ops.go:116.134,118.16 2 1
sandboxd-o/orchestrator/service/node_ops.go:118.16,120.3 1 1
sandboxd-o/orchestrator/service/node_ops.go:122.2,123.18 2 1
sandboxd-o/orchestrator/service/node_ops.go:126.64,136.16 8 1
sandboxd-o/orchestrator/service/node_ops.go:136.16,138.55 2 1
sandboxd-o/orchestrator/service/node_ops.go:138.55,140.4 1 1
sandboxd-o/orchestrator/service/node_ops.go:142.3,144.94 3 1
sandboxd-o/orchestrator/service/node_ops.go:144.94,146.4 1 1
sandboxd-o/orchestrator/service/node_ops.go:147.8,151.59 4 1
sandboxd-o/orchestrator/service/node_ops.go:151.59,153.4 1 1
sandboxd-o/orchestrator/service/node_ops.go:156.2,156.22 1 1
sandboxd-o/orchestrator/service/node_ops.go:156.22,158.3 1 1
sandboxd-o/orchestrator/service/node_ops.go:160.2,160.148 1 1
sandboxd-o/orchestrator/service/node_ops.go:160.148,162.3 1 0
sandboxd-o/orchestrator/service/node_ops.go:165.72,171.16 5 1
sandboxd-o/orchestrator/service/node_ops.go:171.16,174.3 2 1
sandboxd-o/orchestrator/service/node_ops.go:176.2,179.103 4 1
sandboxd-o/orchestrator/service/node_ops.go:179.103,181.3 1 1
sandboxd-o/orchestrator/service/node_ops.go:183.2,183.69 1 1
sandboxd-o/orchestrator/service/node_ops.go:183.69,186.3 2 0
sandboxd-o/orchestrator/service/node_ops.go:188.2,188.45 1 1
sandboxd-o/orchestrator/service/node_ops.go:191.59,192.12 1 1
sandboxd-o/orchestrator/service/node_ops.go:192.12,195.7 3 1
sandboxd-o/orchestrator/service/node_ops.go:195.7,196.11 1 1
sandboxd-o/orchestrator/service/node_ops.go:197.22,198.11 1 1
sandboxd-o/orchestrator/service/node_ops.go:199.15,200.28 1 1
sandboxd-o/orchestrator/service/node_ops.go:206.62,207.12 1 1
sandboxd-o/orchestrator/service/node_ops.go:207.12,210.7 3 1
sandboxd-o/orchestrator/service/node_ops.go:210.7,211.11 1 1
sandboxd-o/orchestrator/service/node_ops.go:212.22,213.11 1 1
sandboxd-o/orchestrator/service/node_ops.go:214.15,215.31 1 1
sandboxd-o/orchestrator/service/node_ops.go:221.57,223.16 2 1
sandboxd-o/orchestrator/service/node_ops.go:223.16,226.3 2 1
sandboxd-o/orchestrator/service/node_ops.go:228.2,228.40 1 1
sandboxd-o/orchestrator/service/node_ops.go:231.60,233.16 2 1
sandboxd-o/orchestrator/service/node_ops.go:233.16,236.3 2 1
sandboxd-o/orchestrator/service/node_ops.go:238.2,238.48 1 1
sandboxd-o/orchestrator/service/node_ops.go:241.110,242.49 1 1
sandboxd-o/orchestrator/service/node_ops.go:242.49,243.27 1 0
sandboxd-o/orchestrator/service/node_ops.go:243.27,245.4 1 0
sandboxd-o/orchestrator/service/node_ops.go:246.3,246.9 1 0
sandboxd-o/orchestrator/service/node_ops.go:249.2,253.26 4 1
sandboxd-o/orchestrator/service/node_ops.go:253.26,256.28 3 1
sandboxd-o/orchestrator/service/node_ops.go:256.28,258.17 2 1
sandboxd-o/orchestrator/service/node_ops.go:258.17,258.26 1 1
sandboxd-o/orchestrator/service/node_ops.go:259.4,259.17 1 1
sandboxd-o/orchestrator/service/node_ops.go:263.2,263.11 1 1
sandboxd-o/orchestrator/service/sandbox_ops.go:19.116,20.51 1 1
sandboxd-o/orchestrator/service/sandbox_ops.go:20.51,22.3 1 1
sandboxd-o/orchestrator/service/sandbox_ops.go:24.2,35.29 3 1
sandboxd-o/orchestrator/service/sandbox_ops.go:35.29,38.3 2 1
sandboxd-o/orchestrator/service/sandbox_ops.go:40.2,40.58 1 1
sandboxd-o/orchestrator/service/sandbox_ops.go:40.58,42.3 1 0
sandboxd-o/orchestrator/service/sandbox_ops.go:44.2,44.42 1 1
sandboxd-o/orchestrator/service/sandbox_ops.go:47.86,49.2 1 1
sandboxd-o/orchestrator/service/sandbox_ops.go:51.79,53.2 1 1
sandboxd-o/orchestrator/service/sandbox_ops.go:55.71,57.14 2 1
sandboxd-o/orchestrator/service/sandbox_ops.go:57.14,59.3 1 0
sandboxd-o/orchestrator/service/sandbox_ops.go:61.2,62.16 2 1
sandboxd-o/orchestrator/service/sandbox_ops.go:62.16,64.3 1 0
sandboxd-o/orchestrator/service/sandbox_ops.go:66.2,66.52 1 1
sandboxd-o/orchestrator/service/sandbox_ops.go:66.52,68.3 1 0
sandboxd-o/orchestrator/service/sandbox_ops.go:70.2,72.75 3 1
sandboxd-o/orchestrator/service/sandbox_ops.go:72.75,74.3 1 0
sandboxd-o/orchestrator/service/sandbox_ops.go:76.2,76.43 1 1
sandboxd-o/orchestrator/service/sandbox_ops.go:79.87,80.31 1 1
sandboxd-o/orchestrator/service/sandbox_ops.go:80.31,82.17 2 1
sandboxd-o/orchestrator/service/sandbox_ops.go:82.17,84.38 1 1
sandboxd-o/orchestrator/service/sandbox_ops.go:84.38,88.5 3 0
sandboxd-o/orchestrator/service/sandbox_ops.go:91.3,91.20 1 1
sandboxd-o/orchestrator/service/sandbox_ops.go:91.20,92.63 1 1
sandboxd-o/orchestrator/service/sandbox_ops.go:92.63,96.5 3 0
sandboxd-o/orchestrator/service/sandbox_ops.go:100.2,100.67 1 1
sandboxd-o/orchestrator/service/sandbox_ops.go:100.67,104.3 3 0
sandboxd-o/orchestrator/service/sandbox_ops.go:106.2,106.45 1 1
sandboxd-o/orchestrator/service/sandbox_ops.go:109.72,110.37 1 1
sandboxd-o/orchestrator/service/sandbox_ops.go:110.37,112.3 1 1
sandboxd-o/orchestrator/service/sandbox_ops.go:114.2,114.35 1 1
sandboxd-o/orchestrator/service/sandbox_ops.go:114.35,116.3 1 0
sandboxd-o/orchestrator/service/sandbox_ops.go:118.2,118.29 1 1
sandboxd-o/orchestrator/service/sandbox_ops.go:118.29,120.3 1 1
sandboxd-o/orchestrator/service/sandbox_ops.go:122.2,122.40 1 1
sandboxd-o/orchestrator/service/sandbox_ops.go:122.40,123.74 1 1
sandboxd-o/orchestrator/service/sandbox_ops.go:123.74,125.4 1 0
sandboxd-o/orchestrator/service/sandbox_ops.go:127.3,127.92 1 1
sandboxd-o/orchestrator/service/sandbox_ops.go:127.92,129.4 1 0
sandboxd-o/orchestrator/service/sandbox_ops.go:131.3,131.58 1 1
sandboxd-o/orchestrator/service/sandbox_ops.go:131.58,133.4 1 1
sandboxd-o/orchestrator/service/sandbox_ops.go:135.3,135.64 1 1
sandboxd-o/orchestrator/service/sandbox_ops.go:135.64,137.4 1 0
sandboxd-o/orchestrator/service/sandbox_ops.go:140.2,140.35 1 1
sandboxd-o/orchestrator/service/sandbox_ops.go:140.35,141.53 1 1
sandboxd-o/orchestrator/service/sandbox_ops.go:141.53,143.4 1 0
sandboxd-o/orchestrator/service/sandbox_ops.go:145.3,145.64 1 1
sandboxd-o/orchestrator/service/sandbox_ops.go:145.64,147.4 1 0
sandboxd-o/orchestrator/service/sandbox_ops.go:149.3,150.18 2 1
sandboxd-o/orchestrator/service/sandbox_ops.go:150.18,151.12 1 1
sandboxd-o/orchestrator/service/sandbox_ops.go:154.3,154.39 1 1
sandboxd-o/orchestrator/service/sandbox_ops.go:154.39,156.4 1 0
sandboxd-o/orchestrator/service/sandbox_ops.go:159.2,159.12 1 1
sandboxd-o/orchestrator/service/sandbox_ops.go:162.57,164.16 2 1
sandboxd-o/orchestrator/service/sandbox_ops.go:164.16,167.3 2 0
sandboxd-o/orchestrator/service/sandbox_ops.go:169.2,169.32 1 1
sandboxd-o/orchestrator/service/sandbox_ops.go:169.32,170.52 1 1
sandboxd-o/orchestrator/service/sandbox_ops.go:170.52,171.12 1 1
sandboxd-o/orchestrator/service/sandbox_ops.go:173.3,173.26 1 1
sandboxd-o/orchestrator/service/sandbox_ops.go:177.71,179.16 2 1
sandboxd-o/orchestrator/service/sandbox_ops.go:179.16,182.3 2 0
sandboxd-o/orchestrator/service/sandbox_ops.go:184.2,185.16 2 1
sandboxd-o/orchestrator/service/sandbox_ops.go:185.16,190.3 4 0
sandboxd-o/orchestrator/service/sandbox_ops.go:192.2,198.26 3 1
sandboxd-o/orchestrator/service/sandbox_ops.go:198.26,199.38 1 1
sandboxd-o/orchestrator/service/sandbox_ops.go:199.38,200.12 1 0
sandboxd-o/orchestrator/service/sandbox_ops.go:203.3,203.87 1 1
sandboxd-o/orchestrator/service/sandbox_ops.go:203.87,204.12 1 0
sandboxd-o/orchestrator/service/sandbox_ops.go:207.3,208.17 2 1
sandboxd-o/orchestrator/service/sandbox_ops.go:208.17,209.12 1 0
sandboxd-o/orchestrator/service/sandbox_ops.go:212.3,213.10 2 1
sandboxd-o/orchestrator/service/sandbox_ops.go:213.10,214.12 1 1
sandboxd-o/orchestrator/service/sandbox_ops.go:217.3,217.58 1 1
sandboxd-o/orchestrator/service/sandbox_ops.go:220.2,220.21 1 1
sandboxd-o/orchestrator/service/sandbox_ops.go:220.21,225.3 4 1
sandboxd-o/orchestrator/service/sandbox_ops.go:227.2,227.40 1 1
sandboxd-o/orchestrator/service/sandbox_ops.go:227.40,230.17 3 1
sandboxd-o/orchestrator/service/sandbox_ops.go:230.17,232.4 1 0
sandboxd-o/orchestrator/service/sandbox_ops.go:234.3,234.19 1 1
sandboxd-o/orchestrator/service/sandbox_ops.go:236.2,238.110 2 1
sandboxd-o/orchestrator/service/sandbox_ops.go:238.110,243.3 4 0
sandboxd-o/orchestrator/service/sandbox_ops.go:245.2,246.16 2 1
sandboxd-o/orchestrator/service/sandbox_ops.go:246.16,249.3 2 0
sandboxd-o/orchestrator/service/sandbox_ops.go:251.2,251.59 1 1
sandboxd-o/orchestrator/service/sandbox_ops.go:251.59,255.76 4 0
sandboxd-o/orchestrator/service/sandbox_ops.go:255.76,257.4 1 0
sandboxd-o/orchestrator/service/sandbox_ops.go:258.3,258.9 1 0
sandboxd-o/orchestrator/service/sandbox_ops.go:261.2,263.64 3 1
sandboxd-o/orchestrator/service/sandbox_ops.go:266.85,268.16 2 1
sandboxd-o/orchestrator/service/sandbox_ops.go:268.16,270.3 1 0
sandboxd-o/orchestrator/service/sandbox_ops.go:272.2,273.45 2 1
sandboxd-o/orchestrator/service/sandbox_ops.go:273.45,275.3 1 1
sandboxd-o/orchestrator/service/sandbox_ops.go:277.2,277.40 1 1
sandboxd-o/orchestrator/service/sandbox_ops.go:277.40,286.3 1 1
sandboxd-o/orchestrator/service/sandbox_ops.go:288.2,289.12 2 1
sandboxd-o/orchestrator/service/sandbox_ops.go:292.75,295.36 3 1
sandboxd-o/orchestrator/service/sandbox_ops.go:295.36,297.17 2 1
sandboxd-o/orchestrator/service/sandbox_ops.go:297.17,299.4 1 0
sandboxd-o/orchestrator/service/sandbox_ops.go:301.3,302.17 2 1
sandboxd-o/orchestrator/service/sandbox_ops.go:302.17,304.4 1 0
sandboxd-o/orchestrator/service/sandbox_ops.go:306.3,307.18 2 1
sandboxd-o/orchestrator/service/sandbox_ops.go:310.2,310.32 1 1
sandboxd-o/orchestrator/service/sandbox_ops.go:313.47,315.16 2 1
sandboxd-o/orchestrator/service/sandbox_ops.go:315.16,317.3 1 1
sandboxd-o/orchestrator/service/sandbox_ops.go:319.2,319.28 1 1
sandboxd-o/orchestrator/service/sandbox_ops.go:322.50,324.16 2 1
sandboxd-o/orchestrator/service/sandbox_ops.go:324.16,326.3 1 0
sandboxd-o/orchestrator/service/sandbox_ops.go:328.2,328.23 1 1
sandboxd-o/orchestrator/service/sandbox_ops.go:331.133,332.20 1 1
sandboxd-o/orchestrator/service/sandbox_ops.go:332.20,334.3 1 1
sandboxd-o/orchestrator/service/sandbox_ops.go:336.2,338.22 3 1
sandboxd-o/orchestrator/service/sandbox_ops.go:338.22,340.3 1 1
sandboxd-o/orchestrator/service/sandbox_ops.go:342.2,343.25 2 1
sandboxd-o/orchestrator/service/sandbox_ops.go:343.25,345.14 2 1
sandboxd-o/orchestrator/service/sandbox_ops.go:345.14,346.31 1 1
sandboxd-o/orchestrator/service/sandbox_ops.go:346.31,347.53 1 1
sandboxd-o/orchestrator/service/sandbox_ops.go:347.53,350.11 3 1
sandboxd-o/orchestrator/service/sandbox_ops.go:352.5,352.18 1 0
sandboxd-o/orchestrator/service/sandbox_ops.go:355.4,355.15 1 1
sandboxd-o/orchestrator/service/sandbox_ops.go:355.15,357.5 1 0
sandboxd-o/orchestrator/service/sandbox_ops.go:360.3,360.35 1 1
sandboxd-o/orchestrator/service/sandbox_ops.go:360.35,362.4 1 1
sandboxd-o/orchestrator/service/sandbox_ops.go:364.3,364.41 1 1
sandboxd-o/orchestrator/service/sandbox_ops.go:364.41,366.4 1 1
sandboxd-o/orchestrator/service/sandbox_ops.go:368.3,370.18 3 1
sandboxd-o/orchestrator/service/sandbox_ops.go:370.18,372.4 1 1
sandboxd-o/orchestrator/service/sandbox_ops.go:374.3,374.118 1 1
sandboxd-o/orchestrator/service/sandbox_ops.go:377.2,377.23 1 1
sandboxd-o/orchestrator/service/sandbox_ops.go:380.64,382.16 2 1
sandboxd-o/orchestrator/service/sandbox_ops.go:382.16,385.3 2 0
sandboxd-o/orchestrator/service/sandbox_ops.go:387.2,388.32 2 1
sandboxd-o/orchestrator/service/sandbox_ops.go:388.32,389.53 1 1
sandboxd-o/orchestrator/service/sandbox_ops.go:389.53,390.60 1 1
sandboxd-o/orchestrator/service/sandbox_ops.go:390.60,392.5 1 0
sandboxd-o/orchestrator/service/sandbox_ops.go:393.4,393.12 1 1
sandboxd-o/orchestrator/service/sandbox_ops.go:396.3,396.68 1 1
sandboxd-o/orchestrator/service/sandbox_ops.go:396.68,400.60 4 1
sandboxd-o/orchestrator/service/sandbox_ops.go:400.60,402.5 1 0
sandboxd-o/orchestrator/service/sandbox_ops.go:407.59,408.12 1 1
sandboxd-o/orchestrator/service/sandbox_ops.go:408.12,411.7 3 1
sandboxd-o/orchestrator/service/sandbox_ops.go:411.7,412.11 1 1
sandboxd-o/orchestrator/service/sandbox_ops.go:413.22,414.11 1 1
sandboxd-o/orchestrator/service/sandbox_ops.go:415.15,416.28 1 1
sandboxd-o/orchestrator/service/sandbox_ops.go:422.66,423.12 1 1
sandboxd-o/orchestrator/service/sandbox_ops.go:423.12,426.7 3 1
sandboxd-o/orchestrator/service/sandbox_ops.go:426.7,427.11 1 1
sandboxd-o/orchestrator/service/sandbox_ops.go:428.22,429.11 1 1
sandboxd-o/orchestrator/service/sandbox_ops.go:430.15,431.35 1 1
sandboxd-o/orchestrator/service/sandbox_ops.go:437.81,439.16 2 1
sandboxd-o/orchestrator/service/sandbox_ops.go:439.16,440.36 1 0
sandboxd-o/orchestrator/service/sandbox_ops.go:440.36,442.4 1 0
sandboxd-o/orchestrator/service/sandbox_ops.go:444.3,444.13 1 0
sandboxd-o/orchestrator/service/sandbox_ops.go:447.2,447.52 1 1
sandboxd-o/orchestrator/service/sandbox_ops.go:447.52,450.3 2 1
sandboxd-o/orchestrator/service/sandbox_ops.go:452.2,452.43 1 1
sandboxd-o/orchestrator/service/service.go:18.47,20.16 2 1
sandboxd-o/orchestrator/service/service.go:20.16,22.3 1 0
sandboxd-o/orchestrator/service/service.go:24.2,24.92 1 1
sandboxd-o/orchestrator/service/service.go:27.51,27.76 1 1
sandboxd-o/orchestrator/service/service.go:28.51,28.76 1 1
sandboxd-o/orchestrator/service/service.go:29.51,29.83 1 1
sandboxd-o/orchestrator/service/validation.go:12.57,13.35 1 1
sandboxd-o/orchestrator/service/validation.go:13.35,15.3 1 1
sandboxd-o/orchestrator/service/validation.go:17.2,17.47 1 1
sandboxd-o/orchestrator/service/validation.go:17.47,19.3 1 1
sandboxd-o/orchestrator/service/validation.go:21.2,21.30 1 1
sandboxd-o/orchestrator/service/validation.go:21.30,23.3 1 0
sandboxd-o/orchestrator/service/validation.go:25.2,25.12 1 1
sandboxd-o/pkg/configutil/configutil.go:8.36,11.26 3 1
sandboxd-o/pkg/configutil/configutil.go:11.26,13.3 1 1
sandboxd-o/pkg/configutil/configutil.go:15.2,15.12 1 1
sandboxd-o/pkg/configutil/configutil.go:18.48,20.15 2 1
sandboxd-o/pkg/configutil/configutil.go:20.15,22.3 1 1
sandboxd-o/pkg/configutil/configutil.go:24.2,25.34 2 1
sandboxd-o/pkg/configutil/configutil.go:25.34,26.14 1 1
sandboxd-o/pkg/configutil/configutil.go:26.14,28.4 1 1
sandboxd-o/pkg/configutil/configutil.go:31.2,31.19 1 1
sandboxd-o/pkg/configutil/configutil.go:31.19,33.3 1 0
sandboxd-o/pkg/configutil/configutil.go:35.2,35.12 1 1
sandboxd-o/pkg/envutil/envutil.go:11.34,13.13 2 1
sandboxd-o/pkg/envutil/envutil.go:13.13,15.3 1 1
sandboxd-o/pkg/envutil/envutil.go:17.2,17.10 1 1
sandboxd-o/pkg/envutil/envutil.go:20.38,22.13 2 1
sandboxd-o/pkg/envutil/envutil.go:22.13,24.3 1 0
sandboxd-o/pkg/envutil/envutil.go:26.2,27.16 2 1
sandboxd-o/pkg/envutil/envutil.go:27.16,29.3 1 1
sandboxd-o/pkg/envutil/envutil.go:31.2,31.10 1 1
sandboxd-o/pkg/envutil/envutil.go:34.50,36.13 2 1
sandboxd-o/pkg/envutil/envutil.go:36.13,38.3 1 0
sandboxd-o/pkg/envutil/envutil.go:40.2,41.16 2 1
sandboxd-o/pkg/envutil/envutil.go:41.16,43.3 1 1
sandboxd-o/pkg/envutil/envutil.go:45.2,45.39 1 1
sandboxd-o/pkg/envutil/envutil.go:45.39,47.3 1 1
sandboxd-o/pkg/envutil/envutil.go:49.2,49.10 1 1
sandboxd-o/pkg/envutil/envutil.go:52.63,54.13 2 1
sandboxd-o/pkg/envutil/envutil.go:54.13,56.3 1 0
sandboxd-o/pkg/envutil/envutil.go:58.2,59.26 2 1
sandboxd-o/pkg/envutil/envutil.go:59.26,61.3 1 1
sandboxd-o/pkg/envutil/envutil.go:63.2,63.10 1 1
sandboxd-o/pkg/envutil/envutil.go:66.41,68.13 2 1
sandboxd-o/pkg/envutil/envutil.go:68.13,70.3 1 0
sandboxd-o/pkg/envutil/envutil.go:72.2,72.11 1 1
sandboxd-o/pkg/envutil/envutil.go:73.37,74.14 1 1
sandboxd-o/pkg/envutil/envutil.go:75.38,76.15 1 1
sandboxd-o/pkg/envutil/envutil.go:77.10,78.13 1 0
sandboxd-o/pkg/httplog/middleware.go:14.60,15.32 1 1
sandboxd-o/pkg/httplog/middleware.go:15.32,29.45 6 1
sandboxd-o/pkg/httplog/middleware.go:29.45,31.4 1 1
sandboxd-o/pkg/httplog/middleware.go:32.3,32.46 1 1
sandboxd-o/pkg/httplog/middleware.go:32.46,34.4 1 0
sandboxd-o/pkg/httplog/middleware.go:36.3,37.27 2 1
sandboxd-o/pkg/httplog/middleware.go:37.27,39.4 1 1
sandboxd-o/pkg/httplog/middleware.go:40.3,40.63 1 1
sandboxd-o/pkg/httplog/middleware.go:44.61,45.32 1 1
sandboxd-o/pkg/httplog/middleware.go:45.32,46.16 1 1
sandboxd-o/pkg/httplog/middleware.go:46.16,47.48 1 1
sandboxd-o/pkg/httplog/middleware.go:47.48,55.5 2 1
sandboxd-o/pkg/httplog/middleware.go:57.3,57.13 1 1
sandboxd-o/pkg/logging/logging.go:33.53,36.19 3 1
sandboxd-o/pkg/logging/logging.go:36.19,38.17 2 1
sandboxd-o/pkg/logging/logging.go:38.17,40.4 1 0
sandboxd-o/pkg/logging/logging.go:43.2,45.61 1 1
sandboxd-o/pkg/logging/logging.go:45.61,46.17 1 1
sandboxd-o/pkg/logging/logging.go:47.22,48.17 1 1
sandboxd-o/pkg/logging/logging.go:49.23,50.66 1 1
sandboxd-o/pkg/logging/logging.go:52.4,52.12 1 1
sandboxd-o/pkg/logging/logging.go:56.2,72.23 6 1
sandboxd-o/pkg/logging/logging.go:72.23,78.3 2 1
sandboxd-o/pkg/logging/logging.go:80.2,83.55 3 1
sandboxd-o/pkg/logging/logging.go:83.55,85.3 1 1
sandboxd-o/pkg/logging/logging.go:87.2,87.24 1 1
sandboxd-o/pkg/logging/logging.go:87.24,89.34 2 1
sandboxd-o/pkg/logging/logging.go:89.34,91.4 1 1
sandboxd-o/pkg/logging/logging.go:92.3,92.36 1 1
sandboxd-o/pkg/logging/logging.go:95.2,96.23 2 1
sandboxd-o/pkg/logging/logging.go:96.23,98.3 1 1
sandboxd-o/pkg/logging/logging.go:100.2,104.8 1 1
sandboxd-o/pkg/logging/logging.go:107.32,108.14 1 1
sandboxd-o/pkg/logging/logging.go:108.14,110.3 1 0
sandboxd-o/pkg/logging/logging.go:111.2,111.21 1 1
sandboxd-o/pkg/logging/logging.go:111.21,113.3 1 1
sandboxd-o/pkg/logging/logging.go:114.2,114.12 1 0
sandboxd-o/pkg/logging/logging.go:117.47,118.14 1 1
sandboxd-o/pkg/logging/logging.go:118.14,120.3 1 0
sandboxd-o/pkg/logging/logging.go:121.2,121.26 1 1
sandboxd-o/pkg/logging/logging.go:124.49,125.19 1 1
sandboxd-o/pkg/logging/logging.go:125.19,127.3 1 1
sandboxd-o/pkg/logging/logging.go:129.2,133.3 2 0
sandboxd-o/pkg/logging/logging.go:140.50,141.33 1 1
sandboxd-o/pkg/logging/logging.go:141.33,143.3 1 0
sandboxd-o/pkg/logging/logging.go:145.2,146.15 2 1
sandboxd-o/pkg/logging/logging.go:146.15,148.3 1 0
sandboxd-o/pkg/logging/logging.go:150.2,151.20 2 1
sandboxd-o/pkg/logging/logging.go:161.80,162.19 1 1
sandboxd-o/pkg/logging/logging.go:162.19,164.3 1 1
sandboxd-o/pkg/logging/logging.go:165.2,165.31 1 1
sandboxd-o/pkg/logging/logging.go:165.31,167.3 1 0
sandboxd-o/pkg/logging/logging.go:168.2,168.38 1 1
sandboxd-o/pkg/logging/logging.go:171.82,173.2 1 1
sandboxd-o/pkg/logging/logging.go:175.70,182.2 1 1
sandboxd-o/pkg/logging/logging.go:184.64,191.2 1 0
sandboxd-o/pkg/logging/logging.go:197.73,198.31 1 1
sandboxd-o/pkg/logging/logging.go:198.31,199.28 1 1
sandboxd-o/pkg/logging/logging.go:199.28,201.4 1 1
sandboxd-o/pkg/logging/logging.go:203.2,203.14 1 0
sandboxd-o/pkg/logging/logging.go:206.75,207.31 1 1
sandboxd-o/pkg/logging/logging.go:207.31,208.35 1 1
sandboxd-o/pkg/logging/logging.go:208.35,210.4 1 1
sandboxd-o/pkg/logging/logging.go:212.2,212.12 1 1
sandboxd-o/pkg/logging/logging.go:215.63,217.31 2 1
sandboxd-o/pkg/logging/logging.go:217.31,219.3 1 1
sandboxd-o/pkg/logging/logging.go:220.2,220.35 1 1
sandboxd-o/pkg/logging/logging.go:223.57,225.31 2 0
sandboxd-o/pkg/logging/logging.go:225.31,227.3 1 0
sandboxd-o/pkg/logging/logging.go:228.2,228.35 1 0
sandboxd-o/pkg/logging/logging.go:239.77,241.51 2 1
sandboxd-o/pkg/logging/logging.go:241.51,243.3 1 0
sandboxd-o/pkg/logging/logging.go:244.2,244.15 1 1
sandboxd-o/pkg/logging/logging.go:247.59,252.35 4 1
sandboxd-o/pkg/logging/logging.go:252.35,253.39 1 0
sandboxd-o/pkg/logging/logging.go:253.39,255.4 1 0
sandboxd-o/pkg/logging/logging.go:258.2,258.19 1 1
sandboxd-o/pkg/logging/logging.go:258.19,259.39 1 0
sandboxd-o/pkg/logging/logging.go:259.39,261.4 1 0
sandboxd-o/pkg/logging/logging.go:264.2,265.16 2 1
sandboxd-o/pkg/logging/logging.go:265.16,267.3 1 0
sandboxd-o/pkg/logging/logging.go:268.2,268.38 1 1
sandboxd-o/pkg/logging/logging.go:268.38,270.3 1 0
sandboxd-o/pkg/logging/logging.go:271.2,271.15 1 1
sandboxd-o/pkg/logging/logging.go:274.44,278.19 3 1
sandboxd-o/pkg/logging/logging.go:278.19,280.3 1 0
sandboxd-o/pkg/logging/logging.go:281.2,281.38 1 1
sandboxd-o/pkg/logging/logging.go:281.38,285.3 3 0
sandboxd-o/pkg/logging/logging.go:286.2,288.12 3 1
sandboxd-o/pkg/logging/logging.go:291.58,292.50 1 1
sandboxd-o/pkg/logging/logging.go:292.50,294.3 1 0
sandboxd-o/pkg/logging/logging.go:296.2,296.19 1 1
sandboxd-o/pkg/logging/logging.go:296.19,300.3 3 0
sandboxd-o/pkg/logging/logging.go:302.2,304.16 3 1
sandboxd-o/pkg/logging/logging.go:304.16,306.3 1 0
sandboxd-o/pkg/logging/logging.go:308.2,310.12 3 1
sandboxd-o/pkg/logging/logging.go:313.62,316.2 2 1
sandboxd-o/pkg/logging/logging.go:318.44,318.76 1 1
sandboxd-o/pkg/logging/logging.go:320.36,322.2 1 1
sandboxd-o/pkg/logging/logging.go:324.42,326.19 2 1
sandboxd-o/pkg/logging/logging.go:326.19,328.3 1 1
sandboxd-o/pkg/logging/logging.go:330.2,330.15 1 1
sandboxd-o/pkg/logging/logging.go:330.15,332.3 1 1
sandboxd-o/pkg/logging/logging.go:334.2,334.33 1 1
sandboxd-o/sandboxd/config/config.go:46.29,48.16 2 1
sandboxd-o/sandboxd/config/config.go:48.16,50.3 1 0
sandboxd-o/sandboxd/config/config.go:52.2,68.3 1 1
sandboxd-o/sandboxd/config/config.go:71.44,72.33 1 1
sandboxd-o/sandboxd/config/config.go:72.33,74.3 1 1
sandboxd-o/sandboxd/config/config.go:76.2,76.28 1 1
sandboxd-o/sandboxd/config/config.go:76.28,78.3 1 1
sandboxd-o/sandboxd/config/config.go:80.2,80.23 1 1
sandboxd-o/sandboxd/config/config.go:80.23,82.3 1 1
sandboxd-o/sandboxd/config/config.go:84.2,84.31 1 1
sandboxd-o/sandboxd/config/config.go:84.31,86.3 1 1
sandboxd-o/sandboxd/config/config.go:88.2,88.26 1 1
sandboxd-o/sandboxd/config/config.go:88.26,90.3 1 1
sandboxd-o/sandboxd/config/config.go:92.2,92.27 1 1
sandboxd-o/sandboxd/config/config.go:92.27,94.3 1 1
sandboxd-o/sandboxd/config/config.go:96.2,96.32 1 1
sandboxd-o/sandboxd/config/config.go:96.32,98.3 1 1
sandboxd-o/sandboxd/config/config.go:100.2,100.29 1 1
sandboxd-o/sandboxd/config/config.go:100.29,102.3 1 1
sandboxd-o/sandboxd/config/config.go:104.2,104.27 1 1
sandboxd-o/sandboxd/config/config.go:104.27,106.3 1 1
sandboxd-o/sandboxd/config/config.go:108.2,108.29 1 1
sandboxd-o/sandboxd/config/config.go:108.29,110.3 1 1
sandboxd-o/sandboxd/config/config.go:112.2,112.59 1 1
sandboxd-o/sandboxd/config/config.go:112.59,114.3 1 1
sandboxd-o/sandboxd/config/config.go:116.2,116.31 1 1
sandboxd-o/sandboxd/config/config.go:116.31,118.3 1 1
sandboxd-o/sandboxd/config/config.go:120.2,120.37 1 1
sandboxd-o/sandboxd/config/config.go:120.37,122.3 1 1
sandboxd-o/sandboxd/config/config.go:124.2,124.31 1 1
sandboxd-o/sandboxd/config/config.go:124.31,126.3 1 1
sandboxd-o/sandboxd/config/config.go:128.2,128.12 1 1
sandboxd-o/sandboxd/docs/sandboxd_docs.go:661.13,663.2 1 0
sandboxd-o/sandboxd/http/external_ip.go:15.68,18.16 3 1
sandboxd-o/sandboxd/http/external_ip.go:18.16,20.3 1 1
sandboxd-o/sandboxd/http/external_ip.go:22.2,22.39 1 0
sandboxd-o/sandboxd/http/handlers.go:24.42,26.2 1 0
sandboxd-o/sandboxd/http/handlers.go:36.45,38.16 2 0
sandboxd-o/sandboxd/http/handlers.go:38.16,41.3 2 0
sandboxd-o/sandboxd/http/handlers.go:43.2,43.70 1 0
sandboxd-o/sandboxd/http/handlers.go:56.48,58.47 2 0
sandboxd-o/sandboxd/http/handlers.go:58.47,61.3 2 0
sandboxd-o/sandboxd/http/handlers.go:63.2,63.18 1 0
sandboxd-o/sandboxd/http/handlers.go:63.18,65.3 1 0
sandboxd-o/sandboxd/http/handlers.go:67.2,71.16 4 0
sandboxd-o/sandboxd/http/handlers.go:71.16,74.3 2 0
sandboxd-o/sandboxd/http/handlers.go:76.2,79.4 1 0
sandboxd-o/sandboxd/http/handlers.go:92.45,94.16 2 0
sandboxd-o/sandboxd/http/handlers.go:94.16,95.37 1 0
sandboxd-o/sandboxd/http/handlers.go:95.37,98.4 2 0
sandboxd-o/sandboxd/http/handlers.go:100.3,101.9 2 0
sandboxd-o/sandboxd/http/handlers.go:104.2,107.4 1 0
sandboxd-o/sandboxd/http/handlers.go:120.48,124.16 4 0
sandboxd-o/sandboxd/http/handlers.go:124.16,127.3 2 0
sandboxd-o/sandboxd/http/handlers.go:129.2,133.4 1 0
sandboxd-o/sandboxd/http/handlers.go:145.48,148.66 3 0
sandboxd-o/sandboxd/http/handlers.go:148.66,151.3 2 0
sandboxd-o/sandboxd/http/handlers.go:153.2,157.4 1 0
sandboxd-o/sandboxd/http/handlers.go:168.44,171.51 3 0
sandboxd-o/sandboxd/http/handlers.go:171.51,174.3 2 0
sandboxd-o/sandboxd/http/handlers.go:176.2,179.4 1 0
sandboxd-o/sandboxd/http/handlers.go:196.51,200.20 4 0
sandboxd-o/sandboxd/http/handlers.go:200.20,202.26 2 0
sandboxd-o/sandboxd/http/handlers.go:202.26,205.4 2 0
sandboxd-o/sandboxd/http/handlers.go:206.3,206.12 1 0
sandboxd-o/sandboxd/http/handlers.go:209.2,213.16 4 0
sandboxd-o/sandboxd/http/handlers.go:213.16,214.37 1 0
sandboxd-o/sandboxd/http/handlers.go:214.37,216.20 2 0
sandboxd-o/sandboxd/http/handlers.go:216.20,217.51 1 0
sandboxd-o/sandboxd/http/handlers.go:217.51,229.6 2 0
sandboxd-o/sandboxd/http/handlers.go:232.4,233.10 2 0
sandboxd-o/sandboxd/http/handlers.go:236.3,236.47 1 0
sandboxd-o/sandboxd/http/handlers.go:236.47,239.4 2 0
sandboxd-o/sandboxd/http/handlers.go:241.3,242.9 2 0
sandboxd-o/sandboxd/http/handlers.go:245.2,250.4 1 0
sandboxd-o/sandboxd/http/response.go:9.78,10.22 1 1
sandboxd-o/sandboxd/http/response.go:10.22,12.3 1 1
sandboxd-o/sandboxd/http/response.go:14.2,14.23 1 1
sandboxd-o/sandboxd/http/response.go:17.56,19.2 1 0
sandboxd-o/sandboxd/http/response.go:21.64,22.15 1 1
sandboxd-o/sandboxd/http/response.go:22.15,24.3 1 1
sandboxd-o/sandboxd/http/response.go:26.2,26.35 1 1
sandboxd-o/sandboxd/http/router.go:12.39,19.34 5 0
sandboxd-o/sandboxd/http/router.go:19.34,21.3 1 0
sandboxd-o/sandboxd/http/router.go:22.2,32.10 10 0
sandboxd-o/sandboxd/http/server.go:16.64,18.2 1 0
sandboxd-o/sandboxd/http/server.go:20.41,22.2 1 0
sandboxd-o/sandboxd/model/validate.go:8.48,9.16 1 1
sandboxd-o/sandboxd/model/validate.go:9.16,11.3 1 0
sandboxd-o/sandboxd/model/validate.go:13.2,13.27 1 1
sandboxd-o/sandboxd/model/validate.go:13.27,15.3 1 0
sandboxd-o/sandboxd/model/validate.go:17.2,18.33 2 1
sandboxd-o/sandboxd/model/validate.go:18.33,19.36 1 1
sandboxd-o/sandboxd/model/validate.go:19.36,21.4 1 0
sandboxd-o/sandboxd/model/validate.go:23.3,23.46 1 1
sandboxd-o/sandboxd/model/validate.go:23.46,25.4 1 0
sandboxd-o/sandboxd/model/validate.go:27.3,27.49 1 1
sandboxd-o/sandboxd/model/validate.go:27.49,29.4 1 0
sandboxd-o/sandboxd/model/validate.go:31.3,31.37 1 1
sandboxd-o/sandboxd/model/validate.go:31.37,33.4 1 1
sandboxd-o/sandboxd/model/validate.go:35.3,35.33 1 1
sandboxd-o/sandboxd/model/validate.go:38.2,39.28 2 1
sandboxd-o/sandboxd/model/validate.go:39.28,40.93 1 1
sandboxd-o/sandboxd/model/validate.go:40.93,42.4 1 0
sandboxd-o/sandboxd/model/validate.go:44.3,44.24 1 1
sandboxd-o/sandboxd/model/validate.go:44.24,46.4 1 1
sandboxd-o/sandboxd/model/validate.go:48.3,49.18 2 1
sandboxd-o/sandboxd/model/validate.go:49.18,51.4 1 0
sandboxd-o/sandboxd/model/validate.go:53.3,53.39 1 1
sandboxd-o/sandboxd/model/validate.go:53.39,55.4 1 1
sandboxd-o/sandboxd/model/validate.go:57.3,57.45 1 1
sandboxd-o/sandboxd/model/validate.go:57.45,59.4 1 0
sandboxd-o/sandboxd/model/validate.go:61.3,61.41 1 1
sandboxd-o/sandboxd/model/validate.go:64.2,64.12 1 1
sandboxd-o/sandboxd/network/bridge_nf.go:12.36,13.92 1 0
sandboxd-o/sandboxd/network/bridge_nf.go:13.92,15.3 1 0
sandboxd-o/sandboxd/network/bridge_nf.go:17.2,17.93 1 0
sandboxd-o/sandboxd/network/bridge_nf.go:17.93,19.3 1 0
sandboxd-o/sandboxd/network/bridge_nf.go:21.2,21.12 1 0
sandboxd-o/sandboxd/network/bridge_nf.go:24.46,25.41 1 0
sandboxd-o/sandboxd/network/bridge_nf.go:25.41,27.78 1 0
sandboxd-o/sandboxd/network/bridge_nf.go:27.78,29.4 1 0
sandboxd-o/sandboxd/network/bridge_nf.go:31.3,31.44 1 0
sandboxd-o/sandboxd/network/bridge_nf.go:31.44,33.4 1 0
sandboxd-o/sandboxd/network/bridge_nf.go:36.2,37.56 2 0
sandboxd-o/sandboxd/network/bridge_nf.go:37.56,39.3 1 0
sandboxd-o/sandboxd/network/bridge_nf.go:43.2,43.69 1 0
sandboxd-o/sandboxd/network/bridge_nf.go:43.69,45.3 1 0
sandboxd-o/sandboxd/network/bridge_nf.go:47.2,47.12 1 0
sandboxd-o/sandboxd/network/cni_cache.go:22.73,23.21 1 0
sandboxd-o/sandboxd/network/cni_cache.go:23.21,25.3 1 0
sandboxd-o/sandboxd/network/cni_cache.go:27.2,29.55 3 0
sandboxd-o/sandboxd/network/cni_cache.go:29.55,30.31 1 0
sandboxd-o/sandboxd/network/cni_cache.go:30.31,31.19 1 0
sandboxd-o/sandboxd/network/cni_cache.go:31.19,32.13 1 0
sandboxd-o/sandboxd/network/cni_cache.go:35.4,35.73 1 0
sandboxd-o/sandboxd/network/cni_cache.go:39.2,40.55 2 0
sandboxd-o/sandboxd/network/cni_cache.go:40.55,41.31 1 0
sandboxd-o/sandboxd/network/cni_cache.go:41.31,42.19 1 0
sandboxd-o/sandboxd/network/cni_cache.go:42.19,43.13 1 0
sandboxd-o/sandboxd/network/cni_cache.go:46.4,46.49 1 0
sandboxd-o/sandboxd/network/cni_cache.go:46.49,47.13 1 0
sandboxd-o/sandboxd/network/cni_cache.go:50.4,50.73 1 0
sandboxd-o/sandboxd/network/cni_cache.go:54.2,54.39 1 0
sandboxd-o/sandboxd/network/cni_cache.go:54.39,56.17 2 0
sandboxd-o/sandboxd/network/cni_cache.go:56.17,58.4 1 0
sandboxd-o/sandboxd/network/cni_cache.go:61.2,61.77 1 0
sandboxd-o/sandboxd/network/cni_cache.go:64.53,66.2 1 0
sandboxd-o/sandboxd/network/cni_cache.go:68.67,70.16 2 0
sandboxd-o/sandboxd/network/cni_cache.go:70.16,72.3 1 0
sandboxd-o/sandboxd/network/cni_cache.go:74.2,75.47 2 0
sandboxd-o/sandboxd/network/cni_cache.go:75.47,77.3 1 0
sandboxd-o/sandboxd/network/cni_cache.go:79.2,79.35 1 0
sandboxd-o/sandboxd/network/cni_cache.go:79.35,81.17 2 0
sandboxd-o/sandboxd/network/cni_cache.go:81.17,82.12 1 0
sandboxd-o/sandboxd/network/cni_cache.go:85.3,86.17 2 0
sandboxd-o/sandboxd/network/cni_cache.go:86.17,88.4 1 0
sandboxd-o/sandboxd/network/cni_cache.go:91.2,91.51 1 0
sandboxd-o/sandboxd/network/firewall.go:16.41,16.42 0 0
sandboxd-o/sandboxd/network/firewall.go:18.46,19.15 1 0
sandboxd-o/sandboxd/network/firewall.go:19.15,20.38 1 0
sandboxd-o/sandboxd/network/firewall.go:20.39,20.40 0 0
sandboxd-o/sandboxd/network/firewall.go:21.3,21.9 1 0
sandboxd-o/sandboxd/network/firewall.go:24.2,24.18 1 0
sandboxd-o/sandboxd/network/firewall.go:27.38,29.2 1 0
sandboxd-o/sandboxd/network/firewall.go:31.61,33.25 2 0
sandboxd-o/sandboxd/network/firewall.go:33.25,34.38 1 0
sandboxd-o/sandboxd/network/firewall.go:34.38,36.4 1 0
sandboxd-o/sandboxd/network/firewall.go:36.9,38.4 1 0
sandboxd-o/sandboxd/network/firewall.go:41.2,41.33 1 0
sandboxd-o/sandboxd/network/firewall.go:44.54,46.2 1 0
sandboxd-o/sandboxd/network/firewall.go:62.83,69.119 6 0
sandboxd-o/sandboxd/network/firewall.go:69.119,71.3 1 0
sandboxd-o/sandboxd/network/firewall.go:73.2,73.133 1 0
sandboxd-o/sandboxd/network/firewall.go:73.133,75.3 1 0
sandboxd-o/sandboxd/network/firewall.go:77.2,77.33 1 0
sandboxd-o/sandboxd/network/firewall.go:77.33,79.3 1 0
sandboxd-o/sandboxd/network/firewall.go:81.2,81.50 1 0
sandboxd-o/sandboxd/network/firewall.go:81.50,83.3 1 0
sandboxd-o/sandboxd/network/firewall.go:85.2,85.42 1 0
sandboxd-o/sandboxd/network/firewall.go:85.42,87.43 2 0
sandboxd-o/sandboxd/network/firewall.go:87.43,88.12 1 0
sandboxd-o/sandboxd/network/firewall.go:91.3,91.80 1 0
sandboxd-o/sandboxd/network/firewall.go:91.80,93.4 1 0
sandboxd-o/sandboxd/network/firewall.go:96.2,96.80 1 0
sandboxd-o/sandboxd/network/firewall.go:96.80,98.3 1 0
sandboxd-o/sandboxd/network/firewall.go:100.2,100.12 1 0
sandboxd-o/sandboxd/network/firewall.go:104.134,116.93 10 0
sandboxd-o/sandboxd/network/firewall.go:116.93,118.3 1 0
sandboxd-o/sandboxd/network/firewall.go:120.2,121.107 2 0
sandboxd-o/sandboxd/network/firewall.go:121.107,123.3 1 0
sandboxd-o/sandboxd/network/firewall.go:125.2,125.26 1 0
sandboxd-o/sandboxd/network/firewall.go:125.26,127.18 2 0
sandboxd-o/sandboxd/network/firewall.go:127.18,129.4 1 0
sandboxd-o/sandboxd/network/firewall.go:130.3,130.64 1 0
sandboxd-o/sandboxd/network/firewall.go:133.2,134.12 2 0
sandboxd-o/sandboxd/network/firewall.go:134.12,135.42 1 0
sandboxd-o/sandboxd/network/firewall.go:135.42,138.4 2 0
sandboxd-o/sandboxd/network/firewall.go:140.3,141.84 2 0
sandboxd-o/sandboxd/network/firewall.go:144.2,150.4 2 0
sandboxd-o/sandboxd/network/firewall.go:150.4,152.3 1 0
sandboxd-o/sandboxd/network/firewall.go:154.2,154.12 1 0
sandboxd-o/sandboxd/network/firewall.go:154.12,156.3 1 0
sandboxd-o/sandboxd/network/firewall.go:156.8,158.3 1 0
sandboxd-o/sandboxd/network/firewall.go:160.2,161.26 2 0
sandboxd-o/sandboxd/network/firewall.go:161.26,163.18 2 0
sandboxd-o/sandboxd/network/firewall.go:163.18,165.4 1 0
sandboxd-o/sandboxd/network/firewall.go:167.3,167.113 1 0
sandboxd-o/sandboxd/network/firewall.go:170.2,172.12 2 0
sandboxd-o/sandboxd/network/firewall.go:176.104,182.26 5 0
sandboxd-o/sandboxd/network/firewall.go:182.26,184.18 2 0
sandboxd-o/sandboxd/network/firewall.go:184.18,186.4 1 0
sandboxd-o/sandboxd/network/firewall.go:188.3,188.130 1 0
sandboxd-o/sandboxd/network/firewall.go:191.2,202.35 12 0
sandboxd-o/sandboxd/network/firewall.go:206.118,208.29 2 0
sandboxd-o/sandboxd/network/firewall.go:208.29,210.18 2 0
sandboxd-o/sandboxd/network/firewall.go:210.18,212.4 1 0
sandboxd-o/sandboxd/network/firewall.go:214.3,220.70 6 0
sandboxd-o/sandboxd/network/firewall.go:220.70,222.4 1 0
sandboxd-o/sandboxd/network/firewall.go:224.3,225.67 2 0
sandboxd-o/sandboxd/network/firewall.go:225.67,227.4 1 0
sandboxd-o/sandboxd/network/firewall.go:230.2,230.12 1 0
sandboxd-o/sandboxd/network/firewall.go:234.113,236.29 2 0
sandboxd-o/sandboxd/network/firewall.go:236.29,238.18 2 0
sandboxd-o/sandboxd/network/firewall.go:238.18,240.4 1 0
sandboxd-o/sandboxd/network/firewall.go:242.3,249.211 6 0
sandboxd-o/sandboxd/network/firewall.go:254.76,257.37 3 0
sandboxd-o/sandboxd/network/firewall.go:257.37,259.17 2 0
sandboxd-o/sandboxd/network/firewall.go:259.17,261.4 1 0
sandboxd-o/sandboxd/network/firewall.go:263.3,263.30 1 0
sandboxd-o/sandboxd/network/firewall.go:263.30,264.36 1 0
sandboxd-o/sandboxd/network/firewall.go:264.36,265.13 1 0
sandboxd-o/sandboxd/network/firewall.go:268.4,269.44 2 0
sandboxd-o/sandboxd/network/firewall.go:269.44,270.13 1 0
sandboxd-o/sandboxd/network/firewall.go:273.4,274.45 2 0
sandboxd-o/sandboxd/network/firewall.go:278.2,279.24 2 0
sandboxd-o/sandboxd/network/firewall.go:283.81,285.32 2 0
sandboxd-o/sandboxd/network/firewall.go:285.32,287.17 2 0
sandboxd-o/sandboxd/network/firewall.go:287.17,289.4 1 0
sandboxd-o/sandboxd/network/firewall.go:291.3,291.30 1 0
sandboxd-o/sandboxd/network/firewall.go:291.30,293.44 2 0
sandboxd-o/sandboxd/network/firewall.go:293.44,294.13 1 0
sandboxd-o/sandboxd/network/firewall.go:297.4,298.16 2 0
sandboxd-o/sandboxd/network/firewall.go:298.16,299.13 1 0
sandboxd-o/sandboxd/network/firewall.go:302.4,302.29 1 0
sandboxd-o/sandboxd/network/firewall.go:302.29,303.13 1 0
sandboxd-o/sandboxd/network/firewall.go:306.4,307.45 2 0
sandboxd-o/sandboxd/network/firewall.go:311.2,312.19 2 0
sandboxd-o/sandboxd/network/firewall.go:315.48,316.37 1 0
sandboxd-o/sandboxd/network/firewall.go:316.37,317.31 1 0
sandboxd-o/sandboxd/network/firewall.go:317.31,318.12 1 0
sandboxd-o/sandboxd/network/firewall.go:321.3,322.67 2 0
sandboxd-o/sandboxd/network/firewall.go:322.67,324.4 1 0
sandboxd-o/sandboxd/network/firewall.go:327.2,327.11 1 0
sandboxd-o/sandboxd/network/firewall.go:330.90,336.68 5 0
sandboxd-o/sandboxd/network/firewall.go:336.68,338.3 1 0
sandboxd-o/sandboxd/network/firewall.go:340.2,340.12 1 0
sandboxd-o/sandboxd/network/firewall.go:343.78,348.65 4 0
sandboxd-o/sandboxd/network/firewall.go:348.65,350.3 1 0
sandboxd-o/sandboxd/network/firewall.go:352.2,352.12 1 0
sandboxd-o/sandboxd/network/firewall.go:355.32,360.2 3 0
sandboxd-o/sandboxd/network/firewall.go:362.58,364.16 2 0
sandboxd-o/sandboxd/network/firewall.go:364.16,366.3 1 0
sandboxd-o/sandboxd/network/firewall.go:368.2,368.39 1 0
sandboxd-o/sandboxd/network/firewall.go:371.57,373.27 2 0
sandboxd-o/sandboxd/network/firewall.go:373.27,374.54 1 0
sandboxd-o/sandboxd/network/firewall.go:374.54,376.4 1 0
sandboxd-o/sandboxd/network/firewall.go:379.2,379.14 1 0
sandboxd-o/sandboxd/network/firewall.go:382.35,384.87 2 0
sandboxd-o/sandboxd/network/firewall.go:384.87,386.3 1 0
sandboxd-o/sandboxd/network/firewall.go:388.2,389.16 2 0
sandboxd-o/sandboxd/network/firewall.go:389.16,391.3 1 0
sandboxd-o/sandboxd/network/firewall.go:392.2,397.16 5 0
sandboxd-o/sandboxd/network/firewall.go:397.16,399.49 2 0
sandboxd-o/sandboxd/network/firewall.go:399.49,400.12 1 0
sandboxd-o/sandboxd/network/firewall.go:403.3,404.51 2 0
sandboxd-o/sandboxd/network/firewall.go:404.51,405.12 1 0
sandboxd-o/sandboxd/network/firewall.go:408.3,409.35 2 0
sandboxd-o/sandboxd/network/firewall.go:409.35,410.12 1 0
sandboxd-o/sandboxd/network/firewall.go:413.3,414.27 2 0
sandboxd-o/sandboxd/network/firewall.go:414.27,415.12 1 0
sandboxd-o/sandboxd/network/firewall.go:418.3,419.23 2 0
sandboxd-o/sandboxd/network/firewall.go:422.2,422.12 1 0
sandboxd-o/sandboxd/sandbox/cri_client.go:27.77,32.16 2 0
sandboxd-o/sandboxd/sandbox/cri_client.go:32.16,34.3 1 0
sandboxd-o/sandboxd/sandbox/cri_client.go:36.2,40.8 1 0
sandboxd-o/sandboxd/sandbox/cri_client.go:43.35,44.31 1 0
sandboxd-o/sandboxd/sandbox/cri_client.go:44.31,46.3 1 0
sandboxd-o/sandboxd/sandbox/cri_client.go:48.2,48.23 1 0
sandboxd-o/sandboxd/sandbox/cri_client.go:51.72,56.2 2 0
sandboxd-o/sandboxd/sandbox/cri_client.go:58.129,63.16 2 0
sandboxd-o/sandboxd/sandbox/cri_client.go:63.16,65.3 1 0
sandboxd-o/sandboxd/sandbox/cri_client.go:67.2,67.36 1 0
sandboxd-o/sandboxd/sandbox/cri_client.go:70.111,72.16 2 0
sandboxd-o/sandboxd/sandbox/cri_client.go:72.16,74.3 1 0
sandboxd-o/sandboxd/sandbox/cri_client.go:76.2,76.30 1 0
sandboxd-o/sandboxd/sandbox/cri_client.go:79.164,85.16 2 0
sandboxd-o/sandboxd/sandbox/cri_client.go:85.16,87.3 1 0
sandboxd-o/sandboxd/sandbox/cri_client.go:89.2,89.35 1 0
sandboxd-o/sandboxd/sandbox/cri_client.go:92.83,97.2 2 0
sandboxd-o/sandboxd/sandbox/cri_client.go:99.108,104.16 2 0
sandboxd-o/sandboxd/sandbox/cri_client.go:104.16,106.3 1 0
sandboxd-o/sandboxd/sandbox/cri_client.go:108.2,114.15 3 0
sandboxd-o/sandboxd/sandbox/cri_client.go:117.80,118.17 1 0
sandboxd-o/sandboxd/sandbox/cri_client.go:118.17,120.3 1 0
sandboxd-o/sandboxd/sandbox/cri_client.go:122.2,123.98 2 0
sandboxd-o/sandboxd/sandbox/cri_client.go:126.93,128.16 2 0
sandboxd-o/sandboxd/sandbox/cri_client.go:128.16,130.3 1 0
sandboxd-o/sandboxd/sandbox/cri_client.go:132.2,132.29 1 0
sandboxd-o/sandboxd/sandbox/cri_client.go:135.47,140.2 4 0
sandboxd-o/sandboxd/sandbox/cri_client.go:142.55,143.27 1 0
sandboxd-o/sandboxd/sandbox/cri_client.go:143.27,148.63 2 0
sandboxd-o/sandboxd/sandbox/cri_client.go:148.63,149.12 1 0
sandboxd-o/sandboxd/sandbox/cri_client.go:152.3,152.22 1 0
sandboxd-o/sandboxd/sandbox/cri_client.go:152.22,154.4 1 0
sandboxd-o/sandboxd/sandbox/cri_client.go:157.2,157.10 1 0
sandboxd-o/sandboxd/sandbox/lock.go:14.72,15.21 1 0
sandboxd-o/sandboxd/sandbox/lock.go:15.21,16.17 1 0
sandboxd-o/sandboxd/sandbox/lock.go:16.18,16.19 0 0
sandboxd-o/sandboxd/sandbox/lock.go:19.2,21.16 3 0
sandboxd-o/sandboxd/sandbox/lock.go:21.16,22.17 1 0
sandboxd-o/sandboxd/sandbox/lock.go:22.18,22.19 0 0
sandboxd-o/sandboxd/sandbox/lock.go:25.2,26.6 2 0
sandboxd-o/sandboxd/sandbox/lock.go:26.6,27.77 1 0
sandboxd-o/sandboxd/sandbox/lock.go:27.77,28.18 1 0
sandboxd-o/sandboxd/sandbox/lock.go:28.18,31.5 2 0
sandboxd-o/sandboxd/sandbox/lock.go:34.3,34.33 1 0
sandboxd-o/sandboxd/sandbox/lock.go:34.33,36.18 2 0
sandboxd-o/sandboxd/sandbox/lock.go:36.19,36.20 0 0
sandboxd-o/sandboxd/sandbox/lock.go:39.3,39.37 1 0
sandboxd-o/sandboxd/sandbox/lock.go:43.60,44.21 1 0
sandboxd-o/sandboxd/sandbox/lock.go:44.21,46.3 1 0
sandboxd-o/sandboxd/sandbox/lock.go:48.2,50.16 3 0
sandboxd-o/sandboxd/sandbox/lock.go:50.16,52.3 1 0
sandboxd-o/sandboxd/sandbox/lock.go:53.2,55.76 2 0
sandboxd-o/sandboxd/sandbox/lock.go:55.76,57.3 1 0
sandboxd-o/sandboxd/sandbox/lock.go:59.2,60.14 2 0
sandboxd-o/sandboxd/sandbox/logs.go:23.40,24.13 1 0
sandboxd-o/sandboxd/sandbox/logs.go:24.13,26.3 1 0
sandboxd-o/sandboxd/sandbox/logs.go:28.2,28.88 1 0
sandboxd-o/sandboxd/sandbox/logs.go:28.88,30.3 1 0
sandboxd-o/sandboxd/sandbox/logs.go:32.2,32.12 1 0
sandboxd-o/sandboxd/sandbox/logs.go:35.85,36.53 1 0
sandboxd-o/sandboxd/sandbox/logs.go:36.53,38.3 1 0
sandboxd-o/sandboxd/sandbox/logs.go:40.2,40.57 1 0
sandboxd-o/sandboxd/sandbox/logs.go:40.57,42.3 1 0
sandboxd-o/sandboxd/sandbox/logs.go:44.2,47.93 4 0
sandboxd-o/sandboxd/sandbox/logs.go:47.93,49.3 1 0
sandboxd-o/sandboxd/sandbox/logs.go:51.2,51.18 1 0
sandboxd-o/sandboxd/sandbox/logs.go:54.126,55.44 1 0
sandboxd-o/sandboxd/sandbox/logs.go:55.44,57.3 1 0
sandboxd-o/sandboxd/sandbox/logs.go:59.2,59.16 1 0
sandboxd-o/sandboxd/sandbox/logs.go:59.16,61.3 1 0
sandboxd-o/sandboxd/sandbox/logs.go:63.2,63.18 1 0
sandboxd-o/sandboxd/sandbox/logs.go:63.18,65.3 1 0
sandboxd-o/sandboxd/sandbox/logs.go:67.2,68.37 2 0
sandboxd-o/sandboxd/sandbox/logs.go:68.37,70.26 2 0
sandboxd-o/sandboxd/sandbox/logs.go:70.26,72.4 1 0
sandboxd-o/sandboxd/sandbox/logs.go:73.3,73.13 1 0
sandboxd-o/sandboxd/sandbox/logs.go:76.2,77.16 2 0
sandboxd-o/sandboxd/sandbox/logs.go:77.16,79.3 1 0
sandboxd-o/sandboxd/sandbox/logs.go:81.2,82.16 2 0
sandboxd-o/sandboxd/sandbox/logs.go:82.16,84.3 1 0
sandboxd-o/sandboxd/sandbox/logs.go:85.2,87.56 2 0
sandboxd-o/sandboxd/sandbox/logs.go:87.56,89.3 1 0
sandboxd-o/sandboxd/sandbox/logs.go:91.2,94.25 4 0
sandboxd-o/sandboxd/sandbox/logs.go:94.25,96.20 2 0
sandboxd-o/sandboxd/sandbox/logs.go:96.20,99.4 2 0
sandboxd-o/sandboxd/sandbox/logs.go:101.3,101.20 1 0
sandboxd-o/sandboxd/sandbox/logs.go:101.20,103.4 1 0
sandboxd-o/sandboxd/sandbox/logs.go:105.3,105.17 1 0
sandboxd-o/sandboxd/sandbox/logs.go:105.17,107.4 1 0
sandboxd-o/sandboxd/sandbox/logs.go:110.2,112.96 3 0
sandboxd-o/sandboxd/sandbox/reconcile.go:19.60,23.16 4 0
sandboxd-o/sandboxd/sandbox/reconcile.go:23.16,25.3 1 0
sandboxd-o/sandboxd/sandbox/reconcile.go:27.2,28.32 2 0
sandboxd-o/sandboxd/sandbox/reconcile.go:28.32,30.3 1 0
sandboxd-o/sandboxd/sandbox/reconcile.go:32.2,32.32 1 0
sandboxd-o/sandboxd/sandbox/reconcile.go:32.32,33.34 1 0
sandboxd-o/sandboxd/sandbox/reconcile.go:33.34,34.12 1 0
sandboxd-o/sandboxd/sandbox/reconcile.go:37.3,37.40 1 0
sandboxd-o/sandboxd/sandbox/reconcile.go:37.40,38.12 1 0
sandboxd-o/sandboxd/sandbox/reconcile.go:41.3,41.85 1 0
sandboxd-o/sandboxd/sandbox/reconcile.go:41.85,44.12 1 0
sandboxd-o/sandboxd/sandbox/reconcile.go:47.3,47.86 1 0
sandboxd-o/sandboxd/sandbox/reconcile.go:47.86,52.12 4 0
sandboxd-o/sandboxd/sandbox/reconcile.go:55.3,56.24 2 0
sandboxd-o/sandboxd/sandbox/reconcile.go:56.24,57.70 1 0
sandboxd-o/sandboxd/sandbox/reconcile.go:57.70,59.5 1 0
sandboxd-o/sandboxd/sandbox/reconcile.go:62.3,62.14 1 0
sandboxd-o/sandboxd/sandbox/reconcile.go:62.14,63.41 1 0
sandboxd-o/sandboxd/sandbox/reconcile.go:63.41,67.5 3 0
sandboxd-o/sandboxd/sandbox/reconcile.go:68.4,68.12 1 0
sandboxd-o/sandboxd/sandbox/reconcile.go:71.3,72.36 2 0
sandboxd-o/sandboxd/sandbox/reconcile.go:72.36,73.40 1 0
sandboxd-o/sandboxd/sandbox/reconcile.go:73.40,75.10 2 0
sandboxd-o/sandboxd/sandbox/reconcile.go:79.3,79.15 1 0
sandboxd-o/sandboxd/sandbox/reconcile.go:79.15,80.41 1 0
sandboxd-o/sandboxd/sandbox/reconcile.go:80.41,84.5 3 0
sandboxd-o/sandboxd/sandbox/reconcile.go:85.4,85.12 1 0
sandboxd-o/sandboxd/sandbox/reconcile.go:88.3,88.27 1 0
sandboxd-o/sandboxd/sandbox/reconcile.go:91.2,92.32 2 0
sandboxd-o/sandboxd/sandbox/reconcile.go:92.32,94.3 1 0
sandboxd-o/sandboxd/sandbox/reconcile.go:96.2,99.12 3 0
sandboxd-o/sandboxd/sandbox/reconcile.go:103.59,104.12 1 0
sandboxd-o/sandboxd/sandbox/reconcile.go:104.12,108.7 3 0
sandboxd-o/sandboxd/sandbox/reconcile.go:108.7,109.11 1 0
sandboxd-o/sandboxd/sandbox/reconcile.go:110.22,111.11 1 0
sandboxd-o/sandboxd/sandbox/reconcile.go:112.15,113.29 1 0
sandboxd-o/sandboxd/sandbox/reconcile.go:119.80,122.16 3 0
sandboxd-o/sandboxd/sandbox/reconcile.go:122.16,124.3 1 0
sandboxd-o/sandboxd/sandbox/reconcile.go:126.2,127.26 2 0
sandboxd-o/sandboxd/sandbox/reconcile.go:127.26,128.15 1 0
sandboxd-o/sandboxd/sandbox/reconcile.go:128.15,129.12 1 0
sandboxd-o/sandboxd/sandbox/reconcile.go:132.3,133.17 2 0
sandboxd-o/sandboxd/sandbox/reconcile.go:133.17,134.12 1 0
sandboxd-o/sandboxd/sandbox/reconcile.go:137.3,138.103 2 0
sandboxd-o/sandboxd/sandbox/reconcile.go:138.103,140.19 2 0
sandboxd-o/sandboxd/sandbox/reconcile.go:140.19,142.5 1 0
sandboxd-o/sandboxd/sandbox/reconcile.go:144.4,144.19 1 0
sandboxd-o/sandboxd/sandbox/reconcile.go:144.19,146.5 1 0
sandboxd-o/sandboxd/sandbox/reconcile.go:150.2,151.22 2 0
sandboxd-o/sandboxd/sandbox/reconcile.go:151.22,153.3 1 0
sandboxd-o/sandboxd/sandbox/reconcile.go:155.2,156.17 2 0
sandboxd-o/sandboxd/sandbox/reconcile.go:159.89,162.16 3 0
sandboxd-o/sandboxd/sandbox/reconcile.go:162.16,164.3 1 0
sandboxd-o/sandboxd/sandbox/reconcile.go:166.2,166.36 1 0
sandboxd-o/sandboxd/sandbox/reconcile.go:166.36,168.81 2 0
sandboxd-o/sandboxd/sandbox/reconcile.go:168.81,170.4 1 0
sandboxd-o/sandboxd/sandbox/reconcile.go:173.2,173.18 1 0
sandboxd-o/sandboxd/sandbox/reconcile.go:176.88,179.16 3 0
sandboxd-o/sandboxd/sandbox/reconcile.go:179.16,181.3 1 0
sandboxd-o/sandboxd/sandbox/reconcile.go:183.2,183.51 1 0
sandboxd-o/sandboxd/sandbox/reconcile.go:183.51,185.3 1 0
sandboxd-o/sandboxd/sandbox/reconcile.go:187.2,187.54 1 0
sandboxd-o/sandboxd/sandbox/reconcile.go:190.92,192.64 2 0
sandboxd-o/sandboxd/sandbox/reconcile.go:192.64,194.3 1 0
sandboxd-o/sandboxd/sandbox/reconcile.go:196.2,196.67 1 0
sandboxd-o/sandboxd/sandbox/reconcile.go:196.67,200.3 2 0
sandboxd-o/sandboxd/sandbox/reconcile.go:202.2,202.43 1 0
sandboxd-o/sandboxd/sandbox/reconcile.go:205.66,207.16 2 0
sandboxd-o/sandboxd/sandbox/reconcile.go:207.16,209.3 1 0
sandboxd-o/sandboxd/sandbox/reconcile.go:211.2,211.11 1 0
sandboxd-o/sandboxd/sandbox/reconcile.go:214.75,217.2 2 0
sandboxd-o/sandboxd/sandbox/reconcile.go:219.66,224.47 4 0
sandboxd-o/sandboxd/sandbox/reconcile.go:224.47,228.3 3 0
sandboxd-o/sandboxd/sandbox/reconcile.go:230.2,231.65 2 0
sandboxd-o/sandboxd/sandbox/reconcile.go:231.65,233.3 1 0
sandboxd-o/sandboxd/sandbox/reconcile.go:235.2,235.58 1 0
sandboxd-o/sandboxd/sandbox/reconcile.go:238.52,243.2 4 0
sandboxd-o/sandboxd/sandbox/resources.go:24.76,26.16 2 0
sandboxd-o/sandboxd/sandbox/resources.go:26.16,28.3 1 0
sandboxd-o/sandboxd/sandbox/resources.go:30.2,31.16 2 0
sandboxd-o/sandboxd/sandbox/resources.go:31.16,33.3 1 0
sandboxd-o/sandboxd/sandbox/resources.go:35.2,35.71 1 0
sandboxd-o/sandboxd/sandbox/resources.go:38.47,40.13 2 0
sandboxd-o/sandboxd/sandbox/resources.go:40.13,42.3 1 0
sandboxd-o/sandboxd/sandbox/resources.go:44.2,45.16 2 0
sandboxd-o/sandboxd/sandbox/resources.go:45.16,47.3 1 0
sandboxd-o/sandboxd/sandbox/resources.go:49.2,50.16 2 0
sandboxd-o/sandboxd/sandbox/resources.go:50.16,52.3 1 0
sandboxd-o/sandboxd/sandbox/resources.go:54.2,54.19 1 0
sandboxd-o/sandboxd/sandbox/resources.go:57.50,59.13 2 0
sandboxd-o/sandboxd/sandbox/resources.go:59.13,61.3 1 0
sandboxd-o/sandboxd/sandbox/resources.go:63.2,64.16 2 0
sandboxd-o/sandboxd/sandbox/resources.go:64.16,66.3 1 0
sandboxd-o/sandboxd/sandbox/resources.go:68.2,69.16 2 0
sandboxd-o/sandboxd/sandbox/resources.go:69.16,71.3 1 0
sandboxd-o/sandboxd/sandbox/resources.go:73.2,73.19 1 0
sandboxd-o/sandboxd/sandbox/resources.go:76.68,86.2 3 0
sandboxd-o/sandboxd/sandbox/resources.go:88.74,91.35 3 0
sandboxd-o/sandboxd/sandbox/resources.go:91.35,93.17 2 0
sandboxd-o/sandboxd/sandbox/resources.go:93.17,95.4 1 0
sandboxd-o/sandboxd/sandbox/resources.go:97.3,98.30 2 0
sandboxd-o/sandboxd/sandbox/resources.go:101.2,102.16 2 0
sandboxd-o/sandboxd/sandbox/resources.go:102.16,104.3 1 0
sandboxd-o/sandboxd/sandbox/resources.go:106.2,108.16 3 0
sandboxd-o/sandboxd/sandbox/resources.go:108.16,110.3 1 0
sandboxd-o/sandboxd/sandbox/resources.go:112.2,115.33 3 0
sandboxd-o/sandboxd/sandbox/resources.go:115.33,117.3 1 0
sandboxd-o/sandboxd/sandbox/resources.go:119.2,119.33 1 0
sandboxd-o/sandboxd/sandbox/resources.go:119.33,121.3 1 0
sandboxd-o/sandboxd/sandbox/resources.go:123.2,123.12 1 0
sandboxd-o/sandboxd/sandbox/resources.go:126.97,131.16 4 0
sandboxd-o/sandboxd/sandbox/resources.go:131.16,133.3 1 0
sandboxd-o/sandboxd/sandbox/resources.go:135.2,136.16 2 0
sandboxd-o/sandboxd/sandbox/resources.go:136.16,138.3 1 0
sandboxd-o/sandboxd/sandbox/resources.go:140.2,158.8 5 0
sandboxd-o/sandboxd/sandbox/resources.go:161.91,163.16 2 0
sandboxd-o/sandboxd/sandbox/resources.go:163.16,165.3 1 0
sandboxd-o/sandboxd/sandbox/resources.go:167.2,169.26 3 0
sandboxd-o/sandboxd/sandbox/resources.go:169.26,170.103 1 0
sandboxd-o/sandboxd/sandbox/resources.go:170.103,171.12 1 0
sandboxd-o/sandboxd/sandbox/resources.go:174.3,174.36 1 0
sandboxd-o/sandboxd/sandbox/resources.go:174.36,176.18 2 0
sandboxd-o/sandboxd/sandbox/resources.go:176.18,177.13 1 0
sandboxd-o/sandboxd/sandbox/resources.go:180.4,181.29 2 0
sandboxd-o/sandboxd/sandbox/resources.go:185.2,185.32 1 0
sandboxd-o/sandboxd/sandbox/resources.go:188.44,190.16 2 0
sandboxd-o/sandboxd/sandbox/resources.go:190.16,192.3 1 0
sandboxd-o/sandboxd/sandbox/resources.go:193.2,196.16 3 0
sandboxd-o/sandboxd/sandbox/resources.go:196.16,198.44 2 0
sandboxd-o/sandboxd/sandbox/resources.go:198.44,199.12 1 0
sandboxd-o/sandboxd/sandbox/resources.go:202.3,203.21 2 0
sandboxd-o/sandboxd/sandbox/resources.go:203.21,204.9 1 0
sandboxd-o/sandboxd/sandbox/resources.go:207.3,208.17 2 0
sandboxd-o/sandboxd/sandbox/resources.go:208.17,210.4 1 0
sandboxd-o/sandboxd/sandbox/resources.go:212.3,212.23 1 0
sandboxd-o/sandboxd/sandbox/resources.go:215.2,215.33 1 0
sandboxd-o/sandboxd/sandbox/resources.go:215.33,217.3 1 0
sandboxd-o/sandboxd/sandbox/resources.go:219.2,219.44 1 0
sandboxd-o/sandboxd/sandbox/resources.go:222.64,224.16 2 0
sandboxd-o/sandboxd/sandbox/resources.go:224.16,226.3 1 0
sandboxd-o/sandboxd/sandbox/resources.go:228.2,229.16 2 0
sandboxd-o/sandboxd/sandbox/resources.go:229.16,231.3 1 0
sandboxd-o/sandboxd/sandbox/resources.go:233.2,234.19 2 0
sandboxd-o/sandboxd/sandbox/resources.go:234.19,236.3 1 0
sandboxd-o/sandboxd/sandbox/resources.go:238.2,239.17 2 0
sandboxd-o/sandboxd/sandbox/resources.go:239.17,241.3 1 0
sandboxd-o/sandboxd/sandbox/resources.go:243.2,244.16 2 0
sandboxd-o/sandboxd/sandbox/resources.go:244.16,246.3 1 0
sandboxd-o/sandboxd/sandbox/resources.go:247.2,249.26 2 0
sandboxd-o/sandboxd/sandbox/resources.go:249.26,250.101 1 0
sandboxd-o/sandboxd/sandbox/resources.go:250.101,251.12 1 0
sandboxd-o/sandboxd/sandbox/resources.go:254.3,254.11 1 0
sandboxd-o/sandboxd/sandbox/resources.go:257.2,257.30 1 0
sandboxd-o/sandboxd/sandbox/resources.go:257.30,259.3 1 0
sandboxd-o/sandboxd/sandbox/resources.go:261.2,261.12 1 0
sandboxd-o/sandboxd/sandbox/runtime.go:20.134,21.61 1 0
sandboxd-o/sandboxd/sandbox/runtime.go:21.61,23.3 1 0
sandboxd-o/sandboxd/sandbox/runtime.go:25.2,47.16 4 0
sandboxd-o/sandboxd/sandbox/runtime.go:47.16,49.3 1 0
sandboxd-o/sandboxd/sandbox/runtime.go:51.2,52.16 2 0
sandboxd-o/sandboxd/sandbox/runtime.go:52.16,54.3 1 0
sandboxd-o/sandboxd/sandbox/runtime.go:56.2,56.53 1 0
sandboxd-o/sandboxd/sandbox/runtime.go:59.226,61.27 2 0
sandboxd-o/sandboxd/sandbox/runtime.go:61.27,63.22 2 0
sandboxd-o/sandboxd/sandbox/runtime.go:63.22,64.12 1 0
sandboxd-o/sandboxd/sandbox/runtime.go:67.3,67.76 1 0
sandboxd-o/sandboxd/sandbox/runtime.go:70.2,111.21 2 0
sandboxd-o/sandboxd/sandbox/runtime.go:111.21,113.3 1 0
sandboxd-o/sandboxd/sandbox/runtime.go:115.2,116.16 2 0
sandboxd-o/sandboxd/sandbox/runtime.go:116.16,118.3 1 0
sandboxd-o/sandboxd/sandbox/runtime.go:120.2,120.63 1 0
sandboxd-o/sandboxd/sandbox/runtime.go:120.63,122.3 1 0
sandboxd-o/sandboxd/sandbox/runtime.go:124.2,125.16 2 0
sandboxd-o/sandboxd/sandbox/runtime.go:125.16,127.3 1 0
sandboxd-o/sandboxd/sandbox/runtime.go:129.2,140.8 1 0
sandboxd-o/sandboxd/sandbox/runtime.go:143.78,145.2 1 0
sandboxd-o/sandboxd/sandbox/runtime.go:147.76,149.16 2 0
sandboxd-o/sandboxd/sandbox/runtime.go:149.16,151.3 1 0
sandboxd-o/sandboxd/sandbox/runtime.go:153.2,154.27 2 0
sandboxd-o/sandboxd/sandbox/runtime.go:154.27,155.23 1 0
sandboxd-o/sandboxd/sandbox/runtime.go:155.23,156.12 1 0
sandboxd-o/sandboxd/sandbox/runtime.go:158.3,158.32 1 0
sandboxd-o/sandboxd/sandbox/runtime.go:161.2,161.17 1 0
sandboxd-o/sandboxd/sandbox/runtime.go:164.97,166.16 2 0
sandboxd-o/sandboxd/sandbox/runtime.go:166.16,168.3 1 0
sandboxd-o/sandboxd/sandbox/runtime.go:170.2,170.27 1 0
sandboxd-o/sandboxd/sandbox/runtime.go:170.27,171.23 1 0
sandboxd-o/sandboxd/sandbox/runtime.go:171.23,172.12 1 0
sandboxd-o/sandboxd/sandbox/runtime.go:175.3,176.40 2 0
sandboxd-o/sandboxd/sandbox/runtime.go:176.40,178.4 1 0
sandboxd-o/sandboxd/sandbox/runtime.go:180.3,181.73 2 0
sandboxd-o/sandboxd/sandbox/runtime.go:181.73,183.4 1 0
sandboxd-o/sandboxd/sandbox/runtime.go:186.2,186.18 1 0
sandboxd-o/sandboxd/sandbox/runtime.go:189.89,193.2 3 0
sandboxd-o/sandboxd/sandbox/runtime.go:195.96,197.23 2 0
sandboxd-o/sandboxd/sandbox/runtime.go:197.23,199.3 1 0
sandboxd-o/sandboxd/sandbox/runtime.go:201.2,206.12 5 0
sandboxd-o/sandboxd/sandbox/runtime.go:209.59,210.21 1 0
sandboxd-o/sandboxd/sandbox/runtime.go:210.21,212.3 1 0
sandboxd-o/sandboxd/sandbox/runtime.go:214.2,215.12 2 0
sandboxd-o/sandboxd/sandbox/runtime.go:218.74,220.2 1 0
sandboxd-o/sandboxd/sandbox/runtime.go:222.71,225.2 2 0
sandboxd-o/sandboxd/sandbox/runtime.go:227.66,230.2 2 0
sandboxd-o/sandboxd/sandbox/runtime.go:232.62,234.18 2 0
sandboxd-o/sandboxd/sandbox/runtime.go:234.18,236.3 1 0
sandboxd-o/sandboxd/sandbox/runtime.go:237.2,237.52 1 0
sandboxd-o/sandboxd/sandbox/runtime.go:240.67,241.18 1 0
sandboxd-o/sandboxd/sandbox/runtime.go:241.18,243.3 1 0
sandboxd-o/sandboxd/sandbox/runtime.go:244.2,244.96 1 0
sandboxd-o/sandboxd/sandbox/runtime.go:247.87,248.55 1 0
sandboxd-o/sandboxd/sandbox/runtime.go:248.55,251.3 2 0
sandboxd-o/sandboxd/sandbox/runtime.go:253.2,253.30 1 0
sandboxd-o/sandboxd/sandbox/runtime.go:253.30,256.3 2 0
sandboxd-o/sandboxd/sandbox/runtime.go:258.2,261.23 4 0
sandboxd-o/sandboxd/sandbox/runtime.go:261.23,262.69 1 0
sandboxd-o/sandboxd/sandbox/runtime.go:262.69,265.24 3 0
sandboxd-o/sandboxd/sandbox/runtime.go:265.24,267.5 1 0
sandboxd-o/sandboxd/sandbox/runtime.go:271.2,272.39 2 0
sandboxd-o/sandboxd/sandbox/runtime.go:272.39,274.54 2 0
sandboxd-o/sandboxd/sandbox/runtime.go:274.54,278.4 3 0
sandboxd-o/sandboxd/sandbox/runtime.go:280.3,281.40 2 0
sandboxd-o/sandboxd/sandbox/runtime.go:281.40,283.44 2 0
sandboxd-o/sandboxd/sandbox/runtime.go:283.44,285.5 1 0
sandboxd-o/sandboxd/sandbox/runtime.go:288.3,288.42 1 0
sandboxd-o/sandboxd/sandbox/runtime.go:288.42,290.4 1 0
sandboxd-o/sandboxd/sandbox/runtime.go:293.2,293.9 1 0
sandboxd-o/sandboxd/sandbox/runtime.go:294.41,294.41 0 0
sandboxd-o/sandboxd/sandbox/runtime.go:295.16,297.25 2 0
sandboxd-o/sandboxd/sandbox/runtime.go:298.18,300.17 2 0
sandboxd-o/sandboxd/sandbox/runtime.go:301.10,302.35 1 0
sandboxd-o/sandboxd/sandbox/runtime.go:305.2,305.34 1 0
sandboxd-o/sandboxd/sandbox/runtime.go:308.112,310.16 2 0
sandboxd-o/sandboxd/sandbox/runtime.go:310.16,315.3 4 0
sandboxd-o/sandboxd/sandbox/runtime.go:317.2,318.23 2 0
sandboxd-o/sandboxd/sandbox/runtime.go:319.51,322.16 3 0
sandboxd-o/sandboxd/sandbox/runtime.go:323.51,326.16 3 0
sandboxd-o/sandboxd/sandbox/runtime.go:327.95,330.16 3 0
sandboxd-o/sandboxd/sandbox/runtime.go:331.10,334.46 3 0
sandboxd-o/sandboxd/sandbox/runtime.go:337.2,337.11 1 0
sandboxd-o/sandboxd/sandbox/runtime.go:340.71,342.23 2 0
sandboxd-o/sandboxd/sandbox/runtime.go:342.23,344.3 1 0
sandboxd-o/sandboxd/sandbox/runtime.go:346.2,346.12 1 0
sandboxd-o/sandboxd/sandbox/runtime.go:349.75,351.23 2 0
sandboxd-o/sandboxd/sandbox/runtime.go:351.23,353.3 1 0
sandboxd-o/sandboxd/sandbox/runtime.go:355.2,355.12 1 0
sandboxd-o/sandboxd/sandbox/runtime.go:358.42,359.34 1 0
sandboxd-o/sandboxd/sandbox/runtime.go:359.34,360.77 1 0
sandboxd-o/sandboxd/sandbox/runtime.go:360.77,362.4 1 0
sandboxd-o/sandboxd/sandbox/runtime.go:364.3,364.30 1 0
sandboxd-o/sandboxd/sandbox/runtime.go:367.2,367.37 1 0
sandboxd-o/sandboxd/sandbox/runtime.go:372.35,379.31 2 0
sandboxd-o/sandboxd/sandbox/runtime.go:379.31,381.23 2 0
sandboxd-o/sandboxd/sandbox/runtime.go:381.23,383.4 1 0
sandboxd-o/sandboxd/sandbox/runtime.go:386.2,386.12 1 0
sandboxd-o/sandboxd/sandbox/runtime.go:389.45,391.16 2 0
sandboxd-o/sandboxd/sandbox/runtime.go:391.16,393.3 1 0
sandboxd-o/sandboxd/sandbox/runtime.go:394.2,399.16 5 0
sandboxd-o/sandboxd/sandbox/runtime.go:399.16,401.18 2 0
sandboxd-o/sandboxd/sandbox/runtime.go:401.18,402.12 1 0
sandboxd-o/sandboxd/sandbox/runtime.go:405.3,407.51 2 0
sandboxd-o/sandboxd/sandbox/runtime.go:407.51,408.12 1 0
sandboxd-o/sandboxd/sandbox/runtime.go:411.3,411.28 1 0
sandboxd-o/sandboxd/sandbox/runtime.go:411.28,412.12 1 0
sandboxd-o/sandboxd/sandbox/runtime.go:414.3,415.24 2 0
sandboxd-o/sandboxd/sandbox/runtime.go:418.2,418.12 1 0
sandboxd-o/sandboxd/sandbox/service.go:49.68,53.16 3 0
sandboxd-o/sandboxd/sandbox/service.go:53.16,55.3 1 0
sandboxd-o/sandboxd/sandbox/service.go:57.2,58.16 2 0
sandboxd-o/sandboxd/sandbox/service.go:58.16,61.3 2 0
sandboxd-o/sandboxd/sandbox/service.go:63.2,63.56 1 0
sandboxd-o/sandboxd/sandbox/service.go:63.56,66.3 2 0
sandboxd-o/sandboxd/sandbox/service.go:68.2,69.16 2 0
sandboxd-o/sandboxd/sandbox/service.go:69.16,72.3 2 0
sandboxd-o/sandboxd/sandbox/service.go:74.2,74.142 1 0
sandboxd-o/sandboxd/sandbox/service.go:74.142,77.3 2 0
sandboxd-o/sandboxd/sandbox/service.go:79.2,97.54 3 0
sandboxd-o/sandboxd/sandbox/service.go:97.54,100.3 2 0
sandboxd-o/sandboxd/sandbox/service.go:102.2,102.15 1 0
sandboxd-o/sandboxd/sandbox/service.go:105.33,105.57 1 0
sandboxd-o/sandboxd/sandbox/service.go:107.51,108.18 1 0
sandboxd-o/sandboxd/sandbox/service.go:108.18,110.3 1 0
sandboxd-o/sandboxd/sandbox/service.go:112.2,112.42 1 0
sandboxd-o/sandboxd/sandbox/service.go:115.110,117.2 1 0
sandboxd-o/sandboxd/sandbox/service.go:119.115,121.16 2 0
sandboxd-o/sandboxd/sandbox/service.go:121.16,123.3 1 0
sandboxd-o/sandboxd/sandbox/service.go:125.2,125.17 1 0
sandboxd-o/sandboxd/sandbox/service.go:128.122,133.12 3 0
sandboxd-o/sandboxd/sandbox/service.go:133.12,135.3 1 0
sandboxd-o/sandboxd/sandbox/service.go:137.2,142.16 5 0
sandboxd-o/sandboxd/sandbox/service.go:142.16,144.3 1 0
sandboxd-o/sandboxd/sandbox/service.go:145.2,147.39 2 0
sandboxd-o/sandboxd/sandbox/service.go:147.39,149.3 1 0
sandboxd-o/sandboxd/sandbox/service.go:151.2,151.48 1 0
sandboxd-o/sandboxd/sandbox/service.go:151.48,153.3 1 0
sandboxd-o/sandboxd/sandbox/service.go:153.8,153.44 1 0
sandboxd-o/sandboxd/sandbox/service.go:153.44,155.3 1 0
sandboxd-o/sandboxd/sandbox/service.go:157.2,158.35 2 0
sandboxd-o/sandboxd/sandbox/service.go:158.35,161.3 2 0
sandboxd-o/sandboxd/sandbox/service.go:163.2,164.16 2 0
sandboxd-o/sandboxd/sandbox/service.go:164.16,166.3 1 0
sandboxd-o/sandboxd/sandbox/service.go:168.2,168.70 1 0
sandboxd-o/sandboxd/sandbox/service.go:168.70,171.3 2 0
sandboxd-o/sandboxd/sandbox/service.go:173.2,180.16 5 0
sandboxd-o/sandboxd/sandbox/service.go:180.16,182.3 1 0
sandboxd-o/sandboxd/sandbox/service.go:183.2,185.48 2 0
sandboxd-o/sandboxd/sandbox/service.go:185.48,187.3 1 0
sandboxd-o/sandboxd/sandbox/service.go:189.2,189.51 1 0
sandboxd-o/sandboxd/sandbox/service.go:189.51,191.3 1 0
sandboxd-o/sandboxd/sandbox/service.go:193.2,194.42 2 0
sandboxd-o/sandboxd/sandbox/service.go:194.42,196.3 1 0
sandboxd-o/sandboxd/sandbox/service.go:197.2,199.11 2 0
sandboxd-o/sandboxd/sandbox/service.go:199.11,204.3 3 0
sandboxd-o/sandboxd/sandbox/service.go:206.2,206.46 1 0
sandboxd-o/sandboxd/sandbox/service.go:209.86,216.16 6 0
sandboxd-o/sandboxd/sandbox/service.go:216.16,219.3 2 0
sandboxd-o/sandboxd/sandbox/service.go:220.2,223.16 3 0
sandboxd-o/sandboxd/sandbox/service.go:223.16,225.3 1 0
sandboxd-o/sandboxd/sandbox/service.go:227.2,227.67 1 0
sandboxd-o/sandboxd/sandbox/service.go:227.67,231.3 3 0
sandboxd-o/sandboxd/sandbox/service.go:232.2,232.47 1 0
sandboxd-o/sandboxd/sandbox/service.go:235.137,238.15 3 0
sandboxd-o/sandboxd/sandbox/service.go:238.15,239.14 1 0
sandboxd-o/sandboxd/sandbox/service.go:239.14,241.4 1 0
sandboxd-o/sandboxd/sandbox/service.go:243.3,244.22 2 0
sandboxd-o/sandboxd/sandbox/service.go:244.22,246.4 1 0
sandboxd-o/sandboxd/sandbox/service.go:248.3,251.88 4 0
sandboxd-o/sandboxd/sandbox/service.go:254.2,257.16 4 0
sandboxd-o/sandboxd/sandbox/service.go:257.16,260.3 2 0
sandboxd-o/sandboxd/sandbox/service.go:261.2,264.35 3 0
sandboxd-o/sandboxd/sandbox/service.go:264.35,267.17 3 0
sandboxd-o/sandboxd/sandbox/service.go:267.17,271.4 3 0
sandboxd-o/sandboxd/sandbox/service.go:273.3,278.21 5 0
sandboxd-o/sandboxd/sandbox/service.go:278.21,282.4 3 0
sandboxd-o/sandboxd/sandbox/service.go:284.3,287.17 4 0
sandboxd-o/sandboxd/sandbox/service.go:287.17,290.4 2 0
sandboxd-o/sandboxd/sandbox/service.go:292.3,292.30 1 0
sandboxd-o/sandboxd/sandbox/service.go:295.2,295.18 1 0
sandboxd-o/sandboxd/sandbox/service.go:295.18,297.3 1 0
sandboxd-o/sandboxd/sandbox/service.go:298.2,300.57 2 0
sandboxd-o/sandboxd/sandbox/service.go:300.57,302.3 1 0
sandboxd-o/sandboxd/sandbox/service.go:303.2,307.58 4 0
sandboxd-o/sandboxd/sandbox/service.go:307.58,309.3 1 0
sandboxd-o/sandboxd/sandbox/service.go:311.2,311.52 1 0
sandboxd-o/sandboxd/sandbox/service.go:311.52,313.3 1 0
sandboxd-o/sandboxd/sandbox/service.go:315.2,322.42 5 0
sandboxd-o/sandboxd/sandbox/service.go:322.42,324.3 1 0
sandboxd-o/sandboxd/sandbox/service.go:325.2,328.17 3 0
sandboxd-o/sandboxd/sandbox/service.go:331.65,333.20 2 0
sandboxd-o/sandboxd/sandbox/service.go:333.20,335.3 1 0
sandboxd-o/sandboxd/sandbox/service.go:337.2,338.16 2 0
sandboxd-o/sandboxd/sandbox/service.go:338.16,340.3 1 0
sandboxd-o/sandboxd/sandbox/service.go:342.2,344.64 3 0
sandboxd-o/sandboxd/sandbox/service.go:347.78,349.16 2 0
sandboxd-o/sandboxd/sandbox/service.go:349.16,351.3 1 0
sandboxd-o/sandboxd/sandbox/service.go:352.2,356.16 4 0
sandboxd-o/sandboxd/sandbox/service.go:356.16,357.37 1 0
sandboxd-o/sandboxd/sandbox/service.go:357.37,360.4 2 0
sandboxd-o/sandboxd/sandbox/service.go:362.3,362.13 1 0
sandboxd-o/sandboxd/sandbox/service.go:365.2,372.12 6 0
sandboxd-o/sandboxd/sandbox/service.go:375.78,378.16 3 0
sandboxd-o/sandboxd/sandbox/service.go:378.16,380.3 1 0
sandboxd-o/sandboxd/sandbox/service.go:382.2,383.26 2 0
sandboxd-o/sandboxd/sandbox/service.go:383.26,387.3 3 0
sandboxd-o/sandboxd/sandbox/service.go:389.2,389.17 1 0
sandboxd-o/sandboxd/sandbox/service.go:392.116,395.16 3 0
sandboxd-o/sandboxd/sandbox/service.go:395.16,397.3 1 0
sandboxd-o/sandboxd/sandbox/service.go:399.2,399.16 1 0
sandboxd-o/sandboxd/sandbox/service.go:399.16,401.3 1 0
sandboxd-o/sandboxd/sandbox/service.go:403.2,403.17 1 0
sandboxd-o/sandboxd/sandbox/service.go:403.17,405.3 1 0
sandboxd-o/sandboxd/sandbox/service.go:407.2,407.38 1 0
sandboxd-o/sandboxd/sandbox/service.go:407.38,407.70 1 0
sandboxd-o/sandboxd/sandbox/service.go:408.2,409.18 2 0
sandboxd-o/sandboxd/sandbox/service.go:409.18,410.22 1 0
sandboxd-o/sandboxd/sandbox/service.go:410.22,411.26 1 0
sandboxd-o/sandboxd/sandbox/service.go:411.26,413.10 2 0
sandboxd-o/sandboxd/sandbox/service.go:416.4,416.20 1 0
sandboxd-o/sandboxd/sandbox/service.go:420.2,421.57 2 0
sandboxd-o/sandboxd/sandbox/service.go:421.57,425.3 3 0
sandboxd-o/sandboxd/sandbox/service.go:427.2,428.49 2 0
sandboxd-o/sandboxd/sandbox/service.go:428.49,430.3 1 0
sandboxd-o/sandboxd/sandbox/service.go:432.2,432.30 1 0
sandboxd-o/sandboxd/sandbox/service.go:435.86,437.16 2 0
sandboxd-o/sandboxd/sandbox/service.go:437.16,439.3 1 0
sandboxd-o/sandboxd/sandbox/service.go:441.2,444.16 3 0
sandboxd-o/sandboxd/sandbox/service.go:447.99,448.25 1 0
sandboxd-o/sandboxd/sandbox/service.go:448.25,450.3 1 0
sandboxd-o/sandboxd/sandbox/service.go:452.2,457.16 3 0
sandboxd-o/sandboxd/sandbox/service.go:457.16,459.3 1 0
sandboxd-o/sandboxd/sandbox/service.go:461.2,461.25 1 0
sandboxd-o/sandboxd/sandbox/service.go:461.25,462.25 1 0
sandboxd-o/sandboxd/sandbox/service.go:462.25,463.12 1 0
sandboxd-o/sandboxd/sandbox/service.go:466.3,466.30 1 0
sandboxd-o/sandboxd/sandbox/service.go:466.30,472.4 2 0
sandboxd-o/sandboxd/sandbox/service.go:475.2,475.30 1 0
sandboxd-o/sandboxd/sandbox/service.go:475.30,477.56 2 0
sandboxd-o/sandboxd/sandbox/service.go:477.56,479.4 1 0
sandboxd-o/sandboxd/sandbox/service.go:481.3,481.84 1 0
sandboxd-o/sandboxd/sandbox/service.go:481.84,483.4 1 0
sandboxd-o/sandboxd/sandbox/service.go:485.3,485.64 1 0
sandboxd-o/sandboxd/sandbox/service.go:485.64,487.4 1 0
sandboxd-o/sandboxd/sandbox/service.go:490.2,490.12 1 0
sandboxd-o/sandboxd/sandbox/service.go:493.97,496.30 3 0
sandboxd-o/sandboxd/sandbox/service.go:496.30,500.3 3 0
sandboxd-o/sandboxd/sandbox/service.go:501.2,503.16 2 0
sandboxd-o/sandboxd/sandbox/service.go:503.16,505.26 2 0
sandboxd-o/sandboxd/sandbox/service.go:505.26,506.39 1 0
sandboxd-o/sandboxd/sandbox/service.go:506.39,508.5 1 0
sandboxd-o/sandboxd/sandbox/service.go:511.3,511.20 1 0
sandboxd-o/sandboxd/sandbox/service.go:515.58,517.36 2 0
sandboxd-o/sandboxd/sandbox/service.go:517.36,518.21 1 0
sandboxd-o/sandboxd/sandbox/service.go:518.21,520.4 1 0
sandboxd-o/sandboxd/sandbox/service.go:523.2,523.19 1 0
sandboxd-o/sandboxd/sandbox/service.go:526.76,532.2 4 0
sandboxd-o/sandboxd/sandbox/service.go:534.45,536.2 1 0
sandboxd-o/sandboxd/sandbox/service.go:538.56,540.20 2 0
sandboxd-o/sandboxd/sandbox/service.go:540.20,542.17 2 0
sandboxd-o/sandboxd/sandbox/service.go:542.17,544.4 1 0
sandboxd-o/sandboxd/sandbox/service.go:545.3,547.13 2 0
sandboxd-o/sandboxd/sandbox/service.go:550.2,551.16 2 0
sandboxd-o/sandboxd/sandbox/service.go:551.16,553.3 1 0
sandboxd-o/sandboxd/sandbox/service.go:555.2,556.12 2 0
sandboxd-o/sandboxd/sandbox/service.go:559.83,561.34 2 0
sandboxd-o/sandboxd/sandbox/service.go:561.34,562.10 1 0
sandboxd-o/sandboxd/sandbox/service.go:563.21,564.77 1 0
sandboxd-o/sandboxd/sandbox/service.go:565.11,565.11 0 0
sandboxd-o/sandboxd/sandbox/service.go:568.3,568.69 1 0
sandboxd-o/sandboxd/sandbox/service.go:568.69,570.12 2 0
sandboxd-o/sandboxd/sandbox/service.go:573.3,574.36 2 0
sandboxd-o/sandboxd/sandbox/service.go:574.36,576.77 2 0
sandboxd-o/sandboxd/sandbox/service.go:576.77,578.10 2 0
sandboxd-o/sandboxd/sandbox/service.go:582.3,582.17 1 0
sandboxd-o/sandboxd/sandbox/service.go:582.17,584.4 1 0
sandboxd-o/sandboxd/sandbox/service.go:586.3,586.37 1 0
sandboxd-o/sandboxd/sandbox/service.go:589.2,589.77 1 0
sandboxd-o/sandboxd/sandbox/service.go:592.42,594.13 2 0
sandboxd-o/sandboxd/sandbox/service.go:594.13,596.3 1 0
sandboxd-o/sandboxd/sandbox/service.go:598.2,598.10 1 0
sandboxd-o/sandboxd/sandbox/service.go:601.67,604.34 3 0
sandboxd-o/sandboxd/sandbox/service.go:604.34,606.31 2 0
sandboxd-o/sandboxd/sandbox/service.go:606.31,607.43 1 0
sandboxd-o/sandboxd/sandbox/service.go:607.43,608.13 1 0
sandboxd-o/sandboxd/sandbox/service.go:611.4,613.18 3 0
sandboxd-o/sandboxd/sandbox/service.go:613.18,615.10 2 0
sandboxd-o/sandboxd/sandbox/service.go:618.4,618.20 1 0
sandboxd-o/sandboxd/sandbox/service.go:621.3,621.15 1 0
sandboxd-o/sandboxd/sandbox/service.go:621.15,623.24 2 0
sandboxd-o/sandboxd/sandbox/service.go:623.24,625.5 1 0
sandboxd-o/sandboxd/sandbox/service.go:626.9,628.4 1 0
sandboxd-o/sandboxd/sandbox/service.go:630.3,630.37 1 0
sandboxd-o/sandboxd/sandbox/service.go:633.2,633.76 1 0
sandboxd-o/sandboxd/sandbox/service.go:636.62,637.21 1 0
sandboxd-o/sandboxd/sandbox/service.go:637.21,639.3 1 0
sandboxd-o/sandboxd/sandbox/service.go:641.2,641.77 1 0
sandboxd-o/sandboxd/sandbox/service.go:641.77,643.3 1 0
sandboxd-o/sandboxd/sandbox/service.go:645.2,646.59 2 0
sandboxd-o/sandboxd/sandbox/service.go:646.59,647.28 1 0
sandboxd-o/sandboxd/sandbox/service.go:647.28,649.46 2 0
sandboxd-o/sandboxd/sandbox/service.go:649.46,651.5 1 0
sandboxd-o/sandboxd/sandbox/service.go:655.2,655.14 1 0
sandboxd-o/sandboxd/sandbox/service.go:658.52,659.15 1 0
sandboxd-o/sandboxd/sandbox/service.go:659.15,661.3 1 0
sandboxd-o/sandboxd/sandbox/service.go:663.2,666.34 4 0
sandboxd-o/sandboxd/sandbox/service.go:666.34,671.3 4 0
sandboxd-o/sandboxd/sandbox/service.go:673.2,673.13 1 0
sandboxd-o/sandboxd/sandbox/state.go:22.64,24.18 2 0
sandboxd-o/sandboxd/sandbox/state.go:24.18,26.3 1 0
sandboxd-o/sandboxd/sandbox/state.go:26.8,26.39 1 0
sandboxd-o/sandboxd/sandbox/state.go:26.39,28.3 1 0
sandboxd-o/sandboxd/sandbox/state.go:30.2,30.34 1 0
sandboxd-o/sandboxd/sandbox/state.go:33.82,49.35 4 0
sandboxd-o/sandboxd/sandbox/state.go:49.35,60.3 1 0
sandboxd-o/sandboxd/sandbox/state.go:62.2,62.12 1 0
sandboxd-o/sandboxd/store/file_store.go:16.55,17.52 1 1
sandboxd-o/sandboxd/store/file_store.go:17.52,19.3 1 0
sandboxd-o/sandboxd/store/file_store.go:21.2,21.42 1 1
sandboxd-o/sandboxd/store/file_store.go:24.51,26.48 2 1
sandboxd-o/sandboxd/store/file_store.go:26.48,28.3 1 0
sandboxd-o/sandboxd/store/file_store.go:30.2,31.16 2 1
sandboxd-o/sandboxd/store/file_store.go:31.16,33.3 1 0
sandboxd-o/sandboxd/store/file_store.go:35.2,35.65 1 1
sandboxd-o/sandboxd/store/file_store.go:38.61,40.16 2 1
sandboxd-o/sandboxd/store/file_store.go:40.16,42.3 1 1
sandboxd-o/sandboxd/store/file_store.go:44.2,45.47 2 1
sandboxd-o/sandboxd/store/file_store.go:45.47,47.3 1 0
sandboxd-o/sandboxd/store/file_store.go:49.2,49.17 1 1
sandboxd-o/sandboxd/store/file_store.go:52.45,54.36 2 1
sandboxd-o/sandboxd/store/file_store.go:54.36,56.3 1 0
sandboxd-o/sandboxd/store/file_store.go:58.2,58.12 1 1
sandboxd-o/sandboxd/store/file_store.go:61.54,63.16 2 1
sandboxd-o/sandboxd/store/file_store.go:63.16,65.3 1 0
sandboxd-o/sandboxd/store/file_store.go:67.2,68.28 2 1
sandboxd-o/sandboxd/store/file_store.go:68.28,69.17 1 1
sandboxd-o/sandboxd/store/file_store.go:69.17,70.12 1 0
sandboxd-o/sandboxd/store/file_store.go:73.3,74.17 2 1
sandboxd-o/sandboxd/store/file_store.go:74.17,76.4 1 1
sandboxd-o/sandboxd/store/file_store.go:79.2,79.17 1 1
