mode: atomic
sandboxd-o/orchestrator/cache/resource_cache.go:21.40,23.2 1 2
sandboxd-o/orchestrator/cache/resource_cache.go:25.74,32.2 5 3
sandboxd-o/orchestrator/cache/resource_cache.go:34.91,43.2 7 1
sandboxd-o/orchestrator/cache/resource_cache.go:45.45,49.2 3 1
sandboxd-o/orchestrator/cache/resource_cache.go:51.102,55.39 4 5
sandboxd-o/orchestrator/cache/resource_cache.go:55.39,57.3 1 2
sandboxd-o/orchestrator/cache/resource_cache.go:59.2,60.42 2 3
sandboxd-o/orchestrator/cache/resource_cache.go:60.42,62.3 1 0
sandboxd-o/orchestrator/cache/resource_cache.go:64.2,64.14 1 3
sandboxd-o/orchestrator/cache/resource_cache.go:64.14,66.3 1 1
sandboxd-o/orchestrator/cache/resource_cache.go:68.2,68.41 1 2
sandboxd-o/orchestrator/cache/resource_cache.go:68.41,70.3 1 1
sandboxd-o/orchestrator/cache/resource_cache.go:72.2,72.13 1 1
sandboxd-o/orchestrator/cache/resource_cache.go:75.51,85.2 1 3
sandboxd-o/orchestrator/client/client.go:14.57,19.2 1 2
sandboxd-o/orchestrator/client/do.go:13.97,15.17 2 8
sandboxd-o/orchestrator/client/do.go:15.17,17.17 2 1
sandboxd-o/orchestrator/client/do.go:17.17,19.4 1 0
sandboxd-o/orchestrator/client/do.go:20.3,20.32 1 1
sandboxd-o/orchestrator/client/do.go:23.2,24.16 2 8
sandboxd-o/orchestrator/client/do.go:24.16,26.3 1 0
sandboxd-o/orchestrator/client/do.go:28.2,28.17 1 8
sandboxd-o/orchestrator/client/do.go:28.17,30.3 1 1
sandboxd-o/orchestrator/client/do.go:32.2,33.16 2 8
sandboxd-o/orchestrator/client/do.go:33.16,35.3 1 0
sandboxd-o/orchestrator/client/do.go:36.2,39.28 3 8
sandboxd-o/orchestrator/client/do.go:39.28,41.16 2 0
sandboxd-o/orchestrator/client/do.go:41.16,43.4 1 0
sandboxd-o/orchestrator/client/do.go:45.3,45.73 1 0
sandboxd-o/orchestrator/client/do.go:48.2,48.19 1 8
sandboxd-o/orchestrator/client/do.go:48.19,50.3 1 0
sandboxd-o/orchestrator/client/do.go:52.2,53.50 2 8
sandboxd-o/orchestrator/client/do.go:53.50,55.3 1 0
sandboxd-o/orchestrator/client/do.go:57.2,57.17 1 8
sandboxd-o/orchestrator/client/nodes.go:17.53,19.16 2 1
sandboxd-o/orchestrator/client/nodes.go:19.16,21.3 1 0
sandboxd-o/orchestrator/client/nodes.go:23.2,23.37 1 1
sandboxd-o/orchestrator/client/nodes.go:23.37,24.38 1 1
sandboxd-o/orchestrator/client/nodes.go:24.38,26.4 1 1
sandboxd-o/orchestrator/client/nodes.go:29.2,29.37 1 0
sandboxd-o/orchestrator/client/nodes.go:32.70,34.16 2 1
sandboxd-o/orchestrator/client/nodes.go:34.16,36.3 1 0
sandboxd-o/orchestrator/client/nodes.go:38.2,39.16 2 1
sandboxd-o/orchestrator/client/nodes.go:39.16,41.3 1 0
sandboxd-o/orchestrator/client/nodes.go:43.2,44.47 2 1
sandboxd-o/orchestrator/client/nodes.go:44.47,46.3 1 0
sandboxd-o/orchestrator/client/nodes.go:48.2,48.12 1 1
sandboxd-o/orchestrator/client/nodes.go:48.12,50.3 1 0
sandboxd-o/orchestrator/client/nodes.go:52.2,52.16 1 1
sandboxd-o/orchestrator/client/sandboxes.go:12.73,14.2 1 1
sandboxd-o/orchestrator/client/sandboxes.go:16.103,18.18 2 1
sandboxd-o/orchestrator/client/sandboxes.go:18.18,20.3 1 1
sandboxd-o/orchestrator/client/sandboxes.go:22.2,22.15 1 1
sandboxd-o/orchestrator/client/sandboxes.go:22.15,24.3 1 1
sandboxd-o/orchestrator/client/sandboxes.go:26.2,27.32 2 1
sandboxd-o/orchestrator/client/sandboxes.go:27.32,29.3 1 1
sandboxd-o/orchestrator/client/sandboxes.go:31.2,31.45 1 1
sandboxd-o/orchestrator/client/sandboxes.go:34.85,36.2 1 1
sandboxd-o/orchestrator/client/sandboxes.go:38.109,40.2 1 1
sandboxd-o/orchestrator/client/sandboxes.go:42.88,44.2 1 1
sandboxd-o/orchestrator/client/sandboxes.go:46.132,48.18 2 1
sandboxd-o/orchestrator/client/sandboxes.go:48.18,50.3 1 1
sandboxd-o/orchestrator/client/sandboxes.go:52.2,52.15 1 1
sandboxd-o/orchestrator/client/sandboxes.go:52.15,54.3 1 1
sandboxd-o/orchestrator/client/sandboxes.go:56.2,57.32 2 1
sandboxd-o/orchestrator/client/sandboxes.go:57.32,59.3 1 1
sandboxd-o/orchestrator/client/sandboxes.go:61.2,61.45 1 1
sandboxd-o/pkg/envutil/envutil.go:10.34,12.13 2 2
sandboxd-o/pkg/envutil/envutil.go:12.13,14.3 1 1
sandboxd-o/pkg/envutil/envutil.go:16.2,16.10 1 1
sandboxd-o/pkg/envutil/envutil.go:19.38,21.13 2 2
sandboxd-o/pkg/envutil/envutil.go:21.13,23.3 1 0
sandboxd-o/pkg/envutil/envutil.go:25.2,26.16 2 2
sandboxd-o/pkg/envutil/envutil.go:26.16,28.3 1 1
sandboxd-o/pkg/envutil/envutil.go:30.2,30.10 1 1
sandboxd-o/pkg/envutil/envutil.go:33.63,35.13 2 2
sandboxd-o/pkg/envutil/envutil.go:35.13,37.3 1 0
sandboxd-o/pkg/envutil/envutil.go:39.2,40.26 2 2
sandboxd-o/pkg/envutil/envutil.go:40.26,42.3 1 1
sandboxd-o/pkg/envutil/envutil.go:44.2,44.10 1 1
sandboxd-o/pkg/envutil/envutil.go:47.41,49.13 2 2
sandboxd-o/pkg/envutil/envutil.go:49.13,51.3 1 0
sandboxd-o/pkg/envutil/envutil.go:53.2,53.11 1 2
sandboxd-o/pkg/envutil/envutil.go:54.37,55.14 1 1
sandboxd-o/pkg/envutil/envutil.go:56.38,57.15 1 1
sandboxd-o/pkg/envutil/envutil.go:58.10,59.13 1 0
sandboxd-o/pkg/httplog/middleware.go:14.60,15.32 1 1
sandboxd-o/pkg/httplog/middleware.go:15.32,29.45 6 2
sandboxd-o/pkg/httplog/middleware.go:29.45,31.4 1 1
sandboxd-o/pkg/httplog/middleware.go:32.3,32.46 1 1
sandboxd-o/pkg/httplog/middleware.go:32.46,34.4 1 0
sandboxd-o/pkg/httplog/middleware.go:36.3,37.27 2 1
sandboxd-o/pkg/httplog/middleware.go:37.27,39.4 1 6
sandboxd-o/pkg/httplog/middleware.go:40.3,40.63 1 1
sandboxd-o/pkg/httplog/middleware.go:44.61,45.32 1 1
sandboxd-o/pkg/httplog/middleware.go:45.32,46.16 1 2
sandboxd-o/pkg/httplog/middleware.go:46.16,47.48 1 2
sandboxd-o/pkg/httplog/middleware.go:47.48,55.5 2 1
sandboxd-o/pkg/httplog/middleware.go:57.3,57.13 1 2
sandboxd-o/pkg/logging/logging.go:33.53,36.19 3 1
sandboxd-o/pkg/logging/logging.go:36.19,38.17 2 1
sandboxd-o/pkg/logging/logging.go:38.17,40.4 1 0
sandboxd-o/pkg/logging/logging.go:43.2,45.61 1 1
sandboxd-o/pkg/logging/logging.go:45.61,46.17 1 17
sandboxd-o/pkg/logging/logging.go:47.22,48.17 1 4
sandboxd-o/pkg/logging/logging.go:49.23,50.66 1 4
sandboxd-o/pkg/logging/logging.go:52.4,52.12 1 17
sandboxd-o/pkg/logging/logging.go:56.2,72.23 6 1
sandboxd-o/pkg/logging/logging.go:72.23,78.3 2 1
sandboxd-o/pkg/logging/logging.go:80.2,83.55 3 1
sandboxd-o/pkg/logging/logging.go:83.55,85.3 1 1
sandboxd-o/pkg/logging/logging.go:87.2,87.24 1 1
sandboxd-o/pkg/logging/logging.go:87.24,89.34 2 1
sandboxd-o/pkg/logging/logging.go:89.34,91.4 1 1
sandboxd-o/pkg/logging/logging.go:92.3,92.36 1 1
sandboxd-o/pkg/logging/logging.go:95.2,96.23 2 1
sandboxd-o/pkg/logging/logging.go:96.23,98.3 1 1
sandboxd-o/pkg/logging/logging.go:100.2,104.8 1 1
sandboxd-o/pkg/logging/logging.go:107.32,108.14 1 1
sandboxd-o/pkg/logging/logging.go:108.14,110.3 1 0
sandboxd-o/pkg/logging/logging.go:111.2,111.21 1 1
sandboxd-o/pkg/logging/logging.go:111.21,113.3 1 1
sandboxd-o/pkg/logging/logging.go:114.2,114.12 1 0
sandboxd-o/pkg/logging/logging.go:117.47,118.14 1 1
sandboxd-o/pkg/logging/logging.go:118.14,120.3 1 0
sandboxd-o/pkg/logging/logging.go:121.2,121.26 1 1
sandboxd-o/pkg/logging/logging.go:124.49,125.19 1 1
sandboxd-o/pkg/logging/logging.go:125.19,127.3 1 1
sandboxd-o/pkg/logging/logging.go:129.2,133.3 2 0
sandboxd-o/pkg/logging/logging.go:140.50,141.33 1 1
sandboxd-o/pkg/logging/logging.go:141.33,143.3 1 0
sandboxd-o/pkg/logging/logging.go:145.2,146.15 2 1
sandboxd-o/pkg/logging/logging.go:146.15,148.3 1 0
sandboxd-o/pkg/logging/logging.go:150.2,151.20 2 1
sandboxd-o/pkg/logging/logging.go:161.80,162.19 1 8
sandboxd-o/pkg/logging/logging.go:162.19,164.3 1 2
sandboxd-o/pkg/logging/logging.go:165.2,165.31 1 6
sandboxd-o/pkg/logging/logging.go:165.31,167.3 1 0
sandboxd-o/pkg/logging/logging.go:168.2,168.38 1 6
sandboxd-o/pkg/logging/logging.go:171.82,173.2 1 4
sandboxd-o/pkg/logging/logging.go:175.70,182.2 1 3
sandboxd-o/pkg/logging/logging.go:184.64,191.2 1 0
sandboxd-o/pkg/logging/logging.go:197.73,198.31 1 2
sandboxd-o/pkg/logging/logging.go:198.31,199.28 1 2
sandboxd-o/pkg/logging/logging.go:199.28,201.4 1 2
sandboxd-o/pkg/logging/logging.go:203.2,203.14 1 0
sandboxd-o/pkg/logging/logging.go:206.75,207.31 1 2
sandboxd-o/pkg/logging/logging.go:207.31,208.35 1 6
sandboxd-o/pkg/logging/logging.go:208.35,210.4 1 4
sandboxd-o/pkg/logging/logging.go:212.2,212.12 1 2
sandboxd-o/pkg/logging/logging.go:215.63,217.31 2 1
sandboxd-o/pkg/logging/logging.go:217.31,219.3 1 3
sandboxd-o/pkg/logging/logging.go:220.2,220.35 1 1
sandboxd-o/pkg/logging/logging.go:223.57,225.31 2 0
sandboxd-o/pkg/logging/logging.go:225.31,227.3 1 0
sandboxd-o/pkg/logging/logging.go:228.2,228.35 1 0
sandboxd-o/pkg/logging/logging.go:239.77,241.51 2 1
sandboxd-o/pkg/logging/logging.go:241.51,243.3 1 0
sandboxd-o/pkg/logging/logging.go:244.2,244.15 1 1
sandboxd-o/pkg/logging/logging.go:247.59,252.35 4 2
sandboxd-o/pkg/logging/logging.go:252.35,253.39 1 0
sandboxd-o/pkg/logging/logging.go:253.39,255.4 1 0
sandboxd-o/pkg/logging/logging.go:258.2,258.19 1 2
sandboxd-o/pkg/logging/logging.go:258.19,259.39 1 0
sandboxd-o/pkg/logging/logging.go:259.39,261.4 1 0
sandboxd-o/pkg/logging/logging.go:264.2,265.16 2 2
sandboxd-o/pkg/logging/logging.go:265.16,267.3 1 0
sandboxd-o/pkg/logging/logging.go:268.2,268.38 1 2
sandboxd-o/pkg/logging/logging.go:268.38,270.3 1 0
sandboxd-o/pkg/logging/logging.go:271.2,271.15 1 2
sandboxd-o/pkg/logging/logging.go:274.44,278.19 3 1
sandboxd-o/pkg/logging/logging.go:278.19,280.3 1 0
sandboxd-o/pkg/logging/logging.go:281.2,281.38 1 1
sandboxd-o/pkg/logging/logging.go:281.38,285.3 3 0
sandboxd-o/pkg/logging/logging.go:286.2,288.12 3 1
sandboxd-o/pkg/logging/logging.go:291.58,292.50 1 1
sandboxd-o/pkg/logging/logging.go:292.50,294.3 1 0
sandboxd-o/pkg/logging/logging.go:296.2,296.19 1 1
sandboxd-o/pkg/logging/logging.go:296.19,300.3 3 0
sandboxd-o/pkg/logging/logging.go:302.2,304.16 3 1
sandboxd-o/pkg/logging/logging.go:304.16,306.3 1 0
sandboxd-o/pkg/logging/logging.go:308.2,310.12 3 1
sandboxd-o/pkg/logging/logging.go:313.62,316.2 2 1
sandboxd-o/pkg/logging/logging.go:318.44,318.76 1 9
sandboxd-o/pkg/logging/logging.go:320.36,322.2 1 4
sandboxd-o/pkg/logging/logging.go:324.42,326.19 2 2
sandboxd-o/pkg/logging/logging.go:326.19,328.3 1 2
sandboxd-o/pkg/logging/logging.go:330.2,330.15 1 2
sandboxd-o/pkg/logging/logging.go:330.15,332.3 1 2
sandboxd-o/pkg/logging/logging.go:334.2,334.33 1 2
sandboxd-o/sandboxd/config/config.go:46.29,48.16 2 1
sandboxd-o/sandboxd/config/config.go:48.16,50.3 1 0
sandboxd-o/sandboxd/config/config.go:52.2,68.3 1 1
sandboxd-o/sandboxd/config/config.go:71.44,72.33 1 2
sandboxd-o/sandboxd/config/config.go:72.33,74.3 1 2
sandboxd-o/sandboxd/config/config.go:76.2,76.28 1 2
sandboxd-o/sandboxd/config/config.go:76.28,78.3 1 2
sandboxd-o/sandboxd/config/config.go:80.2,80.23 1 2
sandboxd-o/sandboxd/config/config.go:80.23,82.3 1 2
sandboxd-o/sandboxd/config/config.go:84.2,84.31 1 2
sandboxd-o/sandboxd/config/config.go:84.31,86.3 1 2
sandboxd-o/sandboxd/config/config.go:88.2,88.26 1 2
sandboxd-o/sandboxd/config/config.go:88.26,90.3 1 2
sandboxd-o/sandboxd/config/config.go:92.2,92.27 1 2
sandboxd-o/sandboxd/config/config.go:92.27,94.3 1 2
sandboxd-o/sandboxd/config/config.go:96.2,96.32 1 2
sandboxd-o/sandboxd/config/config.go:96.32,98.3 1 2
sandboxd-o/sandboxd/config/config.go:100.2,100.29 1 2
sandboxd-o/sandboxd/config/config.go:100.29,102.3 1 2
sandboxd-o/sandboxd/config/config.go:104.2,104.27 1 2
sandboxd-o/sandboxd/config/config.go:104.27,106.3 1 2
sandboxd-o/sandboxd/config/config.go:108.2,108.29 1 2
sandboxd-o/sandboxd/config/config.go:108.29,110.3 1 2
sandboxd-o/sandboxd/config/config.go:112.2,112.59 1 2
sandboxd-o/sandboxd/config/config.go:112.59,114.3 1 2
sandboxd-o/sandboxd/config/config.go:116.2,116.31 1 2
sandboxd-o/sandboxd/config/config.go:116.31,118.3 1 2
sandboxd-o/sandboxd/config/config.go:120.2,120.37 1 2
sandboxd-o/sandboxd/config/config.go:120.37,122.3 1 2
sandboxd-o/sandboxd/config/config.go:124.2,124.31 1 2
sandboxd-o/sandboxd/config/config.go:124.31,126.3 1 2
sandboxd-o/sandboxd/config/config.go:128.2,128.12 1 2
sandboxd-o/sandboxd/http/external_ip.go:15.68,18.16 3 1
sandboxd-o/sandboxd/http/external_ip.go:18.16,20.3 1 1
sandboxd-o/sandboxd/http/external_ip.go:22.2,22.39 1 0
sandboxd-o/sandboxd/http/response.go:9.78,10.22 1 1
sandboxd-o/sandboxd/http/response.go:10.22,12.3 1 1
sandboxd-o/sandboxd/http/response.go:14.2,14.23 1 1
sandboxd-o/sandboxd/http/response.go:17.56,19.2 1 0
sandboxd-o/sandboxd/http/response.go:21.64,22.15 1 1
sandboxd-o/sandboxd/http/response.go:22.15,24.3 1 1
sandboxd-o/sandboxd/http/response.go:26.2,26.35 1 1
sandboxd-o/sandboxd/model/validate.go:8.48,9.16 1 4
sandboxd-o/sandboxd/model/validate.go:9.16,11.3 1 0
sandboxd-o/sandboxd/model/validate.go:13.2,13.27 1 4
sandboxd-o/sandboxd/model/validate.go:13.27,15.3 1 0
sandboxd-o/sandboxd/model/validate.go:17.2,18.33 2 4
sandboxd-o/sandboxd/model/validate.go:18.33,19.36 1 5
sandboxd-o/sandboxd/model/validate.go:19.36,21.4 1 0
sandboxd-o/sandboxd/model/validate.go:23.3,23.46 1 5
sandboxd-o/sandboxd/model/validate.go:23.46,25.4 1 0
sandboxd-o/sandboxd/model/validate.go:27.3,27.49 1 5
sandboxd-o/sandboxd/model/validate.go:27.49,29.4 1 0
sandboxd-o/sandboxd/model/validate.go:31.3,31.37 1 5
sandboxd-o/sandboxd/model/validate.go:31.37,33.4 1 1
sandboxd-o/sandboxd/model/validate.go:35.3,35.33 1 4
sandboxd-o/sandboxd/model/validate.go:38.2,39.28 2 3
sandboxd-o/sandboxd/model/validate.go:39.28,40.93 1 3
sandboxd-o/sandboxd/model/validate.go:40.93,42.4 1 0
sandboxd-o/sandboxd/model/validate.go:44.3,44.24 1 3
sandboxd-o/sandboxd/model/validate.go:44.24,46.4 1 1
sandboxd-o/sandboxd/model/validate.go:48.3,49.18 2 2
sandboxd-o/sandboxd/model/validate.go:49.18,51.4 1 0
sandboxd-o/sandboxd/model/validate.go:53.3,53.39 1 2
sandboxd-o/sandboxd/model/validate.go:53.39,55.4 1 1
sandboxd-o/sandboxd/model/validate.go:57.3,57.45 1 1
sandboxd-o/sandboxd/model/validate.go:57.45,59.4 1 0
sandboxd-o/sandboxd/model/validate.go:61.3,61.41 1 1
sandboxd-o/sandboxd/model/validate.go:64.2,64.12 1 1
sandboxd-o/sandboxd/store/file_store.go:16.55,17.52 1 2
sandboxd-o/sandboxd/store/file_store.go:17.52,19.3 1 0
sandboxd-o/sandboxd/store/file_store.go:21.2,21.42 1 2
sandboxd-o/sandboxd/store/file_store.go:24.51,26.48 2 1
sandboxd-o/sandboxd/store/file_store.go:26.48,28.3 1 0
sandboxd-o/sandboxd/store/file_store.go:30.2,31.16 2 1
sandboxd-o/sandboxd/store/file_store.go:31.16,33.3 1 0
sandboxd-o/sandboxd/store/file_store.go:35.2,35.65 1 1
sandboxd-o/sandboxd/store/file_store.go:38.61,40.16 2 3
sandboxd-o/sandboxd/store/file_store.go:40.16,42.3 1 1
sandboxd-o/sandboxd/store/file_store.go:44.2,45.47 2 2
sandboxd-o/sandboxd/store/file_store.go:45.47,47.3 1 0
sandboxd-o/sandboxd/store/file_store.go:49.2,49.17 1 2
sandboxd-o/sandboxd/store/file_store.go:52.45,54.36 2 1
sandboxd-o/sandboxd/store/file_store.go:54.36,56.3 1 0
sandboxd-o/sandboxd/store/file_store.go:58.2,58.12 1 1
sandboxd-o/sandboxd/store/file_store.go:61.54,63.16 2 1
sandboxd-o/sandboxd/store/file_store.go:63.16,65.3 1 0
sandboxd-o/sandboxd/store/file_store.go:67.2,68.28 2 1
sandboxd-o/sandboxd/store/file_store.go:68.28,69.17 1 1
sandboxd-o/sandboxd/store/file_store.go:69.17,70.12 1 0
sandboxd-o/sandboxd/store/file_store.go:73.3,74.17 2 1
sandboxd-o/sandboxd/store/file_store.go:74.17,76.4 1 1
sandboxd-o/sandboxd/store/file_store.go:79.2,79.17 1 1
sandboxd-o/pkg/configutil/configutil.go:8.36,11.26 3 2
sandboxd-o/pkg/configutil/configutil.go:11.26,13.3 1 5
sandboxd-o/pkg/configutil/configutil.go:15.2,15.12 1 2
sandboxd-o/pkg/configutil/configutil.go:18.48,20.15 2 2
sandboxd-o/pkg/configutil/configutil.go:20.15,22.3 1 1
sandboxd-o/pkg/configutil/configutil.go:24.2,25.34 2 1
sandboxd-o/pkg/configutil/configutil.go:25.34,26.14 1 2
sandboxd-o/pkg/configutil/configutil.go:26.14,28.4 1 2
sandboxd-o/pkg/configutil/configutil.go:31.2,31.19 1 1
sandboxd-o/pkg/configutil/configutil.go:31.19,33.3 1 0
sandboxd-o/pkg/configutil/configutil.go:35.2,35.12 1 1
sandboxd-o/orchestrator/config/config.go:50.29,55.16 4 1
sandboxd-o/orchestrator/config/config.go:55.16,57.3 1 0
sandboxd-o/orchestrator/config/config.go:59.2,60.16 2 1
sandboxd-o/orchestrator/config/config.go:60.16,62.3 1 1
sandboxd-o/orchestrator/config/config.go:64.2,64.16 1 1
sandboxd-o/orchestrator/config/config.go:64.16,66.3 1 0
sandboxd-o/orchestrator/config/config.go:68.2,85.35 2 1
sandboxd-o/orchestrator/config/config.go:85.35,87.3 1 0
sandboxd-o/orchestrator/config/config.go:89.2,89.38 1 1
sandboxd-o/orchestrator/config/config.go:89.38,91.3 1 0
sandboxd-o/orchestrator/config/config.go:93.2,93.34 1 1
sandboxd-o/orchestrator/config/config.go:93.34,95.3 1 0
sandboxd-o/orchestrator/config/config.go:97.2,97.35 1 1
sandboxd-o/orchestrator/config/config.go:97.35,99.3 1 0
sandboxd-o/orchestrator/config/config.go:101.2,101.36 1 1
sandboxd-o/orchestrator/config/config.go:101.36,103.3 1 0
sandboxd-o/orchestrator/config/config.go:105.2,105.36 1 1
sandboxd-o/orchestrator/config/config.go:105.36,107.3 1 0
sandboxd-o/orchestrator/config/config.go:109.2,109.34 1 1
sandboxd-o/orchestrator/config/config.go:109.34,111.30 2 1
sandboxd-o/orchestrator/config/config.go:111.30,112.50 1 1
sandboxd-o/orchestrator/config/config.go:112.50,114.5 1 0
sandboxd-o/orchestrator/config/config.go:118.2,118.17 1 1
sandboxd-o/orchestrator/config/config.go:121.64,124.16 3 3
sandboxd-o/orchestrator/config/config.go:124.16,125.25 1 1
sandboxd-o/orchestrator/config/config.go:125.25,127.4 1 1
sandboxd-o/orchestrator/config/config.go:129.3,129.61 1 0
sandboxd-o/orchestrator/config/config.go:132.2,132.48 1 2
sandboxd-o/orchestrator/config/config.go:132.48,134.3 1 1
sandboxd-o/orchestrator/config/config.go:136.2,136.15 1 1
sandboxd-o/orchestrator/repo/node_repo.go:31.54,32.38 1 1
sandboxd-o/orchestrator/repo/node_repo.go:32.38,33.42 1 1
sandboxd-o/orchestrator/repo/node_repo.go:33.42,34.26 1 1
sandboxd-o/orchestrator/repo/node_repo.go:34.26,35.59 1 1
sandboxd-o/orchestrator/repo/node_repo.go:35.59,36.56 1 1
sandboxd-o/orchestrator/repo/node_repo.go:36.56,38.7 1 0
sandboxd-o/orchestrator/repo/node_repo.go:41.5,42.25 2 1
sandboxd-o/orchestrator/repo/node_repo.go:42.25,44.6 1 0
sandboxd-o/orchestrator/repo/node_repo.go:45.5,46.87 2 1
sandboxd-o/orchestrator/repo/node_repo.go:47.10,49.5 1 0
sandboxd-o/orchestrator/repo/node_repo.go:53.2,54.16 2 1
sandboxd-o/orchestrator/repo/node_repo.go:54.16,56.3 1 0
sandboxd-o/orchestrator/repo/node_repo.go:58.2,60.36 3 1
sandboxd-o/orchestrator/repo/node_repo.go:60.36,63.3 2 0
sandboxd-o/orchestrator/repo/node_repo.go:65.2,65.37 1 1
sandboxd-o/orchestrator/repo/node_repo.go:68.40,69.29 1 1
sandboxd-o/orchestrator/repo/node_repo.go:69.29,71.3 1 0
sandboxd-o/orchestrator/repo/node_repo.go:73.2,73.21 1 1
sandboxd-o/orchestrator/repo/node_repo.go:76.32,114.43 4 1
sandboxd-o/orchestrator/repo/node_repo.go:114.43,116.3 1 0
sandboxd-o/orchestrator/repo/node_repo.go:117.2,117.44 1 1
sandboxd-o/orchestrator/repo/node_repo.go:117.44,119.3 1 0
sandboxd-o/orchestrator/repo/node_repo.go:120.2,120.47 1 1
sandboxd-o/orchestrator/repo/node_repo.go:120.47,122.3 1 0
sandboxd-o/orchestrator/repo/node_repo.go:124.2,124.12 1 1
sandboxd-o/orchestrator/repo/node_repo.go:127.106,148.16 6 1
sandboxd-o/orchestrator/repo/node_repo.go:148.16,150.3 1 0
sandboxd-o/orchestrator/repo/node_repo.go:151.2,151.101 1 1
sandboxd-o/orchestrator/repo/node_repo.go:151.101,153.3 1 0
sandboxd-o/orchestrator/repo/node_repo.go:154.2,155.12 2 1
sandboxd-o/orchestrator/repo/node_repo.go:158.77,159.98 1 1
sandboxd-o/orchestrator/repo/node_repo.go:159.98,161.3 1 0
sandboxd-o/orchestrator/repo/node_repo.go:162.2,162.95 1 1
sandboxd-o/orchestrator/repo/node_repo.go:162.95,164.3 1 0
sandboxd-o/orchestrator/repo/node_repo.go:165.2,166.12 2 1
sandboxd-o/orchestrator/repo/node_repo.go:169.89,180.2 2 1
sandboxd-o/orchestrator/repo/node_repo.go:182.79,193.16 3 2
sandboxd-o/orchestrator/repo/node_repo.go:193.16,195.3 1 0
sandboxd-o/orchestrator/repo/node_repo.go:196.2,199.18 3 2
sandboxd-o/orchestrator/repo/node_repo.go:199.18,201.17 2 1
sandboxd-o/orchestrator/repo/node_repo.go:201.17,203.4 1 0
sandboxd-o/orchestrator/repo/node_repo.go:205.3,206.23 2 1
sandboxd-o/orchestrator/repo/node_repo.go:209.2,209.35 1 2
sandboxd-o/orchestrator/repo/node_repo.go:209.35,211.3 1 0
sandboxd-o/orchestrator/repo/node_repo.go:213.2,213.17 1 2
sandboxd-o/orchestrator/repo/node_repo.go:216.176,219.19 3 1
sandboxd-o/orchestrator/repo/node_repo.go:219.19,221.3 1 1
sandboxd-o/orchestrator/repo/node_repo.go:223.2,233.12 3 1
sandboxd-o/orchestrator/repo/node_repo.go:236.111,239.26 3 1
sandboxd-o/orchestrator/repo/node_repo.go:239.26,241.3 1 0
sandboxd-o/orchestrator/repo/node_repo.go:243.2,283.12 3 1
sandboxd-o/orchestrator/repo/node_repo.go:288.46,290.16 2 1
sandboxd-o/orchestrator/repo/node_repo.go:290.16,292.3 1 0
sandboxd-o/orchestrator/repo/node_repo.go:294.2,295.16 2 1
sandboxd-o/orchestrator/repo/node_repo.go:298.50,298.81 1 1
sandboxd-o/orchestrator/repo/node_repo.go:300.52,315.16 6 2
sandboxd-o/orchestrator/repo/node_repo.go:315.16,317.3 1 0
sandboxd-o/orchestrator/repo/node_repo.go:318.2,321.16 3 2
sandboxd-o/orchestrator/repo/node_repo.go:321.16,323.3 1 0
sandboxd-o/orchestrator/repo/node_repo.go:325.2,326.16 2 2
sandboxd-o/orchestrator/repo/node_repo.go:326.16,328.3 1 0
sandboxd-o/orchestrator/repo/node_repo.go:330.2,333.37 3 2
sandboxd-o/orchestrator/repo/node_repo.go:333.37,335.17 2 1
sandboxd-o/orchestrator/repo/node_repo.go:335.17,337.4 1 0
sandboxd-o/orchestrator/repo/node_repo.go:339.3,339.24 1 1
sandboxd-o/orchestrator/repo/node_repo.go:342.2,342.49 1 2
sandboxd-o/orchestrator/repo/node_repo.go:342.49,344.17 2 0
sandboxd-o/orchestrator/repo/node_repo.go:344.17,346.4 1 0
sandboxd-o/orchestrator/repo/node_repo.go:347.3,347.30 1 0
sandboxd-o/orchestrator/repo/node_repo.go:350.2,350.15 1 2
sandboxd-o/orchestrator/service/bootstrap.go:8.61,10.42 2 1
sandboxd-o/orchestrator/service/bootstrap.go:10.42,11.65 1 2
sandboxd-o/orchestrator/service/bootstrap.go:11.65,18.12 2 1
sandboxd-o/orchestrator/service/bootstrap.go:21.3,22.23 2 1
sandboxd-o/orchestrator/service/bootstrap.go:22.23,28.4 1 0
sandboxd-o/orchestrator/service/bootstrap.go:30.3,30.80 1 1
sandboxd-o/orchestrator/service/bootstrap.go:30.80,32.4 1 0
sandboxd-o/orchestrator/service/bootstrap.go:35.2,35.12 1 1
sandboxd-o/orchestrator/service/loops.go:12.59,13.12 1 1
sandboxd-o/orchestrator/service/loops.go:13.12,16.7 3 1
sandboxd-o/orchestrator/service/loops.go:16.7,17.11 1 3
sandboxd-o/orchestrator/service/loops.go:18.22,19.11 1 1
sandboxd-o/orchestrator/service/loops.go:20.15,21.28 1 2
sandboxd-o/orchestrator/service/loops.go:27.62,28.12 1 1
sandboxd-o/orchestrator/service/loops.go:28.12,31.7 3 1
sandboxd-o/orchestrator/service/loops.go:31.7,32.11 1 4
sandboxd-o/orchestrator/service/loops.go:33.22,34.11 1 1
sandboxd-o/orchestrator/service/loops.go:35.15,36.31 1 3
sandboxd-o/orchestrator/service/loops.go:42.57,44.16 2 4
sandboxd-o/orchestrator/service/loops.go:44.16,47.3 2 1
sandboxd-o/orchestrator/service/loops.go:49.2,49.40 1 3
sandboxd-o/orchestrator/service/loops.go:52.60,54.16 2 5
sandboxd-o/orchestrator/service/loops.go:54.16,57.3 2 1
sandboxd-o/orchestrator/service/loops.go:59.2,59.48 1 4
sandboxd-o/orchestrator/service/loops.go:62.110,63.49 1 8
sandboxd-o/orchestrator/service/loops.go:63.49,64.27 1 0
sandboxd-o/orchestrator/service/loops.go:64.27,66.4 1 0
sandboxd-o/orchestrator/service/loops.go:67.3,67.9 1 0
sandboxd-o/orchestrator/service/loops.go:70.2,74.26 4 8
sandboxd-o/orchestrator/service/loops.go:74.26,77.28 3 16
sandboxd-o/orchestrator/service/loops.go:77.28,79.17 2 16
sandboxd-o/orchestrator/service/loops.go:79.17,79.26 1 16
sandboxd-o/orchestrator/service/loops.go:80.4,80.17 1 16
sandboxd-o/orchestrator/service/loops.go:84.2,84.11 1 8
sandboxd-o/orchestrator/service/node_ops.go:12.120,13.70 1 2
sandboxd-o/orchestrator/service/node_ops.go:13.70,15.3 1 0
sandboxd-o/orchestrator/service/node_ops.go:17.2,17.18 1 2
sandboxd-o/orchestrator/service/node_ops.go:17.18,19.3 1 0
sandboxd-o/orchestrator/service/node_ops.go:21.2,21.83 1 2
sandboxd-o/orchestrator/service/node_ops.go:21.83,23.3 1 0
sandboxd-o/orchestrator/service/node_ops.go:25.2,26.16 2 2
sandboxd-o/orchestrator/service/node_ops.go:26.16,28.3 1 0
sandboxd-o/orchestrator/service/node_ops.go:30.2,32.38 3 2
sandboxd-o/orchestrator/service/node_ops.go:35.70,36.35 1 3
sandboxd-o/orchestrator/service/node_ops.go:36.35,38.3 1 1
sandboxd-o/orchestrator/service/node_ops.go:40.2,40.53 1 2
sandboxd-o/orchestrator/service/node_ops.go:40.53,42.3 1 0
sandboxd-o/orchestrator/service/node_ops.go:44.2,45.12 2 2
sandboxd-o/orchestrator/service/node_ops.go:48.72,50.2 1 2
sandboxd-o/orchestrator/service/node_ops.go:52.82,54.2 1 1
sandboxd-o/orchestrator/service/node_ops.go:56.111,58.16 2 1
sandboxd-o/orchestrator/service/node_ops.go:58.16,60.3 1 0
sandboxd-o/orchestrator/service/node_ops.go:62.2,63.18 2 1
sandboxd-o/orchestrator/service/probe.go:12.64,22.16 8 12
sandboxd-o/orchestrator/service/probe.go:22.16,24.55 2 8
sandboxd-o/orchestrator/service/probe.go:24.55,26.4 1 4
sandboxd-o/orchestrator/service/probe.go:28.3,30.94 3 8
sandboxd-o/orchestrator/service/probe.go:30.94,32.4 1 3
sandboxd-o/orchestrator/service/probe.go:33.8,37.59 4 4
sandboxd-o/orchestrator/service/probe.go:37.59,39.4 1 1
sandboxd-o/orchestrator/service/probe.go:42.2,42.22 1 12
sandboxd-o/orchestrator/service/probe.go:42.22,44.3 1 1
sandboxd-o/orchestrator/service/probe.go:46.2,46.148 1 12
sandboxd-o/orchestrator/service/probe.go:46.148,48.3 1 0
sandboxd-o/orchestrator/service/probe.go:51.72,57.16 5 12
sandboxd-o/orchestrator/service/probe.go:57.16,60.3 2 4
sandboxd-o/orchestrator/service/probe.go:62.2,65.103 4 8
sandboxd-o/orchestrator/service/probe.go:65.103,67.3 1 1
sandboxd-o/orchestrator/service/probe.go:69.2,69.69 1 7
sandboxd-o/orchestrator/service/probe.go:69.69,72.3 2 0
sandboxd-o/orchestrator/service/probe.go:74.2,74.45 1 7
sandboxd-o/orchestrator/service/service.go:17.47,19.16 2 2
sandboxd-o/orchestrator/service/service.go:19.16,21.3 1 0
sandboxd-o/orchestrator/service/service.go:23.2,23.79 1 2
sandboxd-o/orchestrator/service/service.go:26.51,26.76 1 2
sandboxd-o/orchestrator/service/service.go:27.51,27.76 1 1
sandboxd-o/orchestrator/service/service.go:28.51,28.83 1 1
sandboxd-o/orchestrator/service/validation.go:12.57,13.35 1 6
sandboxd-o/orchestrator/service/validation.go:13.35,15.3 1 1
sandboxd-o/orchestrator/service/validation.go:17.2,17.47 1 5
sandboxd-o/orchestrator/service/validation.go:17.47,19.3 1 1
sandboxd-o/orchestrator/service/validation.go:21.2,21.30 1 4
sandboxd-o/orchestrator/service/validation.go:21.30,23.3 1 0
sandboxd-o/orchestrator/service/validation.go:25.2,25.12 1 4
sandboxd-o/orchestrator/http/handlers/handler.go:20.41,22.2 1 3
sandboxd-o/orchestrator/http/handlers/handler.go:24.43,26.2 1 2
sandboxd-o/orchestrator/http/handlers/handler.go:28.48,30.47 2 2
sandboxd-o/orchestrator/http/handlers/handler.go:30.47,33.3 2 0
sandboxd-o/orchestrator/http/handlers/handler.go:35.2,36.16 2 2
sandboxd-o/orchestrator/http/handlers/handler.go:36.16,37.46 1 1
sandboxd-o/orchestrator/http/handlers/handler.go:37.46,40.4 2 1
sandboxd-o/orchestrator/http/handlers/handler.go:42.3,43.9 2 0
sandboxd-o/orchestrator/http/handlers/handler.go:46.2,46.41 1 1
sandboxd-o/orchestrator/http/handlers/handler.go:49.45,51.16 2 1
sandboxd-o/orchestrator/http/handlers/handler.go:51.16,54.3 2 0
sandboxd-o/orchestrator/http/handlers/handler.go:56.2,56.46 1 1
sandboxd-o/orchestrator/http/handlers/handler.go:59.43,61.16 2 2
sandboxd-o/orchestrator/http/handlers/handler.go:61.16,62.36 1 1
sandboxd-o/orchestrator/http/handlers/handler.go:62.36,65.4 2 1
sandboxd-o/orchestrator/http/handlers/handler.go:67.3,68.9 2 0
sandboxd-o/orchestrator/http/handlers/handler.go:71.2,71.41 1 1
sandboxd-o/orchestrator/http/handlers/handler.go:74.46,75.79 1 1
sandboxd-o/orchestrator/http/handlers/handler.go:75.79,76.46 1 0
sandboxd-o/orchestrator/http/handlers/handler.go:76.46,79.4 2 0
sandboxd-o/orchestrator/http/handlers/handler.go:81.3,82.9 2 0
sandboxd-o/orchestrator/http/handlers/handler.go:85.2,85.58 1 1
sandboxd-o/orchestrator/http/handlers/handler.go:88.49,90.16 2 1
sandboxd-o/orchestrator/http/handlers/handler.go:90.16,91.36 1 0
sandboxd-o/orchestrator/http/handlers/handler.go:91.36,94.4 2 0
sandboxd-o/orchestrator/http/handlers/handler.go:96.3,97.9 2 0
sandboxd-o/orchestrator/http/handlers/handler.go:100.2,103.18 4 1
sandboxd-o/orchestrator/http/handlers/handler.go:103.18,105.3 1 0
sandboxd-o/orchestrator/http/handlers/handler.go:107.2,108.18 2 1
sandboxd-o/orchestrator/http/handlers/handler.go:108.18,110.3 1 1
sandboxd-o/orchestrator/http/handlers/handler.go:112.2,118.4 1 1
sandboxd-o/orchestrator/http/handlers/handler.go:121.53,123.16 2 1
sandboxd-o/orchestrator/http/handlers/handler.go:123.16,126.3 2 0
sandboxd-o/orchestrator/http/handlers/handler.go:128.2,130.27 3 1
sandboxd-o/orchestrator/http/handlers/handler.go:133.50,135.16 2 1
sandboxd-o/orchestrator/http/handlers/handler.go:135.16,138.3 2 0
sandboxd-o/orchestrator/http/handlers/handler.go:140.2,141.27 2 1
sandboxd-o/orchestrator/http/handlers/handler.go:144.53,146.16 2 1
sandboxd-o/orchestrator/http/handlers/handler.go:146.16,149.3 2 0
sandboxd-o/orchestrator/http/handlers/handler.go:151.2,152.47 2 1
sandboxd-o/orchestrator/http/handlers/handler.go:152.47,155.3 2 0
sandboxd-o/orchestrator/http/handlers/handler.go:157.2,158.27 2 1
sandboxd-o/orchestrator/http/handlers/handler.go:161.53,163.16 2 1
sandboxd-o/orchestrator/http/handlers/handler.go:163.16,166.3 2 0
sandboxd-o/orchestrator/http/handlers/handler.go:168.2,169.27 2 1
sandboxd-o/orchestrator/http/handlers/handler.go:172.53,174.16 2 1
sandboxd-o/orchestrator/http/handlers/handler.go:174.16,177.3 2 0
sandboxd-o/orchestrator/http/handlers/handler.go:179.2,181.27 3 1
sandboxd-o/orchestrator/http/handlers/handler.go:184.49,186.16 2 1
sandboxd-o/orchestrator/http/handlers/handler.go:186.16,189.3 2 0
sandboxd-o/orchestrator/http/handlers/handler.go:191.2,192.27 2 1
sandboxd-o/orchestrator/http/handlers/handler.go:195.48,196.35 1 2
sandboxd-o/orchestrator/http/handlers/handler.go:196.35,199.3 2 1
sandboxd-o/orchestrator/http/handlers/handler.go:201.2,201.69 1 1
sandboxd-o/orchestrator/http/handlers/handler.go:204.66,205.16 1 8
sandboxd-o/orchestrator/http/handlers/handler.go:205.16,208.3 2 1
sandboxd-o/orchestrator/http/handlers/handler.go:210.2,210.28 1 7
sandboxd-o/orchestrator/http/handlers/handler.go:213.34,214.16 1 4
sandboxd-o/orchestrator/http/handlers/handler.go:214.16,216.3 1 3
sandboxd-o/orchestrator/http/handlers/handler.go:218.2,218.20 1 1
