mode: atomic
sandboxd-o/orchestrator/cache/resource_cache.go:21.40,23.2 1 2
sandboxd-o/orchestrator/cache/resource_cache.go:25.74,32.2 5 3
sandboxd-o/orchestrator/cache/resource_cache.go:34.91,43.2 7 1
sandboxd-o/orchestrator/cache/resource_cache.go:45.45,49.2 3 1
sandboxd-o/orchestrator/cache/resource_cache.go:51.102,55.39 4 5
sandboxd-o/orchestrator/cache/resource_cache.go:55.39,57.3 1 2
sandboxd-o/orchestrator/cache/resource_cache.go:59.2,60.42 2 3
sandboxd-o/orchestrator/cache/resource_cache.go:60.42,62.3 1 0
sandboxd-o/orchestrator/cache/resource_cache.go:64.2,64.14 1 3
sandboxd-o/orchestrator/cache/resource_cache.go:64.14,66.3 1 1
sandboxd-o/orchestrator/cache/resource_cache.go:68.2,68.41 1 2
sandboxd-o/orchestrator/cache/resource_cache.go:68.41,70.3 1 1
sandboxd-o/orchestrator/cache/resource_cache.go:72.2,72.13 1 1
sandboxd-o/orchestrator/cache/resource_cache.go:75.51,85.2 1 3
sandboxd-o/orchestrator/client/client.go:14.57,19.2 1 2
sandboxd-o/orchestrator/client/do.go:13.97,15.17 2 8
sandboxd-o/orchestrator/client/do.go:15.17,17.17 2 1
sandboxd-o/orchestrator/client/do.go:17.17,19.4 1 0
sandboxd-o/orchestrator/client/do.go:20.3,20.32 1 1
sandboxd-o/orchestrator/client/do.go:23.2,24.16 2 8
sandboxd-o/orchestrator/client/do.go:24.16,26.3 1 0
sandboxd-o/orchestrator/client/do.go:28.2,28.17 1 8
sandboxd-o/orchestrator/client/do.go:28.17,30.3 1 1
sandboxd-o/orchestrator/client/do.go:32.2,33.16 2 8
sandboxd-o/orchestrator/client/do.go:33.16,35.3 1 0
sandboxd-o/orchestrator/client/do.go:36.2,39.28 3 8
sandboxd-o/orchestrator/client/do.go:39.28,41.16 2 0
sandboxd-o/orchestrator/client/do.go:41.16,43.4 1 0
sandboxd-o/orchestrator/client/do.go:45.3,45.73 1 0
sandboxd-o/orchestrator/client/do.go:48.2,48.19 1 8
sandboxd-o/orchestrator/client/do.go:48.19,50.3 1 0
sandboxd-o/orchestrator/client/do.go:52.2,53.50 2 8
sandboxd-o/orchestrator/client/do.go:53.50,55.3 1 0
sandboxd-o/orchestrator/client/do.go:57.2,57.17 1 8
sandboxd-o/orchestrator/client/nodes.go:17.53,19.16 2 1
sandboxd-o/orchestrator/client/nodes.go:19.16,21.3 1 0
sandboxd-o/orchestrator/client/nodes.go:23.2,23.37 1 1
sandboxd-o/orchestrator/client/nodes.go:23.37,24.38 1 1
sandboxd-o/orchestrator/client/nodes.go:24.38,26.4 1 1
sandboxd-o/orchestrator/client/nodes.go:29.2,29.37 1 0
sandboxd-o/orchestrator/client/nodes.go:32.70,34.16 2 1
sandboxd-o/orchestrator/client/nodes.go:34.16,36.3 1 0
sandboxd-o/orchestrator/client/nodes.go:38.2,39.16 2 1
sandboxd-o/orchestrator/client/nodes.go:39.16,41.3 1 0
sandboxd-o/orchestrator/client/nodes.go:43.2,44.47 2 1
sandboxd-o/orchestrator/client/nodes.go:44.47,46.3 1 0
sandboxd-o/orchestrator/client/nodes.go:48.2,48.12 1 1
sandboxd-o/orchestrator/client/nodes.go:48.12,50.3 1 0
sandboxd-o/orchestrator/client/nodes.go:52.2,52.16 1 1
sandboxd-o/orchestrator/client/sandboxes.go:12.73,14.2 1 1
sandboxd-o/orchestrator/client/sandboxes.go:16.103,18.18 2 1
sandboxd-o/orchestrator/client/sandboxes.go:18.18,20.3 1 1
sandboxd-o/orchestrator/client/sandboxes.go:22.2,22.15 1 1
sandboxd-o/orchestrator/client/sandboxes.go:22.15,24.3 1 1
sandboxd-o/orchestrator/client/sandboxes.go:26.2,27.32 2 1
sandboxd-o/orchestrator/client/sandboxes.go:27.32,29.3 1 1
sandboxd-o/orchestrator/client/sandboxes.go:31.2,31.45 1 1
sandboxd-o/orchestrator/client/sandboxes.go:34.85,36.2 1 1
sandboxd-o/orchestrator/client/sandboxes.go:38.109,40.2 1 1
sandboxd-o/orchestrator/client/sandboxes.go:42.88,44.2 1 1
sandboxd-o/orchestrator/client/sandboxes.go:46.132,48.18 2 1
sandboxd-o/orchestrator/client/sandboxes.go:48.18,50.3 1 1
sandboxd-o/orchestrator/client/sandboxes.go:52.2,52.15 1 1
sandboxd-o/orchestrator/client/sandboxes.go:52.15,54.3 1 1
sandboxd-o/orchestrator/client/sandboxes.go:56.2,57.32 2 1
sandboxd-o/orchestrator/client/sandboxes.go:57.32,59.3 1 1
sandboxd-o/orchestrator/client/sandboxes.go:61.2,61.45 1 1
sandboxd-o/pkg/envutil/envutil.go:10.34,12.13 2 2
sandboxd-o/pkg/envutil/envutil.go:12.13,14.3 1 1
sandboxd-o/pkg/envutil/envutil.go:16.2,16.10 1 1
sandboxd-o/pkg/envutil/envutil.go:19.38,21.13 2 2
sandboxd-o/pkg/envutil/envutil.go:21.13,23.3 1 0
sandboxd-o/pkg/envutil/envutil.go:25.2,26.16 2 2
sandboxd-o/pkg/envutil/envutil.go:26.16,28.3 1 1
sandboxd-o/pkg/envutil/envutil.go:30.2,30.10 1 1
sandboxd-o/pkg/envutil/envutil.go:33.63,35.13 2 2
sandboxd-o/pkg/envutil/envutil.go:35.13,37.3 1 0
sandboxd-o/pkg/envutil/envutil.go:39.2,40.26 2 2
sandboxd-o/pkg/envutil/envutil.go:40.26,42.3 1 1
sandboxd-o/pkg/envutil/envutil.go:44.2,44.10 1 1
sandboxd-o/pkg/envutil/envutil.go:47.41,49.13 2 2
sandboxd-o/pkg/envutil/envutil.go:49.13,51.3 1 0
sandboxd-o/pkg/envutil/envutil.go:53.2,53.11 1 2
sandboxd-o/pkg/envutil/envutil.go:54.37,55.14 1 1
sandboxd-o/pkg/envutil/envutil.go:56.38,57.15 1 1
sandboxd-o/pkg/envutil/envutil.go:58.10,59.13 1 0
sandboxd-o/pkg/httplog/middleware.go:14.60,15.32 1 1
sandboxd-o/pkg/httplog/middleware.go:15.32,29.45 6 2
sandboxd-o/pkg/httplog/middleware.go:29.45,31.4 1 1
sandboxd-o/pkg/httplog/middleware.go:32.3,32.46 1 1
sandboxd-o/pkg/httplog/middleware.go:32.46,34.4 1 0
sandboxd-o/pkg/httplog/middleware.go:36.3,37.27 2 1
sandboxd-o/pkg/httplog/middleware.go:37.27,39.4 1 6
sandboxd-o/pkg/httplog/middleware.go:40.3,40.63 1 1
sandboxd-o/pkg/httplog/middleware.go:44.61,45.32 1 1
sandboxd-o/pkg/httplog/middleware.go:45.32,46.16 1 2
sandboxd-o/pkg/httplog/middleware.go:46.16,47.48 1 2
sandboxd-o/pkg/httplog/middleware.go:47.48,55.5 2 1
sandboxd-o/pkg/httplog/middleware.go:57.3,57.13 1 2
sandboxd-o/pkg/logging/logging.go:33.53,36.19 3 1
sandboxd-o/pkg/logging/logging.go:36.19,38.17 2 1
sandboxd-o/pkg/logging/logging.go:38.17,40.4 1 0
sandboxd-o/pkg/logging/logging.go:43.2,45.61 1 1
sandboxd-o/pkg/logging/logging.go:45.61,46.17 1 17
sandboxd-o/pkg/logging/logging.go:47.22,48.17 1 4
sandboxd-o/pkg/logging/logging.go:49.23,50.66 1 4
sandboxd-o/pkg/logging/logging.go:52.4,52.12 1 17
sandboxd-o/pkg/logging/logging.go:56.2,72.23 6 1
sandboxd-o/pkg/logging/logging.go:72.23,78.3 2 1
sandboxd-o/pkg/logging/logging.go:80.2,83.55 3 1
sandboxd-o/pkg/logging/logging.go:83.55,85.3 1 1
sandboxd-o/pkg/logging/logging.go:87.2,87.24 1 1
sandboxd-o/pkg/logging/logging.go:87.24,89.34 2 1
sandboxd-o/pkg/logging/logging.go:89.34,91.4 1 1
sandboxd-o/pkg/logging/logging.go:92.3,92.36 1 1
sandboxd-o/pkg/logging/logging.go:95.2,96.23 2 1
sandboxd-o/pkg/logging/logging.go:96.23,98.3 1 1
sandboxd-o/pkg/logging/logging.go:100.2,104.8 1 1
sandboxd-o/pkg/logging/logging.go:107.32,108.14 1 1
sandboxd-o/pkg/logging/logging.go:108.14,110.3 1 0
sandboxd-o/pkg/logging/logging.go:111.2,111.21 1 1
sandboxd-o/pkg/logging/logging.go:111.21,113.3 1 1
sandboxd-o/pkg/logging/logging.go:114.2,114.12 1 0
sandboxd-o/pkg/logging/logging.go:117.47,118.14 1 1
sandboxd-o/pkg/logging/logging.go:118.14,120.3 1 0
sandboxd-o/pkg/logging/logging.go:121.2,121.26 1 1
sandboxd-o/pkg/logging/logging.go:124.49,125.19 1 1
sandboxd-o/pkg/logging/logging.go:125.19,127.3 1 1
sandboxd-o/pkg/logging/logging.go:129.2,133.3 2 0
sandboxd-o/pkg/logging/logging.go:140.50,141.33 1 1
sandboxd-o/pkg/logging/logging.go:141.33,143.3 1 0
sandboxd-o/pkg/logging/logging.go:145.2,146.15 2 1
sandboxd-o/pkg/logging/logging.go:146.15,148.3 1 0
sandboxd-o/pkg/logging/logging.go:150.2,151.20 2 1
sandboxd-o/pkg/logging/logging.go:161.80,162.19 1 8
sandboxd-o/pkg/logging/logging.go:162.19,164.3 1 2
sandboxd-o/pkg/logging/logging.go:165.2,165.31 1 6
sandboxd-o/pkg/logging/logging.go:165.31,167.3 1 0
sandboxd-o/pkg/logging/logging.go:168.2,168.38 1 6
sandboxd-o/pkg/logging/logging.go:171.82,173.2 1 4
sandboxd-o/pkg/logging/logging.go:175.70,182.2 1 3
sandboxd-o/pkg/logging/logging.go:184.64,191.2 1 0
sandboxd-o/pkg/logging/logging.go:197.73,198.31 1 2
sandboxd-o/pkg/logging/logging.go:198.31,199.28 1 2
sandboxd-o/pkg/logging/logging.go:199.28,201.4 1 2
sandboxd-o/pkg/logging/logging.go:203.2,203.14 1 0
sandboxd-o/pkg/logging/logging.go:206.75,207.31 1 2
sandboxd-o/pkg/logging/logging.go:207.31,208.35 1 6
sandboxd-o/pkg/logging/logging.go:208.35,210.4 1 4
sandboxd-o/pkg/logging/logging.go:212.2,212.12 1 2
sandboxd-o/pkg/logging/logging.go:215.63,217.31 2 1
sandboxd-o/pkg/logging/logging.go:217.31,219.3 1 3
sandboxd-o/pkg/logging/logging.go:220.2,220.35 1 1
sandboxd-o/pkg/logging/logging.go:223.57,225.31 2 0
sandboxd-o/pkg/logging/logging.go:225.31,227.3 1 0
sandboxd-o/pkg/logging/logging.go:228.2,228.35 1 0
sandboxd-o/pkg/logging/logging.go:239.77,241.51 2 1
sandboxd-o/pkg/logging/logging.go:241.51,243.3 1 0
sandboxd-o/pkg/logging/logging.go:244.2,244.15 1 1
sandboxd-o/pkg/logging/logging.go:247.59,252.35 4 2
sandboxd-o/pkg/logging/logging.go:252.35,253.39 1 0
sandboxd-o/pkg/logging/logging.go:253.39,255.4 1 0
sandboxd-o/pkg/logging/logging.go:258.2,258.19 1 2
sandboxd-o/pkg/logging/logging.go:258.19,259.39 1 0
sandboxd-o/pkg/logging/logging.go:259.39,261.4 1 0
sandboxd-o/pkg/logging/logging.go:264.2,265.16 2 2
sandboxd-o/pkg/logging/logging.go:265.16,267.3 1 0
sandboxd-o/pkg/logging/logging.go:268.2,268.38 1 2
sandboxd-o/pkg/logging/logging.go:268.38,270.3 1 0
sandboxd-o/pkg/logging/logging.go:271.2,271.15 1 2
sandboxd-o/pkg/logging/logging.go:274.44,278.19 3 1
sandboxd-o/pkg/logging/logging.go:278.19,280.3 1 0
sandboxd-o/pkg/logging/logging.go:281.2,281.38 1 1
sandboxd-o/pkg/logging/logging.go:281.38,285.3 3 0
sandboxd-o/pkg/logging/logging.go:286.2,288.12 3 1
sandboxd-o/pkg/logging/logging.go:291.58,292.50 1 1
sandboxd-o/pkg/logging/logging.go:292.50,294.3 1 0
sandboxd-o/pkg/logging/logging.go:296.2,296.19 1 1
sandboxd-o/pkg/logging/logging.go:296.19,300.3 3 0
sandboxd-o/pkg/logging/logging.go:302.2,304.16 3 1
sandboxd-o/pkg/logging/logging.go:304.16,306.3 1 0
sandboxd-o/pkg/logging/logging.go:308.2,310.12 3 1
sandboxd-o/pkg/logging/logging.go:313.62,316.2 2 1
sandboxd-o/pkg/logging/logging.go:318.44,318.76 1 9
sandboxd-o/pkg/logging/logging.go:320.36,322.2 1 4
sandboxd-o/pkg/logging/logging.go:324.42,326.19 2 2
sandboxd-o/pkg/logging/logging.go:326.19,328.3 1 2
sandboxd-o/pkg/logging/logging.go:330.2,330.15 1 2
sandboxd-o/pkg/logging/logging.go:330.15,332.3 1 2
sandboxd-o/pkg/logging/logging.go:334.2,334.33 1 2
sandboxd-o/sandboxd/config/config.go:46.29,48.16 2 1
sandboxd-o/sandboxd/config/config.go:48.16,50.3 1 0
sandboxd-o/sandboxd/config/config.go:52.2,68.3 1 1
sandboxd-o/sandboxd/config/config.go:71.44,72.33 1 2
sandboxd-o/sandboxd/config/config.go:72.33,74.3 1 2
sandboxd-o/sandboxd/config/config.go:76.2,76.28 1 2
sandboxd-o/sandboxd/config/config.go:76.28,78.3 1 2
sandboxd-o/sandboxd/config/config.go:80.2,80.23 1 2
sandboxd-o/sandboxd/config/config.go:80.23,82.3 1 2
sandboxd-o/sandboxd/config/config.go:84.2,84.31 1 2
sandboxd-o/sandboxd/config/config.go:84.31,86.3 1 2
sandboxd-o/sandboxd/config/config.go:88.2,88.26 1 2
sandboxd-o/sandboxd/config/config.go:88.26,90.3 1 2
sandboxd-o/sandboxd/config/config.go:92.2,92.27 1 2
sandboxd-o/sandboxd/config/config.go:92.27,94.3 1 2
sandboxd-o/sandboxd/config/config.go:96.2,96.32 1 2
sandboxd-o/sandboxd/config/config.go:96.32,98.3 1 2
sandboxd-o/sandboxd/config/config.go:100.2,100.29 1 2
sandboxd-o/sandboxd/config/config.go:100.29,102.3 1 2
sandboxd-o/sandboxd/config/config.go:104.2,104.27 1 2
sandboxd-o/sandboxd/config/config.go:104.27,106.3 1 2
sandboxd-o/sandboxd/config/config.go:108.2,108.29 1 2
sandboxd-o/sandboxd/config/config.go:108.29,110.3 1 2
sandboxd-o/sandboxd/config/config.go:112.2,112.59 1 2
sandboxd-o/sandboxd/config/config.go:112.59,114.3 1 2
sandboxd-o/sandboxd/config/config.go:116.2,116.31 1 2
sandboxd-o/sandboxd/config/config.go:116.31,118.3 1 2
sandboxd-o/sandboxd/config/config.go:120.2,120.37 1 2
sandboxd-o/sandboxd/config/config.go:120.37,122.3 1 2
sandboxd-o/sandboxd/config/config.go:124.2,124.31 1 2
sandboxd-o/sandboxd/config/config.go:124.31,126.3 1 2
sandboxd-o/sandboxd/config/config.go:128.2,128.12 1 2
sandboxd-o/sandboxd/http/external_ip.go:15.68,18.16 3 1
sandboxd-o/sandboxd/http/external_ip.go:18.16,20.3 1 1
sandboxd-o/sandboxd/http/external_ip.go:22.2,22.39 1 0
sandboxd-o/sandboxd/http/handlers.go:17.42,19.2 1 0
sandboxd-o/sandboxd/http/handlers.go:21.45,23.16 2 0
sandboxd-o/sandboxd/http/handlers.go:23.16,26.3 2 0
sandboxd-o/sandboxd/http/handlers.go:28.2,28.61 1 0
sandboxd-o/sandboxd/http/handlers.go:31.48,33.47 2 0
sandboxd-o/sandboxd/http/handlers.go:33.47,36.3 2 0
sandboxd-o/sandboxd/http/handlers.go:38.2,38.18 1 0
sandboxd-o/sandboxd/http/handlers.go:38.18,40.3 1 0
sandboxd-o/sandboxd/http/handlers.go:42.2,46.16 4 0
sandboxd-o/sandboxd/http/handlers.go:46.16,49.3 2 0
sandboxd-o/sandboxd/http/handlers.go:51.2,51.97 1 0
sandboxd-o/sandboxd/http/handlers.go:54.45,56.16 2 0
sandboxd-o/sandboxd/http/handlers.go:56.16,57.37 1 0
sandboxd-o/sandboxd/http/handlers.go:57.37,60.4 2 0
sandboxd-o/sandboxd/http/handlers.go:62.3,63.9 2 0
sandboxd-o/sandboxd/http/handlers.go:66.2,66.91 1 0
sandboxd-o/sandboxd/http/handlers.go:69.48,73.16 4 0
sandboxd-o/sandboxd/http/handlers.go:73.16,76.3 2 0
sandboxd-o/sandboxd/http/handlers.go:78.2,78.118 1 0
sandboxd-o/sandboxd/http/handlers.go:81.48,84.66 3 0
sandboxd-o/sandboxd/http/handlers.go:84.66,87.3 2 0
sandboxd-o/sandboxd/http/handlers.go:89.2,89.116 1 0
sandboxd-o/sandboxd/http/handlers.go:92.44,95.51 3 0
sandboxd-o/sandboxd/http/handlers.go:95.51,98.3 2 0
sandboxd-o/sandboxd/http/handlers.go:100.2,100.87 1 0
sandboxd-o/sandboxd/http/handlers.go:103.51,107.20 4 0
sandboxd-o/sandboxd/http/handlers.go:107.20,109.26 2 0
sandboxd-o/sandboxd/http/handlers.go:109.26,112.4 2 0
sandboxd-o/sandboxd/http/handlers.go:113.3,113.12 1 0
sandboxd-o/sandboxd/http/handlers.go:116.2,120.16 4 0
sandboxd-o/sandboxd/http/handlers.go:120.16,121.37 1 0
sandboxd-o/sandboxd/http/handlers.go:121.37,123.20 2 0
sandboxd-o/sandboxd/http/handlers.go:123.20,124.51 1 0
sandboxd-o/sandboxd/http/handlers.go:124.51,135.6 2 0
sandboxd-o/sandboxd/http/handlers.go:138.4,139.10 2 0
sandboxd-o/sandboxd/http/handlers.go:142.3,142.47 1 0
sandboxd-o/sandboxd/http/handlers.go:142.47,145.4 2 0
sandboxd-o/sandboxd/http/handlers.go:147.3,148.9 2 0
sandboxd-o/sandboxd/http/handlers.go:151.2,151.142 1 0
sandboxd-o/sandboxd/http/response.go:9.78,10.22 1 1
sandboxd-o/sandboxd/http/response.go:10.22,12.3 1 1
sandboxd-o/sandboxd/http/response.go:14.2,14.23 1 1
sandboxd-o/sandboxd/http/response.go:17.56,19.2 1 0
sandboxd-o/sandboxd/http/response.go:21.64,22.15 1 1
sandboxd-o/sandboxd/http/response.go:22.15,24.3 1 1
sandboxd-o/sandboxd/http/response.go:26.2,26.35 1 1
sandboxd-o/sandboxd/http/router.go:9.39,14.34 4 0
sandboxd-o/sandboxd/http/router.go:14.34,16.3 1 0
sandboxd-o/sandboxd/http/router.go:17.2,26.10 9 0
sandboxd-o/sandboxd/http/server.go:16.64,18.2 1 0
sandboxd-o/sandboxd/http/server.go:20.41,22.2 1 0
sandboxd-o/sandboxd/model/validate.go:8.48,9.16 1 4
sandboxd-o/sandboxd/model/validate.go:9.16,11.3 1 0
sandboxd-o/sandboxd/model/validate.go:13.2,13.27 1 4
sandboxd-o/sandboxd/model/validate.go:13.27,15.3 1 0
sandboxd-o/sandboxd/model/validate.go:17.2,18.33 2 4
sandboxd-o/sandboxd/model/validate.go:18.33,19.36 1 5
sandboxd-o/sandboxd/model/validate.go:19.36,21.4 1 0
sandboxd-o/sandboxd/model/validate.go:23.3,23.46 1 5
sandboxd-o/sandboxd/model/validate.go:23.46,25.4 1 0
sandboxd-o/sandboxd/model/validate.go:27.3,27.49 1 5
sandboxd-o/sandboxd/model/validate.go:27.49,29.4 1 0
sandboxd-o/sandboxd/model/validate.go:31.3,31.37 1 5
sandboxd-o/sandboxd/model/validate.go:31.37,33.4 1 1
sandboxd-o/sandboxd/model/validate.go:35.3,35.33 1 4
sandboxd-o/sandboxd/model/validate.go:38.2,39.28 2 3
sandboxd-o/sandboxd/model/validate.go:39.28,40.93 1 3
sandboxd-o/sandboxd/model/validate.go:40.93,42.4 1 0
sandboxd-o/sandboxd/model/validate.go:44.3,44.24 1 3
sandboxd-o/sandboxd/model/validate.go:44.24,46.4 1 1
sandboxd-o/sandboxd/model/validate.go:48.3,49.18 2 2
sandboxd-o/sandboxd/model/validate.go:49.18,51.4 1 0
sandboxd-o/sandboxd/model/validate.go:53.3,53.39 1 2
sandboxd-o/sandboxd/model/validate.go:53.39,55.4 1 1
sandboxd-o/sandboxd/model/validate.go:57.3,57.45 1 1
sandboxd-o/sandboxd/model/validate.go:57.45,59.4 1 0
sandboxd-o/sandboxd/model/validate.go:61.3,61.41 1 1
sandboxd-o/sandboxd/model/validate.go:64.2,64.12 1 1
sandboxd-o/sandboxd/store/file_store.go:16.55,17.52 1 2
sandboxd-o/sandboxd/store/file_store.go:17.52,19.3 1 0
sandboxd-o/sandboxd/store/file_store.go:21.2,21.42 1 2
sandboxd-o/sandboxd/store/file_store.go:24.51,26.48 2 1
sandboxd-o/sandboxd/store/file_store.go:26.48,28.3 1 0
sandboxd-o/sandboxd/store/file_store.go:30.2,31.16 2 1
sandboxd-o/sandboxd/store/file_store.go:31.16,33.3 1 0
sandboxd-o/sandboxd/store/file_store.go:35.2,35.65 1 1
sandboxd-o/sandboxd/store/file_store.go:38.61,40.16 2 3
sandboxd-o/sandboxd/store/file_store.go:40.16,42.3 1 1
sandboxd-o/sandboxd/store/file_store.go:44.2,45.47 2 2
sandboxd-o/sandboxd/store/file_store.go:45.47,47.3 1 0
sandboxd-o/sandboxd/store/file_store.go:49.2,49.17 1 2
sandboxd-o/sandboxd/store/file_store.go:52.45,54.36 2 1
sandboxd-o/sandboxd/store/file_store.go:54.36,56.3 1 0
sandboxd-o/sandboxd/store/file_store.go:58.2,58.12 1 1
sandboxd-o/sandboxd/store/file_store.go:61.54,63.16 2 1
sandboxd-o/sandboxd/store/file_store.go:63.16,65.3 1 0
sandboxd-o/sandboxd/store/file_store.go:67.2,68.28 2 1
sandboxd-o/sandboxd/store/file_store.go:68.28,69.17 1 1
sandboxd-o/sandboxd/store/file_store.go:69.17,70.12 1 0
sandboxd-o/sandboxd/store/file_store.go:73.3,74.17 2 1
sandboxd-o/sandboxd/store/file_store.go:74.17,76.4 1 1
sandboxd-o/sandboxd/store/file_store.go:79.2,79.17 1 1
sandboxd-o/pkg/configutil/configutil.go:8.36,11.26 3 2
sandboxd-o/pkg/configutil/configutil.go:11.26,13.3 1 5
sandboxd-o/pkg/configutil/configutil.go:15.2,15.12 1 2
sandboxd-o/pkg/configutil/configutil.go:18.48,20.15 2 2
sandboxd-o/pkg/configutil/configutil.go:20.15,22.3 1 1
sandboxd-o/pkg/configutil/configutil.go:24.2,25.34 2 1
sandboxd-o/pkg/configutil/configutil.go:25.34,26.14 1 2
sandboxd-o/pkg/configutil/configutil.go:26.14,28.4 1 2
sandboxd-o/pkg/configutil/configutil.go:31.2,31.19 1 1
sandboxd-o/pkg/configutil/configutil.go:31.19,33.3 1 0
sandboxd-o/pkg/configutil/configutil.go:35.2,35.12 1 1
sandboxd-o/orchestrator/http/router.go:12.74,22.2 7 1
sandboxd-o/orchestrator/http/router.go:22.2,35.3 11 1
sandboxd-o/orchestrator/http/router.go:37.2,37.10 1 1
sandboxd-o/cmd/orchestrator/main.go:20.13,22.16 2 0
sandboxd-o/cmd/orchestrator/main.go:22.16,26.3 3 0
sandboxd-o/cmd/orchestrator/main.go:28.2,32.16 2 0
sandboxd-o/cmd/orchestrator/main.go:32.16,36.3 3 0
sandboxd-o/cmd/orchestrator/main.go:37.2,44.16 6 0
sandboxd-o/cmd/orchestrator/main.go:44.16,47.3 2 0
sandboxd-o/cmd/orchestrator/main.go:48.2,53.48 4 0
sandboxd-o/cmd/orchestrator/main.go:53.48,56.3 2 0
sandboxd-o/cmd/orchestrator/main.go:57.2,70.12 5 0
sandboxd-o/cmd/orchestrator/main.go:70.12,71.80 1 0
sandboxd-o/cmd/orchestrator/main.go:71.80,74.4 2 0
sandboxd-o/cmd/orchestrator/main.go:77.2,80.31 4 0
sandboxd-o/cmd/orchestrator/main.go:83.43,84.32 1 0
sandboxd-o/cmd/orchestrator/main.go:84.32,86.3 1 0
sandboxd-o/cmd/orchestrator/main.go:88.2,88.10 1 0
sandboxd-o/orchestrator/config/config.go:50.29,55.16 4 1
sandboxd-o/orchestrator/config/config.go:55.16,57.3 1 0
sandboxd-o/orchestrator/config/config.go:59.2,60.16 2 1
sandboxd-o/orchestrator/config/config.go:60.16,62.3 1 1
sandboxd-o/orchestrator/config/config.go:64.2,64.16 1 1
sandboxd-o/orchestrator/config/config.go:64.16,66.3 1 0
sandboxd-o/orchestrator/config/config.go:68.2,85.35 2 1
sandboxd-o/orchestrator/config/config.go:85.35,87.3 1 0
sandboxd-o/orchestrator/config/config.go:89.2,89.38 1 1
sandboxd-o/orchestrator/config/config.go:89.38,91.3 1 0
sandboxd-o/orchestrator/config/config.go:93.2,93.34 1 1
sandboxd-o/orchestrator/config/config.go:93.34,95.3 1 0
sandboxd-o/orchestrator/config/config.go:97.2,97.35 1 1
sandboxd-o/orchestrator/config/config.go:97.35,99.3 1 0
sandboxd-o/orchestrator/config/config.go:101.2,101.36 1 1
sandboxd-o/orchestrator/config/config.go:101.36,103.3 1 0
sandboxd-o/orchestrator/config/config.go:105.2,105.36 1 1
sandboxd-o/orchestrator/config/config.go:105.36,107.3 1 0
sandboxd-o/orchestrator/config/config.go:109.2,109.34 1 1
sandboxd-o/orchestrator/config/config.go:109.34,111.30 2 1
sandboxd-o/orchestrator/config/config.go:111.30,112.50 1 1
sandboxd-o/orchestrator/config/config.go:112.50,114.5 1 0
sandboxd-o/orchestrator/config/config.go:118.2,118.17 1 1
sandboxd-o/orchestrator/config/config.go:121.64,124.16 3 3
sandboxd-o/orchestrator/config/config.go:124.16,125.25 1 1
sandboxd-o/orchestrator/config/config.go:125.25,127.4 1 1
sandboxd-o/orchestrator/config/config.go:129.3,129.61 1 0
sandboxd-o/orchestrator/config/config.go:132.2,132.48 1 2
sandboxd-o/orchestrator/config/config.go:132.48,134.3 1 1
sandboxd-o/orchestrator/config/config.go:136.2,136.15 1 1
sandboxd-o/orchestrator/repo/node_repo.go:31.54,32.38 1 1
sandboxd-o/orchestrator/repo/node_repo.go:32.38,33.42 1 1
sandboxd-o/orchestrator/repo/node_repo.go:33.42,34.26 1 1
sandboxd-o/orchestrator/repo/node_repo.go:34.26,35.59 1 1
sandboxd-o/orchestrator/repo/node_repo.go:35.59,36.56 1 1
sandboxd-o/orchestrator/repo/node_repo.go:36.56,38.7 1 0
sandboxd-o/orchestrator/repo/node_repo.go:41.5,42.25 2 1
sandboxd-o/orchestrator/repo/node_repo.go:42.25,44.6 1 0
sandboxd-o/orchestrator/repo/node_repo.go:45.5,46.87 2 1
sandboxd-o/orchestrator/repo/node_repo.go:47.10,49.5 1 0
sandboxd-o/orchestrator/repo/node_repo.go:53.2,54.16 2 1
sandboxd-o/orchestrator/repo/node_repo.go:54.16,56.3 1 0
sandboxd-o/orchestrator/repo/node_repo.go:58.2,60.36 3 1
sandboxd-o/orchestrator/repo/node_repo.go:60.36,63.3 2 0
sandboxd-o/orchestrator/repo/node_repo.go:65.2,65.37 1 1
sandboxd-o/orchestrator/repo/node_repo.go:68.40,69.29 1 1
sandboxd-o/orchestrator/repo/node_repo.go:69.29,71.3 1 0
sandboxd-o/orchestrator/repo/node_repo.go:73.2,73.21 1 1
sandboxd-o/orchestrator/repo/node_repo.go:76.32,114.43 4 1
sandboxd-o/orchestrator/repo/node_repo.go:114.43,116.3 1 0
sandboxd-o/orchestrator/repo/node_repo.go:117.2,117.44 1 1
sandboxd-o/orchestrator/repo/node_repo.go:117.44,119.3 1 0
sandboxd-o/orchestrator/repo/node_repo.go:120.2,120.47 1 1
sandboxd-o/orchestrator/repo/node_repo.go:120.47,122.3 1 0
sandboxd-o/orchestrator/repo/node_repo.go:124.2,124.12 1 1
sandboxd-o/orchestrator/repo/node_repo.go:127.106,148.16 6 1
sandboxd-o/orchestrator/repo/node_repo.go:148.16,150.3 1 0
sandboxd-o/orchestrator/repo/node_repo.go:151.2,151.101 1 1
sandboxd-o/orchestrator/repo/node_repo.go:151.101,153.3 1 0
sandboxd-o/orchestrator/repo/node_repo.go:154.2,155.12 2 1
sandboxd-o/orchestrator/repo/node_repo.go:158.77,159.98 1 1
sandboxd-o/orchestrator/repo/node_repo.go:159.98,161.3 1 0
sandboxd-o/orchestrator/repo/node_repo.go:162.2,162.95 1 1
sandboxd-o/orchestrator/repo/node_repo.go:162.95,164.3 1 0
sandboxd-o/orchestrator/repo/node_repo.go:165.2,166.12 2 1
sandboxd-o/orchestrator/repo/node_repo.go:169.89,180.2 2 1
sandboxd-o/orchestrator/repo/node_repo.go:182.79,193.16 3 2
sandboxd-o/orchestrator/repo/node_repo.go:193.16,195.3 1 0
sandboxd-o/orchestrator/repo/node_repo.go:196.2,199.18 3 2
sandboxd-o/orchestrator/repo/node_repo.go:199.18,201.17 2 1
sandboxd-o/orchestrator/repo/node_repo.go:201.17,203.4 1 0
sandboxd-o/orchestrator/repo/node_repo.go:205.3,206.23 2 1
sandboxd-o/orchestrator/repo/node_repo.go:209.2,209.35 1 2
sandboxd-o/orchestrator/repo/node_repo.go:209.35,211.3 1 0
sandboxd-o/orchestrator/repo/node_repo.go:213.2,213.17 1 2
sandboxd-o/orchestrator/repo/node_repo.go:216.176,219.19 3 1
sandboxd-o/orchestrator/repo/node_repo.go:219.19,221.3 1 1
sandboxd-o/orchestrator/repo/node_repo.go:223.2,233.12 3 1
sandboxd-o/orchestrator/repo/node_repo.go:236.111,239.26 3 1
sandboxd-o/orchestrator/repo/node_repo.go:239.26,241.3 1 0
sandboxd-o/orchestrator/repo/node_repo.go:243.2,283.12 3 1
sandboxd-o/orchestrator/repo/node_repo.go:288.46,290.16 2 1
sandboxd-o/orchestrator/repo/node_repo.go:290.16,292.3 1 0
sandboxd-o/orchestrator/repo/node_repo.go:294.2,295.16 2 1
sandboxd-o/orchestrator/repo/node_repo.go:298.50,298.81 1 1
sandboxd-o/orchestrator/repo/node_repo.go:300.52,315.16 6 2
sandboxd-o/orchestrator/repo/node_repo.go:315.16,317.3 1 0
sandboxd-o/orchestrator/repo/node_repo.go:318.2,321.16 3 2
sandboxd-o/orchestrator/repo/node_repo.go:321.16,323.3 1 0
sandboxd-o/orchestrator/repo/node_repo.go:325.2,326.16 2 2
sandboxd-o/orchestrator/repo/node_repo.go:326.16,328.3 1 0
sandboxd-o/orchestrator/repo/node_repo.go:330.2,333.37 3 2
sandboxd-o/orchestrator/repo/node_repo.go:333.37,335.17 2 1
sandboxd-o/orchestrator/repo/node_repo.go:335.17,337.4 1 0
sandboxd-o/orchestrator/repo/node_repo.go:339.3,339.24 1 1
sandboxd-o/orchestrator/repo/node_repo.go:342.2,342.49 1 2
sandboxd-o/orchestrator/repo/node_repo.go:342.49,344.17 2 0
sandboxd-o/orchestrator/repo/node_repo.go:344.17,346.4 1 0
sandboxd-o/orchestrator/repo/node_repo.go:347.3,347.30 1 0
sandboxd-o/orchestrator/repo/node_repo.go:350.2,350.15 1 2
sandboxd-o/cmd/sandboxd/main.go:22.13,29.16 3 0
sandboxd-o/cmd/sandboxd/main.go:29.16,33.3 3 0
sandboxd-o/cmd/sandboxd/main.go:34.2,44.55 8 0
sandboxd-o/cmd/sandboxd/main.go:44.55,46.3 1 0
sandboxd-o/cmd/sandboxd/main.go:48.2,48.49 1 0
sandboxd-o/cmd/sandboxd/main.go:48.49,50.3 1 0
sandboxd-o/cmd/sandboxd/main.go:52.2,52.57 1 0
sandboxd-o/cmd/sandboxd/main.go:52.57,54.3 1 0
sandboxd-o/cmd/sandboxd/main.go:56.2,56.52 1 0
sandboxd-o/cmd/sandboxd/main.go:56.52,58.3 1 0
sandboxd-o/cmd/sandboxd/main.go:60.2,61.16 2 0
sandboxd-o/cmd/sandboxd/main.go:61.16,64.3 2 0
sandboxd-o/cmd/sandboxd/main.go:66.2,71.42 5 0
sandboxd-o/cmd/sandboxd/main.go:71.42,73.3 1 0
sandboxd-o/cmd/sandboxd/main.go:75.2,76.12 2 0
sandboxd-o/cmd/sandboxd/main.go:76.12,82.3 4 0
sandboxd-o/cmd/sandboxd/main.go:84.2,84.76 1 0
sandboxd-o/cmd/sandboxd/main.go:84.76,87.3 2 0
sandboxd-o/cmd/sandboxd/main.go:90.43,91.32 1 0
sandboxd-o/cmd/sandboxd/main.go:91.32,93.3 1 0
sandboxd-o/cmd/sandboxd/main.go:95.2,95.10 1 0
sandboxd-o/sandboxd/network/bridge_nf.go:12.36,13.92 1 0
sandboxd-o/sandboxd/network/bridge_nf.go:13.92,15.3 1 0
sandboxd-o/sandboxd/network/bridge_nf.go:17.2,17.93 1 0
sandboxd-o/sandboxd/network/bridge_nf.go:17.93,19.3 1 0
sandboxd-o/sandboxd/network/bridge_nf.go:21.2,21.12 1 0
sandboxd-o/sandboxd/network/bridge_nf.go:24.46,25.41 1 0
sandboxd-o/sandboxd/network/bridge_nf.go:25.41,27.78 1 0
sandboxd-o/sandboxd/network/bridge_nf.go:27.78,29.4 1 0
sandboxd-o/sandboxd/network/bridge_nf.go:31.3,31.44 1 0
sandboxd-o/sandboxd/network/bridge_nf.go:31.44,33.4 1 0
sandboxd-o/sandboxd/network/bridge_nf.go:36.2,37.56 2 0
sandboxd-o/sandboxd/network/bridge_nf.go:37.56,39.3 1 0
sandboxd-o/sandboxd/network/bridge_nf.go:43.2,43.69 1 0
sandboxd-o/sandboxd/network/bridge_nf.go:43.69,45.3 1 0
sandboxd-o/sandboxd/network/bridge_nf.go:47.2,47.12 1 0
sandboxd-o/sandboxd/network/cni_cache.go:22.73,23.21 1 0
sandboxd-o/sandboxd/network/cni_cache.go:23.21,25.3 1 0
sandboxd-o/sandboxd/network/cni_cache.go:27.2,29.55 3 0
sandboxd-o/sandboxd/network/cni_cache.go:29.55,30.31 1 0
sandboxd-o/sandboxd/network/cni_cache.go:30.31,31.19 1 0
sandboxd-o/sandboxd/network/cni_cache.go:31.19,32.13 1 0
sandboxd-o/sandboxd/network/cni_cache.go:35.4,35.73 1 0
sandboxd-o/sandboxd/network/cni_cache.go:39.2,40.55 2 0
sandboxd-o/sandboxd/network/cni_cache.go:40.55,41.31 1 0
sandboxd-o/sandboxd/network/cni_cache.go:41.31,42.19 1 0
sandboxd-o/sandboxd/network/cni_cache.go:42.19,43.13 1 0
sandboxd-o/sandboxd/network/cni_cache.go:46.4,46.49 1 0
sandboxd-o/sandboxd/network/cni_cache.go:46.49,47.13 1 0
sandboxd-o/sandboxd/network/cni_cache.go:50.4,50.73 1 0
sandboxd-o/sandboxd/network/cni_cache.go:54.2,54.39 1 0
sandboxd-o/sandboxd/network/cni_cache.go:54.39,56.17 2 0
sandboxd-o/sandboxd/network/cni_cache.go:56.17,58.4 1 0
sandboxd-o/sandboxd/network/cni_cache.go:61.2,61.77 1 0
sandboxd-o/sandboxd/network/cni_cache.go:64.53,66.2 1 0
sandboxd-o/sandboxd/network/cni_cache.go:68.67,70.16 2 0
sandboxd-o/sandboxd/network/cni_cache.go:70.16,72.3 1 0
sandboxd-o/sandboxd/network/cni_cache.go:74.2,75.47 2 0
sandboxd-o/sandboxd/network/cni_cache.go:75.47,77.3 1 0
sandboxd-o/sandboxd/network/cni_cache.go:79.2,79.35 1 0
sandboxd-o/sandboxd/network/cni_cache.go:79.35,81.17 2 0
sandboxd-o/sandboxd/network/cni_cache.go:81.17,82.12 1 0
sandboxd-o/sandboxd/network/cni_cache.go:85.3,86.17 2 0
sandboxd-o/sandboxd/network/cni_cache.go:86.17,88.4 1 0
sandboxd-o/sandboxd/network/cni_cache.go:91.2,91.51 1 0
sandboxd-o/sandboxd/network/firewall.go:16.41,16.42 0 0
sandboxd-o/sandboxd/network/firewall.go:18.46,19.15 1 0
sandboxd-o/sandboxd/network/firewall.go:19.15,20.38 1 0
sandboxd-o/sandboxd/network/firewall.go:20.39,20.40 0 0
sandboxd-o/sandboxd/network/firewall.go:21.3,21.9 1 0
sandboxd-o/sandboxd/network/firewall.go:24.2,24.18 1 0
sandboxd-o/sandboxd/network/firewall.go:27.38,29.2 1 0
sandboxd-o/sandboxd/network/firewall.go:31.61,33.25 2 0
sandboxd-o/sandboxd/network/firewall.go:33.25,34.38 1 0
sandboxd-o/sandboxd/network/firewall.go:34.38,36.4 1 0
sandboxd-o/sandboxd/network/firewall.go:36.9,38.4 1 0
sandboxd-o/sandboxd/network/firewall.go:41.2,41.33 1 0
sandboxd-o/sandboxd/network/firewall.go:44.54,46.2 1 0
sandboxd-o/sandboxd/network/firewall.go:62.83,69.119 6 0
sandboxd-o/sandboxd/network/firewall.go:69.119,71.3 1 0
sandboxd-o/sandboxd/network/firewall.go:73.2,73.133 1 0
sandboxd-o/sandboxd/network/firewall.go:73.133,75.3 1 0
sandboxd-o/sandboxd/network/firewall.go:77.2,77.33 1 0
sandboxd-o/sandboxd/network/firewall.go:77.33,79.3 1 0
sandboxd-o/sandboxd/network/firewall.go:81.2,81.50 1 0
sandboxd-o/sandboxd/network/firewall.go:81.50,83.3 1 0
sandboxd-o/sandboxd/network/firewall.go:85.2,85.42 1 0
sandboxd-o/sandboxd/network/firewall.go:85.42,87.43 2 0
sandboxd-o/sandboxd/network/firewall.go:87.43,88.12 1 0
sandboxd-o/sandboxd/network/firewall.go:91.3,91.80 1 0
sandboxd-o/sandboxd/network/firewall.go:91.80,93.4 1 0
sandboxd-o/sandboxd/network/firewall.go:96.2,96.80 1 0
sandboxd-o/sandboxd/network/firewall.go:96.80,98.3 1 0
sandboxd-o/sandboxd/network/firewall.go:100.2,100.12 1 0
sandboxd-o/sandboxd/network/firewall.go:104.134,116.93 10 0
sandboxd-o/sandboxd/network/firewall.go:116.93,118.3 1 0
sandboxd-o/sandboxd/network/firewall.go:120.2,121.107 2 0
sandboxd-o/sandboxd/network/firewall.go:121.107,123.3 1 0
sandboxd-o/sandboxd/network/firewall.go:125.2,125.26 1 0
sandboxd-o/sandboxd/network/firewall.go:125.26,127.18 2 0
sandboxd-o/sandboxd/network/firewall.go:127.18,129.4 1 0
sandboxd-o/sandboxd/network/firewall.go:130.3,130.64 1 0
sandboxd-o/sandboxd/network/firewall.go:133.2,134.12 2 0
sandboxd-o/sandboxd/network/firewall.go:134.12,135.42 1 0
sandboxd-o/sandboxd/network/firewall.go:135.42,138.4 2 0
sandboxd-o/sandboxd/network/firewall.go:140.3,141.84 2 0
sandboxd-o/sandboxd/network/firewall.go:144.2,150.4 2 0
sandboxd-o/sandboxd/network/firewall.go:150.4,152.3 1 0
sandboxd-o/sandboxd/network/firewall.go:154.2,154.12 1 0
sandboxd-o/sandboxd/network/firewall.go:154.12,156.3 1 0
sandboxd-o/sandboxd/network/firewall.go:156.8,158.3 1 0
sandboxd-o/sandboxd/network/firewall.go:160.2,161.26 2 0
sandboxd-o/sandboxd/network/firewall.go:161.26,163.18 2 0
sandboxd-o/sandboxd/network/firewall.go:163.18,165.4 1 0
sandboxd-o/sandboxd/network/firewall.go:167.3,167.113 1 0
sandboxd-o/sandboxd/network/firewall.go:170.2,172.12 2 0
sandboxd-o/sandboxd/network/firewall.go:176.104,182.26 5 0
sandboxd-o/sandboxd/network/firewall.go:182.26,184.18 2 0
sandboxd-o/sandboxd/network/firewall.go:184.18,186.4 1 0
sandboxd-o/sandboxd/network/firewall.go:188.3,188.130 1 0
sandboxd-o/sandboxd/network/firewall.go:191.2,202.35 12 0
sandboxd-o/sandboxd/network/firewall.go:206.118,208.29 2 0
sandboxd-o/sandboxd/network/firewall.go:208.29,210.18 2 0
sandboxd-o/sandboxd/network/firewall.go:210.18,212.4 1 0
sandboxd-o/sandboxd/network/firewall.go:214.3,220.70 6 0
sandboxd-o/sandboxd/network/firewall.go:220.70,222.4 1 0
sandboxd-o/sandboxd/network/firewall.go:224.3,225.67 2 0
sandboxd-o/sandboxd/network/firewall.go:225.67,227.4 1 0
sandboxd-o/sandboxd/network/firewall.go:230.2,230.12 1 0
sandboxd-o/sandboxd/network/firewall.go:234.113,236.29 2 0
sandboxd-o/sandboxd/network/firewall.go:236.29,238.18 2 0
sandboxd-o/sandboxd/network/firewall.go:238.18,240.4 1 0
sandboxd-o/sandboxd/network/firewall.go:242.3,249.211 6 0
sandboxd-o/sandboxd/network/firewall.go:254.76,257.37 3 0
sandboxd-o/sandboxd/network/firewall.go:257.37,259.17 2 0
sandboxd-o/sandboxd/network/firewall.go:259.17,261.4 1 0
sandboxd-o/sandboxd/network/firewall.go:263.3,263.30 1 0
sandboxd-o/sandboxd/network/firewall.go:263.30,264.36 1 0
sandboxd-o/sandboxd/network/firewall.go:264.36,265.13 1 0
sandboxd-o/sandboxd/network/firewall.go:268.4,269.44 2 0
sandboxd-o/sandboxd/network/firewall.go:269.44,270.13 1 0
sandboxd-o/sandboxd/network/firewall.go:273.4,274.45 2 0
sandboxd-o/sandboxd/network/firewall.go:278.2,279.24 2 0
sandboxd-o/sandboxd/network/firewall.go:283.81,285.32 2 0
sandboxd-o/sandboxd/network/firewall.go:285.32,287.17 2 0
sandboxd-o/sandboxd/network/firewall.go:287.17,289.4 1 0
sandboxd-o/sandboxd/network/firewall.go:291.3,291.30 1 0
sandboxd-o/sandboxd/network/firewall.go:291.30,293.44 2 0
sandboxd-o/sandboxd/network/firewall.go:293.44,294.13 1 0
sandboxd-o/sandboxd/network/firewall.go:297.4,298.16 2 0
sandboxd-o/sandboxd/network/firewall.go:298.16,299.13 1 0
sandboxd-o/sandboxd/network/firewall.go:302.4,302.29 1 0
sandboxd-o/sandboxd/network/firewall.go:302.29,303.13 1 0
sandboxd-o/sandboxd/network/firewall.go:306.4,307.45 2 0
sandboxd-o/sandboxd/network/firewall.go:311.2,312.19 2 0
sandboxd-o/sandboxd/network/firewall.go:315.48,316.37 1 0
sandboxd-o/sandboxd/network/firewall.go:316.37,317.31 1 0
sandboxd-o/sandboxd/network/firewall.go:317.31,318.12 1 0
sandboxd-o/sandboxd/network/firewall.go:321.3,322.67 2 0
sandboxd-o/sandboxd/network/firewall.go:322.67,324.4 1 0
sandboxd-o/sandboxd/network/firewall.go:327.2,327.11 1 0
sandboxd-o/sandboxd/network/firewall.go:330.90,336.68 5 0
sandboxd-o/sandboxd/network/firewall.go:336.68,338.3 1 0
sandboxd-o/sandboxd/network/firewall.go:340.2,340.12 1 0
sandboxd-o/sandboxd/network/firewall.go:343.78,348.65 4 0
sandboxd-o/sandboxd/network/firewall.go:348.65,350.3 1 0
sandboxd-o/sandboxd/network/firewall.go:352.2,352.12 1 0
sandboxd-o/sandboxd/network/firewall.go:355.32,360.2 3 0
sandboxd-o/sandboxd/network/firewall.go:362.58,364.16 2 0
sandboxd-o/sandboxd/network/firewall.go:364.16,366.3 1 0
sandboxd-o/sandboxd/network/firewall.go:368.2,368.39 1 0
sandboxd-o/sandboxd/network/firewall.go:371.57,373.27 2 0
sandboxd-o/sandboxd/network/firewall.go:373.27,374.54 1 0
sandboxd-o/sandboxd/network/firewall.go:374.54,376.4 1 0
sandboxd-o/sandboxd/network/firewall.go:379.2,379.14 1 0
sandboxd-o/sandboxd/network/firewall.go:382.35,384.87 2 0
sandboxd-o/sandboxd/network/firewall.go:384.87,386.3 1 0
sandboxd-o/sandboxd/network/firewall.go:388.2,389.16 2 0
sandboxd-o/sandboxd/network/firewall.go:389.16,391.3 1 0
sandboxd-o/sandboxd/network/firewall.go:392.2,397.16 5 0
sandboxd-o/sandboxd/network/firewall.go:397.16,399.49 2 0
sandboxd-o/sandboxd/network/firewall.go:399.49,400.12 1 0
sandboxd-o/sandboxd/network/firewall.go:403.3,404.51 2 0
sandboxd-o/sandboxd/network/firewall.go:404.51,405.12 1 0
sandboxd-o/sandboxd/network/firewall.go:408.3,409.35 2 0
sandboxd-o/sandboxd/network/firewall.go:409.35,410.12 1 0
sandboxd-o/sandboxd/network/firewall.go:413.3,414.27 2 0
sandboxd-o/sandboxd/network/firewall.go:414.27,415.12 1 0
sandboxd-o/sandboxd/network/firewall.go:418.3,419.23 2 0
sandboxd-o/sandboxd/network/firewall.go:422.2,422.12 1 0
sandboxd-o/sandboxd/sandbox/cri_client.go:27.77,32.16 2 0
sandboxd-o/sandboxd/sandbox/cri_client.go:32.16,34.3 1 0
sandboxd-o/sandboxd/sandbox/cri_client.go:36.2,40.8 1 0
sandboxd-o/sandboxd/sandbox/cri_client.go:43.35,44.31 1 0
sandboxd-o/sandboxd/sandbox/cri_client.go:44.31,46.3 1 0
sandboxd-o/sandboxd/sandbox/cri_client.go:48.2,48.23 1 0
sandboxd-o/sandboxd/sandbox/cri_client.go:51.72,56.2 2 0
sandboxd-o/sandboxd/sandbox/cri_client.go:58.129,63.16 2 0
sandboxd-o/sandboxd/sandbox/cri_client.go:63.16,65.3 1 0
sandboxd-o/sandboxd/sandbox/cri_client.go:67.2,67.36 1 0
sandboxd-o/sandboxd/sandbox/cri_client.go:70.111,72.16 2 0
sandboxd-o/sandboxd/sandbox/cri_client.go:72.16,74.3 1 0
sandboxd-o/sandboxd/sandbox/cri_client.go:76.2,76.30 1 0
sandboxd-o/sandboxd/sandbox/cri_client.go:79.164,85.16 2 0
sandboxd-o/sandboxd/sandbox/cri_client.go:85.16,87.3 1 0
sandboxd-o/sandboxd/sandbox/cri_client.go:89.2,89.35 1 0
sandboxd-o/sandboxd/sandbox/cri_client.go:92.83,97.2 2 0
sandboxd-o/sandboxd/sandbox/cri_client.go:99.108,104.16 2 0
sandboxd-o/sandboxd/sandbox/cri_client.go:104.16,106.3 1 0
sandboxd-o/sandboxd/sandbox/cri_client.go:108.2,114.15 3 0
sandboxd-o/sandboxd/sandbox/cri_client.go:117.80,118.17 1 0
sandboxd-o/sandboxd/sandbox/cri_client.go:118.17,120.3 1 0
sandboxd-o/sandboxd/sandbox/cri_client.go:122.2,123.98 2 0
sandboxd-o/sandboxd/sandbox/cri_client.go:126.93,128.16 2 0
sandboxd-o/sandboxd/sandbox/cri_client.go:128.16,130.3 1 0
sandboxd-o/sandboxd/sandbox/cri_client.go:132.2,132.29 1 0
sandboxd-o/sandboxd/sandbox/cri_client.go:135.47,140.2 4 0
sandboxd-o/sandboxd/sandbox/cri_client.go:142.55,143.27 1 0
sandboxd-o/sandboxd/sandbox/cri_client.go:143.27,148.63 2 0
sandboxd-o/sandboxd/sandbox/cri_client.go:148.63,149.12 1 0
sandboxd-o/sandboxd/sandbox/cri_client.go:152.3,152.22 1 0
sandboxd-o/sandboxd/sandbox/cri_client.go:152.22,154.4 1 0
sandboxd-o/sandboxd/sandbox/cri_client.go:157.2,157.10 1 0
sandboxd-o/sandboxd/sandbox/lock.go:14.72,15.21 1 0
sandboxd-o/sandboxd/sandbox/lock.go:15.21,16.17 1 0
sandboxd-o/sandboxd/sandbox/lock.go:16.18,16.19 0 0
sandboxd-o/sandboxd/sandbox/lock.go:19.2,21.16 3 0
sandboxd-o/sandboxd/sandbox/lock.go:21.16,22.17 1 0
sandboxd-o/sandboxd/sandbox/lock.go:22.18,22.19 0 0
sandboxd-o/sandboxd/sandbox/lock.go:25.2,26.6 2 0
sandboxd-o/sandboxd/sandbox/lock.go:26.6,27.77 1 0
sandboxd-o/sandboxd/sandbox/lock.go:27.77,28.18 1 0
sandboxd-o/sandboxd/sandbox/lock.go:28.18,31.5 2 0
sandboxd-o/sandboxd/sandbox/lock.go:34.3,34.33 1 0
sandboxd-o/sandboxd/sandbox/lock.go:34.33,36.18 2 0
sandboxd-o/sandboxd/sandbox/lock.go:36.19,36.20 0 0
sandboxd-o/sandboxd/sandbox/lock.go:39.3,39.37 1 0
sandboxd-o/sandboxd/sandbox/lock.go:43.60,44.21 1 0
sandboxd-o/sandboxd/sandbox/lock.go:44.21,46.3 1 0
sandboxd-o/sandboxd/sandbox/lock.go:48.2,50.16 3 0
sandboxd-o/sandboxd/sandbox/lock.go:50.16,52.3 1 0
sandboxd-o/sandboxd/sandbox/lock.go:53.2,55.76 2 0
sandboxd-o/sandboxd/sandbox/lock.go:55.76,57.3 1 0
sandboxd-o/sandboxd/sandbox/lock.go:59.2,60.14 2 0
sandboxd-o/sandboxd/sandbox/logs.go:23.40,24.13 1 0
sandboxd-o/sandboxd/sandbox/logs.go:24.13,26.3 1 0
sandboxd-o/sandboxd/sandbox/logs.go:28.2,28.88 1 0
sandboxd-o/sandboxd/sandbox/logs.go:28.88,30.3 1 0
sandboxd-o/sandboxd/sandbox/logs.go:32.2,32.12 1 0
sandboxd-o/sandboxd/sandbox/logs.go:35.85,36.53 1 0
sandboxd-o/sandboxd/sandbox/logs.go:36.53,38.3 1 0
sandboxd-o/sandboxd/sandbox/logs.go:40.2,40.57 1 0
sandboxd-o/sandboxd/sandbox/logs.go:40.57,42.3 1 0
sandboxd-o/sandboxd/sandbox/logs.go:44.2,47.93 4 0
sandboxd-o/sandboxd/sandbox/logs.go:47.93,49.3 1 0
sandboxd-o/sandboxd/sandbox/logs.go:51.2,51.18 1 0
sandboxd-o/sandboxd/sandbox/logs.go:54.126,55.44 1 0
sandboxd-o/sandboxd/sandbox/logs.go:55.44,57.3 1 0
sandboxd-o/sandboxd/sandbox/logs.go:59.2,59.16 1 0
sandboxd-o/sandboxd/sandbox/logs.go:59.16,61.3 1 0
sandboxd-o/sandboxd/sandbox/logs.go:63.2,63.18 1 0
sandboxd-o/sandboxd/sandbox/logs.go:63.18,65.3 1 0
sandboxd-o/sandboxd/sandbox/logs.go:67.2,68.37 2 0
sandboxd-o/sandboxd/sandbox/logs.go:68.37,70.26 2 0
sandboxd-o/sandboxd/sandbox/logs.go:70.26,72.4 1 0
sandboxd-o/sandboxd/sandbox/logs.go:73.3,73.13 1 0
sandboxd-o/sandboxd/sandbox/logs.go:76.2,77.16 2 0
sandboxd-o/sandboxd/sandbox/logs.go:77.16,79.3 1 0
sandboxd-o/sandboxd/sandbox/logs.go:81.2,82.16 2 0
sandboxd-o/sandboxd/sandbox/logs.go:82.16,84.3 1 0
sandboxd-o/sandboxd/sandbox/logs.go:85.2,87.56 2 0
sandboxd-o/sandboxd/sandbox/logs.go:87.56,89.3 1 0
sandboxd-o/sandboxd/sandbox/logs.go:91.2,94.25 4 0
sandboxd-o/sandboxd/sandbox/logs.go:94.25,96.20 2 0
sandboxd-o/sandboxd/sandbox/logs.go:96.20,99.4 2 0
sandboxd-o/sandboxd/sandbox/logs.go:101.3,101.20 1 0
sandboxd-o/sandboxd/sandbox/logs.go:101.20,103.4 1 0
sandboxd-o/sandboxd/sandbox/logs.go:105.3,105.17 1 0
sandboxd-o/sandboxd/sandbox/logs.go:105.17,107.4 1 0
sandboxd-o/sandboxd/sandbox/logs.go:110.2,112.96 3 0
sandboxd-o/sandboxd/sandbox/reconcile.go:19.60,23.16 4 0
sandboxd-o/sandboxd/sandbox/reconcile.go:23.16,25.3 1 0
sandboxd-o/sandboxd/sandbox/reconcile.go:27.2,28.32 2 0
sandboxd-o/sandboxd/sandbox/reconcile.go:28.32,30.3 1 0
sandboxd-o/sandboxd/sandbox/reconcile.go:32.2,32.32 1 0
sandboxd-o/sandboxd/sandbox/reconcile.go:32.32,33.34 1 0
sandboxd-o/sandboxd/sandbox/reconcile.go:33.34,34.12 1 0
sandboxd-o/sandboxd/sandbox/reconcile.go:37.3,37.40 1 0
sandboxd-o/sandboxd/sandbox/reconcile.go:37.40,38.12 1 0
sandboxd-o/sandboxd/sandbox/reconcile.go:41.3,41.85 1 0
sandboxd-o/sandboxd/sandbox/reconcile.go:41.85,44.12 1 0
sandboxd-o/sandboxd/sandbox/reconcile.go:47.3,47.86 1 0
sandboxd-o/sandboxd/sandbox/reconcile.go:47.86,52.12 4 0
sandboxd-o/sandboxd/sandbox/reconcile.go:55.3,56.24 2 0
sandboxd-o/sandboxd/sandbox/reconcile.go:56.24,57.70 1 0
sandboxd-o/sandboxd/sandbox/reconcile.go:57.70,59.5 1 0
sandboxd-o/sandboxd/sandbox/reconcile.go:62.3,62.14 1 0
sandboxd-o/sandboxd/sandbox/reconcile.go:62.14,63.41 1 0
sandboxd-o/sandboxd/sandbox/reconcile.go:63.41,67.5 3 0
sandboxd-o/sandboxd/sandbox/reconcile.go:68.4,68.12 1 0
sandboxd-o/sandboxd/sandbox/reconcile.go:71.3,72.36 2 0
sandboxd-o/sandboxd/sandbox/reconcile.go:72.36,73.40 1 0
sandboxd-o/sandboxd/sandbox/reconcile.go:73.40,75.10 2 0
sandboxd-o/sandboxd/sandbox/reconcile.go:79.3,79.15 1 0
sandboxd-o/sandboxd/sandbox/reconcile.go:79.15,80.41 1 0
sandboxd-o/sandboxd/sandbox/reconcile.go:80.41,84.5 3 0
sandboxd-o/sandboxd/sandbox/reconcile.go:85.4,85.12 1 0
sandboxd-o/sandboxd/sandbox/reconcile.go:88.3,88.27 1 0
sandboxd-o/sandboxd/sandbox/reconcile.go:91.2,92.32 2 0
sandboxd-o/sandboxd/sandbox/reconcile.go:92.32,94.3 1 0
sandboxd-o/sandboxd/sandbox/reconcile.go:96.2,99.12 3 0
sandboxd-o/sandboxd/sandbox/reconcile.go:103.59,104.12 1 0
sandboxd-o/sandboxd/sandbox/reconcile.go:104.12,108.7 3 0
sandboxd-o/sandboxd/sandbox/reconcile.go:108.7,109.11 1 0
sandboxd-o/sandboxd/sandbox/reconcile.go:110.22,111.11 1 0
sandboxd-o/sandboxd/sandbox/reconcile.go:112.15,113.29 1 0
sandboxd-o/sandboxd/sandbox/reconcile.go:119.80,122.16 3 0
sandboxd-o/sandboxd/sandbox/reconcile.go:122.16,124.3 1 0
sandboxd-o/sandboxd/sandbox/reconcile.go:126.2,127.26 2 0
sandboxd-o/sandboxd/sandbox/reconcile.go:127.26,128.15 1 0
sandboxd-o/sandboxd/sandbox/reconcile.go:128.15,129.12 1 0
sandboxd-o/sandboxd/sandbox/reconcile.go:132.3,133.17 2 0
sandboxd-o/sandboxd/sandbox/reconcile.go:133.17,134.12 1 0
sandboxd-o/sandboxd/sandbox/reconcile.go:137.3,138.103 2 0
sandboxd-o/sandboxd/sandbox/reconcile.go:138.103,140.19 2 0
sandboxd-o/sandboxd/sandbox/reconcile.go:140.19,142.5 1 0
sandboxd-o/sandboxd/sandbox/reconcile.go:144.4,144.19 1 0
sandboxd-o/sandboxd/sandbox/reconcile.go:144.19,146.5 1 0
sandboxd-o/sandboxd/sandbox/reconcile.go:150.2,151.22 2 0
sandboxd-o/sandboxd/sandbox/reconcile.go:151.22,153.3 1 0
sandboxd-o/sandboxd/sandbox/reconcile.go:155.2,156.17 2 0
sandboxd-o/sandboxd/sandbox/reconcile.go:159.89,162.16 3 0
sandboxd-o/sandboxd/sandbox/reconcile.go:162.16,164.3 1 0
sandboxd-o/sandboxd/sandbox/reconcile.go:166.2,166.36 1 0
sandboxd-o/sandboxd/sandbox/reconcile.go:166.36,168.81 2 0
sandboxd-o/sandboxd/sandbox/reconcile.go:168.81,170.4 1 0
sandboxd-o/sandboxd/sandbox/reconcile.go:173.2,173.18 1 0
sandboxd-o/sandboxd/sandbox/reconcile.go:176.88,179.16 3 0
sandboxd-o/sandboxd/sandbox/reconcile.go:179.16,181.3 1 0
sandboxd-o/sandboxd/sandbox/reconcile.go:183.2,183.51 1 0
sandboxd-o/sandboxd/sandbox/reconcile.go:183.51,185.3 1 0
sandboxd-o/sandboxd/sandbox/reconcile.go:187.2,187.54 1 0
sandboxd-o/sandboxd/sandbox/reconcile.go:190.92,192.64 2 0
sandboxd-o/sandboxd/sandbox/reconcile.go:192.64,194.3 1 0
sandboxd-o/sandboxd/sandbox/reconcile.go:196.2,196.67 1 0
sandboxd-o/sandboxd/sandbox/reconcile.go:196.67,200.3 2 0
sandboxd-o/sandboxd/sandbox/reconcile.go:202.2,202.43 1 0
sandboxd-o/sandboxd/sandbox/reconcile.go:205.66,207.16 2 0
sandboxd-o/sandboxd/sandbox/reconcile.go:207.16,209.3 1 0
sandboxd-o/sandboxd/sandbox/reconcile.go:211.2,211.11 1 0
sandboxd-o/sandboxd/sandbox/reconcile.go:214.75,217.2 2 0
sandboxd-o/sandboxd/sandbox/reconcile.go:219.66,224.47 4 0
sandboxd-o/sandboxd/sandbox/reconcile.go:224.47,228.3 3 0
sandboxd-o/sandboxd/sandbox/reconcile.go:230.2,231.65 2 0
sandboxd-o/sandboxd/sandbox/reconcile.go:231.65,233.3 1 0
sandboxd-o/sandboxd/sandbox/reconcile.go:235.2,235.58 1 0
sandboxd-o/sandboxd/sandbox/reconcile.go:238.52,243.2 4 0
sandboxd-o/sandboxd/sandbox/resources.go:24.76,26.16 2 0
sandboxd-o/sandboxd/sandbox/resources.go:26.16,28.3 1 0
sandboxd-o/sandboxd/sandbox/resources.go:30.2,31.16 2 0
sandboxd-o/sandboxd/sandbox/resources.go:31.16,33.3 1 0
sandboxd-o/sandboxd/sandbox/resources.go:35.2,35.71 1 0
sandboxd-o/sandboxd/sandbox/resources.go:38.47,40.13 2 0
sandboxd-o/sandboxd/sandbox/resources.go:40.13,42.3 1 0
sandboxd-o/sandboxd/sandbox/resources.go:44.2,45.16 2 0
sandboxd-o/sandboxd/sandbox/resources.go:45.16,47.3 1 0
sandboxd-o/sandboxd/sandbox/resources.go:49.2,50.16 2 0
sandboxd-o/sandboxd/sandbox/resources.go:50.16,52.3 1 0
sandboxd-o/sandboxd/sandbox/resources.go:54.2,54.19 1 0
sandboxd-o/sandboxd/sandbox/resources.go:57.50,59.13 2 0
sandboxd-o/sandboxd/sandbox/resources.go:59.13,61.3 1 0
sandboxd-o/sandboxd/sandbox/resources.go:63.2,64.16 2 0
sandboxd-o/sandboxd/sandbox/resources.go:64.16,66.3 1 0
sandboxd-o/sandboxd/sandbox/resources.go:68.2,69.16 2 0
sandboxd-o/sandboxd/sandbox/resources.go:69.16,71.3 1 0
sandboxd-o/sandboxd/sandbox/resources.go:73.2,73.19 1 0
sandboxd-o/sandboxd/sandbox/resources.go:76.68,86.2 3 0
sandboxd-o/sandboxd/sandbox/resources.go:88.74,91.35 3 0
sandboxd-o/sandboxd/sandbox/resources.go:91.35,93.17 2 0
sandboxd-o/sandboxd/sandbox/resources.go:93.17,95.4 1 0
sandboxd-o/sandboxd/sandbox/resources.go:97.3,98.30 2 0
sandboxd-o/sandboxd/sandbox/resources.go:101.2,102.16 2 0
sandboxd-o/sandboxd/sandbox/resources.go:102.16,104.3 1 0
sandboxd-o/sandboxd/sandbox/resources.go:106.2,108.16 3 0
sandboxd-o/sandboxd/sandbox/resources.go:108.16,110.3 1 0
sandboxd-o/sandboxd/sandbox/resources.go:112.2,115.33 3 0
sandboxd-o/sandboxd/sandbox/resources.go:115.33,117.3 1 0
sandboxd-o/sandboxd/sandbox/resources.go:119.2,119.33 1 0
sandboxd-o/sandboxd/sandbox/resources.go:119.33,121.3 1 0
sandboxd-o/sandboxd/sandbox/resources.go:123.2,123.12 1 0
sandboxd-o/sandboxd/sandbox/resources.go:126.97,131.16 4 0
sandboxd-o/sandboxd/sandbox/resources.go:131.16,133.3 1 0
sandboxd-o/sandboxd/sandbox/resources.go:135.2,136.16 2 0
sandboxd-o/sandboxd/sandbox/resources.go:136.16,138.3 1 0
sandboxd-o/sandboxd/sandbox/resources.go:140.2,158.8 5 0
sandboxd-o/sandboxd/sandbox/resources.go:161.91,163.16 2 0
sandboxd-o/sandboxd/sandbox/resources.go:163.16,165.3 1 0
sandboxd-o/sandboxd/sandbox/resources.go:167.2,169.26 3 0
sandboxd-o/sandboxd/sandbox/resources.go:169.26,170.103 1 0
sandboxd-o/sandboxd/sandbox/resources.go:170.103,171.12 1 0
sandboxd-o/sandboxd/sandbox/resources.go:174.3,174.36 1 0
sandboxd-o/sandboxd/sandbox/resources.go:174.36,176.18 2 0
sandboxd-o/sandboxd/sandbox/resources.go:176.18,177.13 1 0
sandboxd-o/sandboxd/sandbox/resources.go:180.4,181.29 2 0
sandboxd-o/sandboxd/sandbox/resources.go:185.2,185.32 1 0
sandboxd-o/sandboxd/sandbox/resources.go:188.44,190.16 2 0
sandboxd-o/sandboxd/sandbox/resources.go:190.16,192.3 1 0
sandboxd-o/sandboxd/sandbox/resources.go:193.2,196.16 3 0
sandboxd-o/sandboxd/sandbox/resources.go:196.16,198.44 2 0
sandboxd-o/sandboxd/sandbox/resources.go:198.44,199.12 1 0
sandboxd-o/sandboxd/sandbox/resources.go:202.3,203.21 2 0
sandboxd-o/sandboxd/sandbox/resources.go:203.21,204.9 1 0
sandboxd-o/sandboxd/sandbox/resources.go:207.3,208.17 2 0
sandboxd-o/sandboxd/sandbox/resources.go:208.17,210.4 1 0
sandboxd-o/sandboxd/sandbox/resources.go:212.3,212.23 1 0
sandboxd-o/sandboxd/sandbox/resources.go:215.2,215.33 1 0
sandboxd-o/sandboxd/sandbox/resources.go:215.33,217.3 1 0
sandboxd-o/sandboxd/sandbox/resources.go:219.2,219.44 1 0
sandboxd-o/sandboxd/sandbox/resources.go:222.64,224.16 2 0
sandboxd-o/sandboxd/sandbox/resources.go:224.16,226.3 1 0
sandboxd-o/sandboxd/sandbox/resources.go:228.2,229.16 2 0
sandboxd-o/sandboxd/sandbox/resources.go:229.16,231.3 1 0
sandboxd-o/sandboxd/sandbox/resources.go:233.2,234.19 2 0
sandboxd-o/sandboxd/sandbox/resources.go:234.19,236.3 1 0
sandboxd-o/sandboxd/sandbox/resources.go:238.2,239.17 2 0
sandboxd-o/sandboxd/sandbox/resources.go:239.17,241.3 1 0
sandboxd-o/sandboxd/sandbox/resources.go:243.2,244.16 2 0
sandboxd-o/sandboxd/sandbox/resources.go:244.16,246.3 1 0
sandboxd-o/sandboxd/sandbox/resources.go:247.2,249.26 2 0
sandboxd-o/sandboxd/sandbox/resources.go:249.26,250.101 1 0
sandboxd-o/sandboxd/sandbox/resources.go:250.101,251.12 1 0
sandboxd-o/sandboxd/sandbox/resources.go:254.3,254.11 1 0
sandboxd-o/sandboxd/sandbox/resources.go:257.2,257.30 1 0
sandboxd-o/sandboxd/sandbox/resources.go:257.30,259.3 1 0
sandboxd-o/sandboxd/sandbox/resources.go:261.2,261.12 1 0
sandboxd-o/sandboxd/sandbox/runtime.go:20.134,21.61 1 0
sandboxd-o/sandboxd/sandbox/runtime.go:21.61,23.3 1 0
sandboxd-o/sandboxd/sandbox/runtime.go:25.2,47.16 4 0
sandboxd-o/sandboxd/sandbox/runtime.go:47.16,49.3 1 0
sandboxd-o/sandboxd/sandbox/runtime.go:51.2,52.16 2 0
sandboxd-o/sandboxd/sandbox/runtime.go:52.16,54.3 1 0
sandboxd-o/sandboxd/sandbox/runtime.go:56.2,56.53 1 0
sandboxd-o/sandboxd/sandbox/runtime.go:59.226,61.27 2 0
sandboxd-o/sandboxd/sandbox/runtime.go:61.27,63.22 2 0
sandboxd-o/sandboxd/sandbox/runtime.go:63.22,64.12 1 0
sandboxd-o/sandboxd/sandbox/runtime.go:67.3,67.76 1 0
sandboxd-o/sandboxd/sandbox/runtime.go:70.2,111.21 2 0
sandboxd-o/sandboxd/sandbox/runtime.go:111.21,113.3 1 0
sandboxd-o/sandboxd/sandbox/runtime.go:115.2,116.16 2 0
sandboxd-o/sandboxd/sandbox/runtime.go:116.16,118.3 1 0
sandboxd-o/sandboxd/sandbox/runtime.go:120.2,120.63 1 0
sandboxd-o/sandboxd/sandbox/runtime.go:120.63,122.3 1 0
sandboxd-o/sandboxd/sandbox/runtime.go:124.2,125.16 2 0
sandboxd-o/sandboxd/sandbox/runtime.go:125.16,127.3 1 0
sandboxd-o/sandboxd/sandbox/runtime.go:129.2,140.8 1 0
sandboxd-o/sandboxd/sandbox/runtime.go:143.78,145.2 1 0
sandboxd-o/sandboxd/sandbox/runtime.go:147.76,149.16 2 0
sandboxd-o/sandboxd/sandbox/runtime.go:149.16,151.3 1 0
sandboxd-o/sandboxd/sandbox/runtime.go:153.2,154.27 2 0
sandboxd-o/sandboxd/sandbox/runtime.go:154.27,155.23 1 0
sandboxd-o/sandboxd/sandbox/runtime.go:155.23,156.12 1 0
sandboxd-o/sandboxd/sandbox/runtime.go:158.3,158.32 1 0
sandboxd-o/sandboxd/sandbox/runtime.go:161.2,161.17 1 0
sandboxd-o/sandboxd/sandbox/runtime.go:164.97,166.16 2 0
sandboxd-o/sandboxd/sandbox/runtime.go:166.16,168.3 1 0
sandboxd-o/sandboxd/sandbox/runtime.go:170.2,170.27 1 0
sandboxd-o/sandboxd/sandbox/runtime.go:170.27,171.23 1 0
sandboxd-o/sandboxd/sandbox/runtime.go:171.23,172.12 1 0
sandboxd-o/sandboxd/sandbox/runtime.go:175.3,176.40 2 0
sandboxd-o/sandboxd/sandbox/runtime.go:176.40,178.4 1 0
sandboxd-o/sandboxd/sandbox/runtime.go:180.3,181.73 2 0
sandboxd-o/sandboxd/sandbox/runtime.go:181.73,183.4 1 0
sandboxd-o/sandboxd/sandbox/runtime.go:186.2,186.18 1 0
sandboxd-o/sandboxd/sandbox/runtime.go:189.89,193.2 3 0
sandboxd-o/sandboxd/sandbox/runtime.go:195.96,197.23 2 0
sandboxd-o/sandboxd/sandbox/runtime.go:197.23,199.3 1 0
sandboxd-o/sandboxd/sandbox/runtime.go:201.2,206.12 5 0
sandboxd-o/sandboxd/sandbox/runtime.go:209.59,210.21 1 0
sandboxd-o/sandboxd/sandbox/runtime.go:210.21,212.3 1 0
sandboxd-o/sandboxd/sandbox/runtime.go:214.2,215.12 2 0
sandboxd-o/sandboxd/sandbox/runtime.go:218.74,220.2 1 0
sandboxd-o/sandboxd/sandbox/runtime.go:222.71,225.2 2 0
sandboxd-o/sandboxd/sandbox/runtime.go:227.66,230.2 2 0
sandboxd-o/sandboxd/sandbox/runtime.go:232.62,234.18 2 0
sandboxd-o/sandboxd/sandbox/runtime.go:234.18,236.3 1 0
sandboxd-o/sandboxd/sandbox/runtime.go:237.2,237.52 1 0
sandboxd-o/sandboxd/sandbox/runtime.go:240.67,241.18 1 0
sandboxd-o/sandboxd/sandbox/runtime.go:241.18,243.3 1 0
sandboxd-o/sandboxd/sandbox/runtime.go:244.2,244.96 1 0
sandboxd-o/sandboxd/sandbox/runtime.go:247.87,248.55 1 0
sandboxd-o/sandboxd/sandbox/runtime.go:248.55,251.3 2 0
sandboxd-o/sandboxd/sandbox/runtime.go:253.2,253.30 1 0
sandboxd-o/sandboxd/sandbox/runtime.go:253.30,256.3 2 0
sandboxd-o/sandboxd/sandbox/runtime.go:258.2,261.23 4 0
sandboxd-o/sandboxd/sandbox/runtime.go:261.23,262.69 1 0
sandboxd-o/sandboxd/sandbox/runtime.go:262.69,265.24 3 0
sandboxd-o/sandboxd/sandbox/runtime.go:265.24,267.5 1 0
sandboxd-o/sandboxd/sandbox/runtime.go:271.2,272.39 2 0
sandboxd-o/sandboxd/sandbox/runtime.go:272.39,274.54 2 0
sandboxd-o/sandboxd/sandbox/runtime.go:274.54,278.4 3 0
sandboxd-o/sandboxd/sandbox/runtime.go:280.3,281.40 2 0
sandboxd-o/sandboxd/sandbox/runtime.go:281.40,283.44 2 0
sandboxd-o/sandboxd/sandbox/runtime.go:283.44,285.5 1 0
sandboxd-o/sandboxd/sandbox/runtime.go:288.3,288.42 1 0
sandboxd-o/sandboxd/sandbox/runtime.go:288.42,290.4 1 0
sandboxd-o/sandboxd/sandbox/runtime.go:293.2,293.9 1 0
sandboxd-o/sandboxd/sandbox/runtime.go:294.41,294.41 0 0
sandboxd-o/sandboxd/sandbox/runtime.go:295.16,297.25 2 0
sandboxd-o/sandboxd/sandbox/runtime.go:298.18,300.17 2 0
sandboxd-o/sandboxd/sandbox/runtime.go:301.10,302.35 1 0
sandboxd-o/sandboxd/sandbox/runtime.go:305.2,305.34 1 0
sandboxd-o/sandboxd/sandbox/runtime.go:308.112,310.16 2 0
sandboxd-o/sandboxd/sandbox/runtime.go:310.16,315.3 4 0
sandboxd-o/sandboxd/sandbox/runtime.go:317.2,318.23 2 0
sandboxd-o/sandboxd/sandbox/runtime.go:319.51,322.16 3 0
sandboxd-o/sandboxd/sandbox/runtime.go:323.51,326.16 3 0
sandboxd-o/sandboxd/sandbox/runtime.go:327.95,330.16 3 0
sandboxd-o/sandboxd/sandbox/runtime.go:331.10,334.46 3 0
sandboxd-o/sandboxd/sandbox/runtime.go:337.2,337.11 1 0
sandboxd-o/sandboxd/sandbox/runtime.go:340.71,342.23 2 0
sandboxd-o/sandboxd/sandbox/runtime.go:342.23,344.3 1 0
sandboxd-o/sandboxd/sandbox/runtime.go:346.2,346.12 1 0
sandboxd-o/sandboxd/sandbox/runtime.go:349.75,351.23 2 0
sandboxd-o/sandboxd/sandbox/runtime.go:351.23,353.3 1 0
sandboxd-o/sandboxd/sandbox/runtime.go:355.2,355.12 1 0
sandboxd-o/sandboxd/sandbox/runtime.go:358.42,359.34 1 0
sandboxd-o/sandboxd/sandbox/runtime.go:359.34,360.77 1 0
sandboxd-o/sandboxd/sandbox/runtime.go:360.77,362.4 1 0
sandboxd-o/sandboxd/sandbox/runtime.go:364.3,364.30 1 0
sandboxd-o/sandboxd/sandbox/runtime.go:367.2,367.37 1 0
sandboxd-o/sandboxd/sandbox/runtime.go:372.35,379.31 2 0
sandboxd-o/sandboxd/sandbox/runtime.go:379.31,381.23 2 0
sandboxd-o/sandboxd/sandbox/runtime.go:381.23,383.4 1 0
sandboxd-o/sandboxd/sandbox/runtime.go:386.2,386.12 1 0
sandboxd-o/sandboxd/sandbox/runtime.go:389.45,391.16 2 0
sandboxd-o/sandboxd/sandbox/runtime.go:391.16,393.3 1 0
sandboxd-o/sandboxd/sandbox/runtime.go:394.2,399.16 5 0
sandboxd-o/sandboxd/sandbox/runtime.go:399.16,401.18 2 0
sandboxd-o/sandboxd/sandbox/runtime.go:401.18,402.12 1 0
sandboxd-o/sandboxd/sandbox/runtime.go:405.3,407.51 2 0
sandboxd-o/sandboxd/sandbox/runtime.go:407.51,408.12 1 0
sandboxd-o/sandboxd/sandbox/runtime.go:411.3,411.28 1 0
sandboxd-o/sandboxd/sandbox/runtime.go:411.28,412.12 1 0
sandboxd-o/sandboxd/sandbox/runtime.go:414.3,415.24 2 0
sandboxd-o/sandboxd/sandbox/runtime.go:418.2,418.12 1 0
sandboxd-o/sandboxd/sandbox/service.go:49.68,53.16 3 0
sandboxd-o/sandboxd/sandbox/service.go:53.16,55.3 1 0
sandboxd-o/sandboxd/sandbox/service.go:57.2,58.16 2 0
sandboxd-o/sandboxd/sandbox/service.go:58.16,61.3 2 0
sandboxd-o/sandboxd/sandbox/service.go:63.2,63.56 1 0
sandboxd-o/sandboxd/sandbox/service.go:63.56,66.3 2 0
sandboxd-o/sandboxd/sandbox/service.go:68.2,69.16 2 0
sandboxd-o/sandboxd/sandbox/service.go:69.16,72.3 2 0
sandboxd-o/sandboxd/sandbox/service.go:74.2,74.142 1 0
sandboxd-o/sandboxd/sandbox/service.go:74.142,77.3 2 0
sandboxd-o/sandboxd/sandbox/service.go:79.2,97.54 3 0
sandboxd-o/sandboxd/sandbox/service.go:97.54,100.3 2 0
sandboxd-o/sandboxd/sandbox/service.go:102.2,102.15 1 0
sandboxd-o/sandboxd/sandbox/service.go:105.33,105.57 1 0
sandboxd-o/sandboxd/sandbox/service.go:107.51,108.18 1 0
sandboxd-o/sandboxd/sandbox/service.go:108.18,110.3 1 0
sandboxd-o/sandboxd/sandbox/service.go:112.2,112.42 1 0
sandboxd-o/sandboxd/sandbox/service.go:115.110,117.2 1 0
sandboxd-o/sandboxd/sandbox/service.go:119.115,121.16 2 0
sandboxd-o/sandboxd/sandbox/service.go:121.16,123.3 1 0
sandboxd-o/sandboxd/sandbox/service.go:125.2,125.17 1 0
sandboxd-o/sandboxd/sandbox/service.go:128.122,133.12 3 0
sandboxd-o/sandboxd/sandbox/service.go:133.12,135.3 1 0
sandboxd-o/sandboxd/sandbox/service.go:137.2,142.16 5 0
sandboxd-o/sandboxd/sandbox/service.go:142.16,144.3 1 0
sandboxd-o/sandboxd/sandbox/service.go:145.2,147.39 2 0
sandboxd-o/sandboxd/sandbox/service.go:147.39,149.3 1 0
sandboxd-o/sandboxd/sandbox/service.go:151.2,151.48 1 0
sandboxd-o/sandboxd/sandbox/service.go:151.48,153.3 1 0
sandboxd-o/sandboxd/sandbox/service.go:153.8,153.44 1 0
sandboxd-o/sandboxd/sandbox/service.go:153.44,155.3 1 0
sandboxd-o/sandboxd/sandbox/service.go:157.2,158.35 2 0
sandboxd-o/sandboxd/sandbox/service.go:158.35,161.3 2 0
sandboxd-o/sandboxd/sandbox/service.go:163.2,164.16 2 0
sandboxd-o/sandboxd/sandbox/service.go:164.16,166.3 1 0
sandboxd-o/sandboxd/sandbox/service.go:168.2,168.70 1 0
sandboxd-o/sandboxd/sandbox/service.go:168.70,171.3 2 0
sandboxd-o/sandboxd/sandbox/service.go:173.2,180.16 5 0
sandboxd-o/sandboxd/sandbox/service.go:180.16,182.3 1 0
sandboxd-o/sandboxd/sandbox/service.go:183.2,185.48 2 0
sandboxd-o/sandboxd/sandbox/service.go:185.48,187.3 1 0
sandboxd-o/sandboxd/sandbox/service.go:189.2,189.51 1 0
sandboxd-o/sandboxd/sandbox/service.go:189.51,191.3 1 0
sandboxd-o/sandboxd/sandbox/service.go:193.2,194.42 2 0
sandboxd-o/sandboxd/sandbox/service.go:194.42,196.3 1 0
sandboxd-o/sandboxd/sandbox/service.go:197.2,199.11 2 0
sandboxd-o/sandboxd/sandbox/service.go:199.11,204.3 3 0
sandboxd-o/sandboxd/sandbox/service.go:206.2,206.46 1 0
sandboxd-o/sandboxd/sandbox/service.go:209.86,216.16 6 0
sandboxd-o/sandboxd/sandbox/service.go:216.16,219.3 2 0
sandboxd-o/sandboxd/sandbox/service.go:220.2,223.16 3 0
sandboxd-o/sandboxd/sandbox/service.go:223.16,225.3 1 0
sandboxd-o/sandboxd/sandbox/service.go:227.2,227.67 1 0
sandboxd-o/sandboxd/sandbox/service.go:227.67,231.3 3 0
sandboxd-o/sandboxd/sandbox/service.go:232.2,232.47 1 0
sandboxd-o/sandboxd/sandbox/service.go:235.137,238.15 3 0
sandboxd-o/sandboxd/sandbox/service.go:238.15,239.14 1 0
sandboxd-o/sandboxd/sandbox/service.go:239.14,241.4 1 0
sandboxd-o/sandboxd/sandbox/service.go:243.3,244.22 2 0
sandboxd-o/sandboxd/sandbox/service.go:244.22,246.4 1 0
sandboxd-o/sandboxd/sandbox/service.go:248.3,251.88 4 0
sandboxd-o/sandboxd/sandbox/service.go:254.2,257.16 4 0
sandboxd-o/sandboxd/sandbox/service.go:257.16,260.3 2 0
sandboxd-o/sandboxd/sandbox/service.go:261.2,264.35 3 0
sandboxd-o/sandboxd/sandbox/service.go:264.35,267.17 3 0
sandboxd-o/sandboxd/sandbox/service.go:267.17,271.4 3 0
sandboxd-o/sandboxd/sandbox/service.go:273.3,278.21 5 0
sandboxd-o/sandboxd/sandbox/service.go:278.21,282.4 3 0
sandboxd-o/sandboxd/sandbox/service.go:284.3,287.17 4 0
sandboxd-o/sandboxd/sandbox/service.go:287.17,290.4 2 0
sandboxd-o/sandboxd/sandbox/service.go:292.3,292.30 1 0
sandboxd-o/sandboxd/sandbox/service.go:295.2,295.18 1 0
sandboxd-o/sandboxd/sandbox/service.go:295.18,297.3 1 0
sandboxd-o/sandboxd/sandbox/service.go:298.2,300.57 2 0
sandboxd-o/sandboxd/sandbox/service.go:300.57,302.3 1 0
sandboxd-o/sandboxd/sandbox/service.go:303.2,307.58 4 0
sandboxd-o/sandboxd/sandbox/service.go:307.58,309.3 1 0
sandboxd-o/sandboxd/sandbox/service.go:311.2,311.52 1 0
sandboxd-o/sandboxd/sandbox/service.go:311.52,313.3 1 0
sandboxd-o/sandboxd/sandbox/service.go:315.2,322.42 5 0
sandboxd-o/sandboxd/sandbox/service.go:322.42,324.3 1 0
sandboxd-o/sandboxd/sandbox/service.go:325.2,328.17 3 0
sandboxd-o/sandboxd/sandbox/service.go:331.65,333.20 2 0
sandboxd-o/sandboxd/sandbox/service.go:333.20,335.3 1 0
sandboxd-o/sandboxd/sandbox/service.go:337.2,338.16 2 0
sandboxd-o/sandboxd/sandbox/service.go:338.16,340.3 1 0
sandboxd-o/sandboxd/sandbox/service.go:342.2,344.64 3 0
sandboxd-o/sandboxd/sandbox/service.go:347.78,349.16 2 0
sandboxd-o/sandboxd/sandbox/service.go:349.16,351.3 1 0
sandboxd-o/sandboxd/sandbox/service.go:352.2,356.16 4 0
sandboxd-o/sandboxd/sandbox/service.go:356.16,357.37 1 0
sandboxd-o/sandboxd/sandbox/service.go:357.37,360.4 2 0
sandboxd-o/sandboxd/sandbox/service.go:362.3,362.13 1 0
sandboxd-o/sandboxd/sandbox/service.go:365.2,372.12 6 0
sandboxd-o/sandboxd/sandbox/service.go:375.78,378.16 3 0
sandboxd-o/sandboxd/sandbox/service.go:378.16,380.3 1 0
sandboxd-o/sandboxd/sandbox/service.go:382.2,383.26 2 0
sandboxd-o/sandboxd/sandbox/service.go:383.26,387.3 3 0
sandboxd-o/sandboxd/sandbox/service.go:389.2,389.17 1 0
sandboxd-o/sandboxd/sandbox/service.go:392.116,395.16 3 0
sandboxd-o/sandboxd/sandbox/service.go:395.16,397.3 1 0
sandboxd-o/sandboxd/sandbox/service.go:399.2,399.16 1 0
sandboxd-o/sandboxd/sandbox/service.go:399.16,401.3 1 0
sandboxd-o/sandboxd/sandbox/service.go:403.2,403.17 1 0
sandboxd-o/sandboxd/sandbox/service.go:403.17,405.3 1 0
sandboxd-o/sandboxd/sandbox/service.go:407.2,407.38 1 0
sandboxd-o/sandboxd/sandbox/service.go:407.38,407.70 1 0
sandboxd-o/sandboxd/sandbox/service.go:408.2,409.18 2 0
sandboxd-o/sandboxd/sandbox/service.go:409.18,410.22 1 0
sandboxd-o/sandboxd/sandbox/service.go:410.22,411.26 1 0
sandboxd-o/sandboxd/sandbox/service.go:411.26,413.10 2 0
sandboxd-o/sandboxd/sandbox/service.go:416.4,416.20 1 0
sandboxd-o/sandboxd/sandbox/service.go:420.2,421.57 2 0
sandboxd-o/sandboxd/sandbox/service.go:421.57,425.3 3 0
sandboxd-o/sandboxd/sandbox/service.go:427.2,428.49 2 0
sandboxd-o/sandboxd/sandbox/service.go:428.49,430.3 1 0
sandboxd-o/sandboxd/sandbox/service.go:432.2,432.30 1 0
sandboxd-o/sandboxd/sandbox/service.go:435.86,437.16 2 0
sandboxd-o/sandboxd/sandbox/service.go:437.16,439.3 1 0
sandboxd-o/sandboxd/sandbox/service.go:441.2,444.16 3 0
sandboxd-o/sandboxd/sandbox/service.go:447.99,448.25 1 0
sandboxd-o/sandboxd/sandbox/service.go:448.25,450.3 1 0
sandboxd-o/sandboxd/sandbox/service.go:452.2,457.16 3 0
sandboxd-o/sandboxd/sandbox/service.go:457.16,459.3 1 0
sandboxd-o/sandboxd/sandbox/service.go:461.2,461.25 1 0
sandboxd-o/sandboxd/sandbox/service.go:461.25,462.25 1 0
sandboxd-o/sandboxd/sandbox/service.go:462.25,463.12 1 0
sandboxd-o/sandboxd/sandbox/service.go:466.3,466.30 1 0
sandboxd-o/sandboxd/sandbox/service.go:466.30,472.4 2 0
sandboxd-o/sandboxd/sandbox/service.go:475.2,475.30 1 0
sandboxd-o/sandboxd/sandbox/service.go:475.30,477.56 2 0
sandboxd-o/sandboxd/sandbox/service.go:477.56,479.4 1 0
sandboxd-o/sandboxd/sandbox/service.go:481.3,481.84 1 0
sandboxd-o/sandboxd/sandbox/service.go:481.84,483.4 1 0
sandboxd-o/sandboxd/sandbox/service.go:485.3,485.64 1 0
sandboxd-o/sandboxd/sandbox/service.go:485.64,487.4 1 0
sandboxd-o/sandboxd/sandbox/service.go:490.2,490.12 1 0
sandboxd-o/sandboxd/sandbox/service.go:493.97,496.30 3 0
sandboxd-o/sandboxd/sandbox/service.go:496.30,500.3 3 0
sandboxd-o/sandboxd/sandbox/service.go:501.2,503.16 2 0
sandboxd-o/sandboxd/sandbox/service.go:503.16,505.26 2 0
sandboxd-o/sandboxd/sandbox/service.go:505.26,506.39 1 0
sandboxd-o/sandboxd/sandbox/service.go:506.39,508.5 1 0
sandboxd-o/sandboxd/sandbox/service.go:511.3,511.20 1 0
sandboxd-o/sandboxd/sandbox/service.go:515.58,517.36 2 0
sandboxd-o/sandboxd/sandbox/service.go:517.36,518.21 1 0
sandboxd-o/sandboxd/sandbox/service.go:518.21,520.4 1 0
sandboxd-o/sandboxd/sandbox/service.go:523.2,523.19 1 0
sandboxd-o/sandboxd/sandbox/service.go:526.76,532.2 4 0
sandboxd-o/sandboxd/sandbox/service.go:534.45,536.2 1 0
sandboxd-o/sandboxd/sandbox/service.go:538.56,540.20 2 0
sandboxd-o/sandboxd/sandbox/service.go:540.20,542.17 2 0
sandboxd-o/sandboxd/sandbox/service.go:542.17,544.4 1 0
sandboxd-o/sandboxd/sandbox/service.go:545.3,547.13 2 0
sandboxd-o/sandboxd/sandbox/service.go:550.2,551.16 2 0
sandboxd-o/sandboxd/sandbox/service.go:551.16,553.3 1 0
sandboxd-o/sandboxd/sandbox/service.go:555.2,556.12 2 0
sandboxd-o/sandboxd/sandbox/service.go:559.83,561.34 2 0
sandboxd-o/sandboxd/sandbox/service.go:561.34,562.10 1 0
sandboxd-o/sandboxd/sandbox/service.go:563.21,564.77 1 0
sandboxd-o/sandboxd/sandbox/service.go:565.11,565.11 0 0
sandboxd-o/sandboxd/sandbox/service.go:568.3,568.69 1 0
sandboxd-o/sandboxd/sandbox/service.go:568.69,570.12 2 0
sandboxd-o/sandboxd/sandbox/service.go:573.3,574.36 2 0
sandboxd-o/sandboxd/sandbox/service.go:574.36,576.77 2 0
sandboxd-o/sandboxd/sandbox/service.go:576.77,578.10 2 0
sandboxd-o/sandboxd/sandbox/service.go:582.3,582.17 1 0
sandboxd-o/sandboxd/sandbox/service.go:582.17,584.4 1 0
sandboxd-o/sandboxd/sandbox/service.go:586.3,586.37 1 0
sandboxd-o/sandboxd/sandbox/service.go:589.2,589.77 1 0
sandboxd-o/sandboxd/sandbox/service.go:592.42,594.13 2 0
sandboxd-o/sandboxd/sandbox/service.go:594.13,596.3 1 0
sandboxd-o/sandboxd/sandbox/service.go:598.2,598.10 1 0
sandboxd-o/sandboxd/sandbox/service.go:601.67,604.34 3 0
sandboxd-o/sandboxd/sandbox/service.go:604.34,606.31 2 0
sandboxd-o/sandboxd/sandbox/service.go:606.31,607.43 1 0
sandboxd-o/sandboxd/sandbox/service.go:607.43,608.13 1 0
sandboxd-o/sandboxd/sandbox/service.go:611.4,613.18 3 0
sandboxd-o/sandboxd/sandbox/service.go:613.18,615.10 2 0
sandboxd-o/sandboxd/sandbox/service.go:618.4,618.20 1 0
sandboxd-o/sandboxd/sandbox/service.go:621.3,621.15 1 0
sandboxd-o/sandboxd/sandbox/service.go:621.15,623.24 2 0
sandboxd-o/sandboxd/sandbox/service.go:623.24,625.5 1 0
sandboxd-o/sandboxd/sandbox/service.go:626.9,628.4 1 0
sandboxd-o/sandboxd/sandbox/service.go:630.3,630.37 1 0
sandboxd-o/sandboxd/sandbox/service.go:633.2,633.76 1 0
sandboxd-o/sandboxd/sandbox/service.go:636.62,637.21 1 0
sandboxd-o/sandboxd/sandbox/service.go:637.21,639.3 1 0
sandboxd-o/sandboxd/sandbox/service.go:641.2,641.77 1 0
sandboxd-o/sandboxd/sandbox/service.go:641.77,643.3 1 0
sandboxd-o/sandboxd/sandbox/service.go:645.2,646.59 2 0
sandboxd-o/sandboxd/sandbox/service.go:646.59,647.28 1 0
sandboxd-o/sandboxd/sandbox/service.go:647.28,649.46 2 0
sandboxd-o/sandboxd/sandbox/service.go:649.46,651.5 1 0
sandboxd-o/sandboxd/sandbox/service.go:655.2,655.14 1 0
sandboxd-o/sandboxd/sandbox/service.go:658.52,659.15 1 0
sandboxd-o/sandboxd/sandbox/service.go:659.15,661.3 1 0
sandboxd-o/sandboxd/sandbox/service.go:663.2,666.34 4 0
sandboxd-o/sandboxd/sandbox/service.go:666.34,671.3 4 0
sandboxd-o/sandboxd/sandbox/service.go:673.2,673.13 1 0
sandboxd-o/sandboxd/sandbox/state.go:22.64,24.18 2 0
sandboxd-o/sandboxd/sandbox/state.go:24.18,26.3 1 0
sandboxd-o/sandboxd/sandbox/state.go:26.8,26.39 1 0
sandboxd-o/sandboxd/sandbox/state.go:26.39,28.3 1 0
sandboxd-o/sandboxd/sandbox/state.go:30.2,30.34 1 0
sandboxd-o/sandboxd/sandbox/state.go:33.82,49.35 4 0
sandboxd-o/sandboxd/sandbox/state.go:49.35,60.3 1 0
sandboxd-o/sandboxd/sandbox/state.go:62.2,62.12 1 0
sandboxd-o/orchestrator/service/bootstrap.go:8.61,10.42 2 1
sandboxd-o/orchestrator/service/bootstrap.go:10.42,11.65 1 2
sandboxd-o/orchestrator/service/bootstrap.go:11.65,18.12 2 1
sandboxd-o/orchestrator/service/bootstrap.go:21.3,22.23 2 1
sandboxd-o/orchestrator/service/bootstrap.go:22.23,28.4 1 0
sandboxd-o/orchestrator/service/bootstrap.go:30.3,30.80 1 1
sandboxd-o/orchestrator/service/bootstrap.go:30.80,32.4 1 0
sandboxd-o/orchestrator/service/bootstrap.go:35.2,35.12 1 1
sandboxd-o/orchestrator/service/loops.go:12.59,13.12 1 1
sandboxd-o/orchestrator/service/loops.go:13.12,16.7 3 1
sandboxd-o/orchestrator/service/loops.go:16.7,17.11 1 3
sandboxd-o/orchestrator/service/loops.go:18.22,19.11 1 1
sandboxd-o/orchestrator/service/loops.go:20.15,21.28 1 2
sandboxd-o/orchestrator/service/loops.go:27.62,28.12 1 1
sandboxd-o/orchestrator/service/loops.go:28.12,31.7 3 1
sandboxd-o/orchestrator/service/loops.go:31.7,32.11 1 4
sandboxd-o/orchestrator/service/loops.go:33.22,34.11 1 1
sandboxd-o/orchestrator/service/loops.go:35.15,36.31 1 3
sandboxd-o/orchestrator/service/loops.go:42.57,44.16 2 4
sandboxd-o/orchestrator/service/loops.go:44.16,47.3 2 1
sandboxd-o/orchestrator/service/loops.go:49.2,49.40 1 3
sandboxd-o/orchestrator/service/loops.go:52.60,54.16 2 5
sandboxd-o/orchestrator/service/loops.go:54.16,57.3 2 1
sandboxd-o/orchestrator/service/loops.go:59.2,59.48 1 4
sandboxd-o/orchestrator/service/loops.go:62.110,63.49 1 8
sandboxd-o/orchestrator/service/loops.go:63.49,64.27 1 0
sandboxd-o/orchestrator/service/loops.go:64.27,66.4 1 0
sandboxd-o/orchestrator/service/loops.go:67.3,67.9 1 0
sandboxd-o/orchestrator/service/loops.go:70.2,74.26 4 8
sandboxd-o/orchestrator/service/loops.go:74.26,77.28 3 16
sandboxd-o/orchestrator/service/loops.go:77.28,79.17 2 16
sandboxd-o/orchestrator/service/loops.go:79.17,79.26 1 16
sandboxd-o/orchestrator/service/loops.go:80.4,80.17 1 16
sandboxd-o/orchestrator/service/loops.go:84.2,84.11 1 8
sandboxd-o/orchestrator/service/node_ops.go:12.120,13.70 1 2
sandboxd-o/orchestrator/service/node_ops.go:13.70,15.3 1 0
sandboxd-o/orchestrator/service/node_ops.go:17.2,17.18 1 2
sandboxd-o/orchestrator/service/node_ops.go:17.18,19.3 1 0
sandboxd-o/orchestrator/service/node_ops.go:21.2,21.83 1 2
sandboxd-o/orchestrator/service/node_ops.go:21.83,23.3 1 0
sandboxd-o/orchestrator/service/node_ops.go:25.2,26.16 2 2
sandboxd-o/orchestrator/service/node_ops.go:26.16,28.3 1 0
sandboxd-o/orchestrator/service/node_ops.go:30.2,32.38 3 2
sandboxd-o/orchestrator/service/node_ops.go:35.70,36.35 1 3
sandboxd-o/orchestrator/service/node_ops.go:36.35,38.3 1 1
sandboxd-o/orchestrator/service/node_ops.go:40.2,40.53 1 2
sandboxd-o/orchestrator/service/node_ops.go:40.53,42.3 1 0
sandboxd-o/orchestrator/service/node_ops.go:44.2,45.12 2 2
sandboxd-o/orchestrator/service/node_ops.go:48.72,50.2 1 2
sandboxd-o/orchestrator/service/node_ops.go:52.82,54.2 1 1
sandboxd-o/orchestrator/service/node_ops.go:56.111,58.16 2 1
sandboxd-o/orchestrator/service/node_ops.go:58.16,60.3 1 0
sandboxd-o/orchestrator/service/node_ops.go:62.2,63.18 2 1
sandboxd-o/orchestrator/service/probe.go:12.64,22.16 8 12
sandboxd-o/orchestrator/service/probe.go:22.16,24.55 2 8
sandboxd-o/orchestrator/service/probe.go:24.55,26.4 1 4
sandboxd-o/orchestrator/service/probe.go:28.3,30.94 3 8
sandboxd-o/orchestrator/service/probe.go:30.94,32.4 1 3
sandboxd-o/orchestrator/service/probe.go:33.8,37.59 4 4
sandboxd-o/orchestrator/service/probe.go:37.59,39.4 1 1
sandboxd-o/orchestrator/service/probe.go:42.2,42.22 1 12
sandboxd-o/orchestrator/service/probe.go:42.22,44.3 1 1
sandboxd-o/orchestrator/service/probe.go:46.2,46.148 1 12
sandboxd-o/orchestrator/service/probe.go:46.148,48.3 1 0
sandboxd-o/orchestrator/service/probe.go:51.72,57.16 5 12
sandboxd-o/orchestrator/service/probe.go:57.16,60.3 2 4
sandboxd-o/orchestrator/service/probe.go:62.2,65.103 4 8
sandboxd-o/orchestrator/service/probe.go:65.103,67.3 1 1
sandboxd-o/orchestrator/service/probe.go:69.2,69.69 1 7
sandboxd-o/orchestrator/service/probe.go:69.69,72.3 2 0
sandboxd-o/orchestrator/service/probe.go:74.2,74.45 1 7
sandboxd-o/orchestrator/service/service.go:17.47,19.16 2 2
sandboxd-o/orchestrator/service/service.go:19.16,21.3 1 0
sandboxd-o/orchestrator/service/service.go:23.2,23.79 1 2
sandboxd-o/orchestrator/service/service.go:26.51,26.76 1 2
sandboxd-o/orchestrator/service/service.go:27.51,27.76 1 1
sandboxd-o/orchestrator/service/service.go:28.51,28.83 1 1
sandboxd-o/orchestrator/service/validation.go:12.57,13.35 1 6
sandboxd-o/orchestrator/service/validation.go:13.35,15.3 1 1
sandboxd-o/orchestrator/service/validation.go:17.2,17.47 1 5
sandboxd-o/orchestrator/service/validation.go:17.47,19.3 1 1
sandboxd-o/orchestrator/service/validation.go:21.2,21.30 1 4
sandboxd-o/orchestrator/service/validation.go:21.30,23.3 1 0
sandboxd-o/orchestrator/service/validation.go:25.2,25.12 1 4
sandboxd-o/orchestrator/http/handlers/handler.go:20.41,22.2 1 3
sandboxd-o/orchestrator/http/handlers/handler.go:24.43,26.2 1 2
sandboxd-o/orchestrator/http/handlers/handler.go:28.48,30.47 2 2
sandboxd-o/orchestrator/http/handlers/handler.go:30.47,33.3 2 0
sandboxd-o/orchestrator/http/handlers/handler.go:35.2,36.16 2 2
sandboxd-o/orchestrator/http/handlers/handler.go:36.16,37.46 1 1
sandboxd-o/orchestrator/http/handlers/handler.go:37.46,40.4 2 1
sandboxd-o/orchestrator/http/handlers/handler.go:42.3,43.9 2 0
sandboxd-o/orchestrator/http/handlers/handler.go:46.2,46.41 1 1
sandboxd-o/orchestrator/http/handlers/handler.go:49.45,51.16 2 1
sandboxd-o/orchestrator/http/handlers/handler.go:51.16,54.3 2 0
sandboxd-o/orchestrator/http/handlers/handler.go:56.2,56.46 1 1
sandboxd-o/orchestrator/http/handlers/handler.go:59.43,61.16 2 2
sandboxd-o/orchestrator/http/handlers/handler.go:61.16,62.36 1 1
sandboxd-o/orchestrator/http/handlers/handler.go:62.36,65.4 2 1
sandboxd-o/orchestrator/http/handlers/handler.go:67.3,68.9 2 0
sandboxd-o/orchestrator/http/handlers/handler.go:71.2,71.41 1 1
sandboxd-o/orchestrator/http/handlers/handler.go:74.46,75.79 1 1
sandboxd-o/orchestrator/http/handlers/handler.go:75.79,76.46 1 0
sandboxd-o/orchestrator/http/handlers/handler.go:76.46,79.4 2 0
sandboxd-o/orchestrator/http/handlers/handler.go:81.3,82.9 2 0
sandboxd-o/orchestrator/http/handlers/handler.go:85.2,85.58 1 1
sandboxd-o/orchestrator/http/handlers/handler.go:88.49,90.16 2 1
sandboxd-o/orchestrator/http/handlers/handler.go:90.16,91.36 1 0
sandboxd-o/orchestrator/http/handlers/handler.go:91.36,94.4 2 0
sandboxd-o/orchestrator/http/handlers/handler.go:96.3,97.9 2 0
sandboxd-o/orchestrator/http/handlers/handler.go:100.2,103.18 4 1
sandboxd-o/orchestrator/http/handlers/handler.go:103.18,105.3 1 0
sandboxd-o/orchestrator/http/handlers/handler.go:107.2,108.18 2 1
sandboxd-o/orchestrator/http/handlers/handler.go:108.18,110.3 1 1
sandboxd-o/orchestrator/http/handlers/handler.go:112.2,118.4 1 1
sandboxd-o/orchestrator/http/handlers/handler.go:121.53,123.16 2 1
sandboxd-o/orchestrator/http/handlers/handler.go:123.16,126.3 2 0
sandboxd-o/orchestrator/http/handlers/handler.go:128.2,130.27 3 1
sandboxd-o/orchestrator/http/handlers/handler.go:133.50,135.16 2 1
sandboxd-o/orchestrator/http/handlers/handler.go:135.16,138.3 2 0
sandboxd-o/orchestrator/http/handlers/handler.go:140.2,141.27 2 1
sandboxd-o/orchestrator/http/handlers/handler.go:144.53,146.16 2 1
sandboxd-o/orchestrator/http/handlers/handler.go:146.16,149.3 2 0
sandboxd-o/orchestrator/http/handlers/handler.go:151.2,152.47 2 1
sandboxd-o/orchestrator/http/handlers/handler.go:152.47,155.3 2 0
sandboxd-o/orchestrator/http/handlers/handler.go:157.2,158.27 2 1
sandboxd-o/orchestrator/http/handlers/handler.go:161.53,163.16 2 1
sandboxd-o/orchestrator/http/handlers/handler.go:163.16,166.3 2 0
sandboxd-o/orchestrator/http/handlers/handler.go:168.2,169.27 2 1
sandboxd-o/orchestrator/http/handlers/handler.go:172.53,174.16 2 1
sandboxd-o/orchestrator/http/handlers/handler.go:174.16,177.3 2 0
sandboxd-o/orchestrator/http/handlers/handler.go:179.2,181.27 3 1
sandboxd-o/orchestrator/http/handlers/handler.go:184.49,186.16 2 1
sandboxd-o/orchestrator/http/handlers/handler.go:186.16,189.3 2 0
sandboxd-o/orchestrator/http/handlers/handler.go:191.2,192.27 2 1
sandboxd-o/orchestrator/http/handlers/handler.go:195.48,196.35 1 2
sandboxd-o/orchestrator/http/handlers/handler.go:196.35,199.3 2 1
sandboxd-o/orchestrator/http/handlers/handler.go:201.2,201.69 1 1
sandboxd-o/orchestrator/http/handlers/handler.go:204.66,205.16 1 8
sandboxd-o/orchestrator/http/handlers/handler.go:205.16,208.3 2 1
sandboxd-o/orchestrator/http/handlers/handler.go:210.2,210.28 1 7
sandboxd-o/orchestrator/http/handlers/handler.go:213.34,214.16 1 4
sandboxd-o/orchestrator/http/handlers/handler.go:214.16,216.3 1 3
sandboxd-o/orchestrator/http/handlers/handler.go:218.2,218.20 1 1
